#
# A fatal error has been detected by the Java Runtime Environment:
#
#  EXCEPTION_ACCESS_VIOLATION (0xc0000005) at pc=0x00007ffcd3bc22c1, pid=5872, tid=1672
#
# JRE version: OpenJDK Runtime Environment Temurin-18.0.1+10 (18.0.1+10) (build 18.0.1+10)
# Java VM: OpenJDK 64-Bit Server VM Temurin-18.0.1+10 (18.0.1+10, mixed mode, emulated-client, tiered, compressed oops, compressed class ptrs, g1 gc, windows-amd64)
# Problematic frame:
# V  [jvm.dll+0x3122c1]
#
# No core dump will be written. Minidumps are not enabled by default on client versions of Windows
#
# If you would like to submit a bug report, please visit:
#   https://github.com/adoptium/adoptium-support/issues
#

---------------  S U M M A R Y ------------

Command Line: -XX:+ShowCodeDetailsInExceptionMessages -agentlib:jdwp=transport=dt_socket,suspend=y,address=localhost:8050 -Dcom.sun.management.jmxremote -Dcom.sun.management.jmxremote.port=8049 -Dcom.sun.management.jmxremote.authenticate=false -Dcom.sun.management.jmxremote.ssl=false -Djava.rmi.server.hostname=localhost -Dspring.jmx.enabled=true -Dspring.application.admin.enabled=true -XX:TieredStopAtLevel=1 -Dspring.boot.project.name=Mantenimientos -javaagent:C:\Users\NicolasMarroquin\eclipse\jee-2022-03\eclipse\configuration\org.eclipse.osgi\422\0\.cp\lib\javaagent-shaded.jar -Dfile.encoding=UTF-8 co.edu.ucentral.mtto.MantenimientosApplication

Host: Intel(R) Core(TM) i5-9600K CPU @ 3.70GHz, 6 cores, 15G,  Windows 10 , 64 bit Build 19041 (10.0.19041.1706)
Time: Sun May 22 21:21:52 2022 Hora est. Pacífico, Sudamérica elapsed time: 2998.517357 seconds (0d 0h 49m 58s)

---------------  T H R E A D  ---------------

Current thread (0x000001f4b455cd60):  WorkerThread "GC Thread#0" [stack: 0x00000022cd900000,0x00000022cda00000] [id=1672]

Stack: [0x00000022cd900000,0x00000022cda00000],  sp=0x00000022cd9fe0c0,  free space=1016k
Native frames: (J=compiled Java code, j=interpreted, Vv=VM code, C=native code)
V  [jvm.dll+0x3122c1]
V  [jvm.dll+0x3121b2]
V  [jvm.dll+0x2e8db8]
V  [jvm.dll+0x2e86e1]
V  [jvm.dll+0x2e8675]
V  [jvm.dll+0x7fbe46]
V  [jvm.dll+0x7fbcd9]
V  [jvm.dll+0x7fc2b0]
V  [jvm.dll+0x3392dc]
V  [jvm.dll+0x339394]
V  [jvm.dll+0x315a65]
V  [jvm.dll+0x877764]
V  [jvm.dll+0x7f814a]
V  [jvm.dll+0x69bba5]
C  [ucrtbase.dll+0x21bb2]
C  [KERNEL32.DLL+0x17034]
C  [ntdll.dll+0x52651]

JavaThread 0x000001f4cba60ba0 (nid = 11516) was being processed
Java frames: (J=compiled Java code, j=interpreted, Vv=VM code)
j  java.lang.invoke.LambdaForm$DMH+0x00000008003d0c00.invokeVirtual(Ljava/lang/Object;Ljava/lang/Object;Ljava/lang/Object;Ljava/lang/Object;)Ljava/lang/Object;+14 java.base@18.0.1
j  java.lang.invoke.LambdaForm$MH+0x0000000800488400.invoke(Ljava/lang/Object;Ljava/lang/Object;Ljava/lang/Object;Ljava/lang/Object;)Ljava/lang/Object;+73 java.base@18.0.1
J 2760 c1 java.lang.reflect.Method.invoke(Ljava/lang/Object;[Ljava/lang/Object;)Ljava/lang/Object; java.base@18.0.1 (108 bytes) @ 0x000001f4b8257484 [0x000001f4b8256b20+0x0000000000000964]
j  org.springframework.web.method.support.InvocableHandlerMethod.doInvoke([Ljava/lang/Object;)Ljava/lang/Object;+28
j  org.springframework.web.method.support.InvocableHandlerMethod.invokeForRequest(Lorg/springframework/web/context/request/NativeWebRequest;Lorg/springframework/web/method/support/ModelAndViewContainer;[Ljava/lang/Object;)Ljava/lang/Object;+54
j  org.springframework.web.servlet.mvc.method.annotation.ServletInvocableHandlerMethod.invokeAndHandle(Lorg/springframework/web/context/request/ServletWebRequest;Lorg/springframework/web/method/support/ModelAndViewContainer;[Ljava/lang/Object;)V+4
j  org.springframework.web.servlet.mvc.method.annotation.RequestMappingHandlerAdapter.invokeHandlerMethod(Ljavax/servlet/http/HttpServletRequest;Ljavax/servlet/http/HttpServletResponse;Lorg/springframework/web/method/HandlerMethod;)Lorg/springframework/web/servlet/ModelAndView;+244
j  org.springframework.web.servlet.mvc.method.annotation.RequestMappingHandlerAdapter.handleInternal(Ljavax/servlet/http/HttpServletRequest;Ljavax/servlet/http/HttpServletResponse;Lorg/springframework/web/method/HandlerMethod;)Lorg/springframework/web/servlet/ModelAndView;+81
j  org.springframework.web.servlet.mvc.method.AbstractHandlerMethodAdapter.handle(Ljavax/servlet/http/HttpServletRequest;Ljavax/servlet/http/HttpServletResponse;Ljava/lang/Object;)Lorg/springframework/web/servlet/ModelAndView;+7
j  org.springframework.web.servlet.DispatcherServlet.doDispatch(Ljavax/servlet/http/HttpServletRequest;Ljavax/servlet/http/HttpServletResponse;)V+259
j  org.springframework.web.servlet.DispatcherServlet.doService(Ljavax/servlet/http/HttpServletRequest;Ljavax/servlet/http/HttpServletResponse;)V+241
j  org.springframework.web.servlet.FrameworkServlet.processRequest(Ljavax/servlet/http/HttpServletRequest;Ljavax/servlet/http/HttpServletResponse;)V+71
j  org.springframework.web.servlet.FrameworkServlet.doPost(Ljavax/servlet/http/HttpServletRequest;Ljavax/servlet/http/HttpServletResponse;)V+3
j  javax.servlet.http.HttpServlet.service(Ljavax/servlet/http/HttpServletRequest;Ljavax/servlet/http/HttpServletResponse;)V+149
j  org.springframework.web.servlet.FrameworkServlet.service(Ljavax/servlet/http/HttpServletRequest;Ljavax/servlet/http/HttpServletResponse;)V+33
j  javax.servlet.http.HttpServlet.service(Ljavax/servlet/ServletRequest;Ljavax/servlet/ServletResponse;)V+36
J 11336 c1 org.apache.catalina.core.ApplicationFilterChain.internalDoFilter(Ljavax/servlet/ServletRequest;Ljavax/servlet/ServletResponse;)V (388 bytes) @ 0x000001f4b911031c [0x000001f4b91100a0+0x000000000000027c]
J 11335 c1 org.apache.catalina.core.ApplicationFilterChain.doFilter(Ljavax/servlet/ServletRequest;Ljavax/servlet/ServletResponse;)V (103 bytes) @ 0x000001f4b910f874 [0x000001f4b910f820+0x0000000000000054]
j  org.apache.tomcat.websocket.server.WsFilter.doFilter(Ljavax/servlet/ServletRequest;Ljavax/servlet/ServletResponse;Ljavax/servlet/FilterChain;)V+21
J 11336 c1 org.apache.catalina.core.ApplicationFilterChain.internalDoFilter(Ljavax/servlet/ServletRequest;Ljavax/servlet/ServletResponse;)V (388 bytes) @ 0x000001f4b911054c [0x000001f4b91100a0+0x00000000000004ac]
J 11335 c1 org.apache.catalina.core.ApplicationFilterChain.doFilter(Ljavax/servlet/ServletRequest;Ljavax/servlet/ServletResponse;)V (103 bytes) @ 0x000001f4b910f874 [0x000001f4b910f820+0x0000000000000054]
J 8756 c1 org.springframework.security.web.FilterChainProxy$VirtualFilterChain.doFilter(Ljavax/servlet/ServletRequest;Ljavax/servlet/ServletResponse;)V (142 bytes) @ 0x000001f4b8c9ab4c [0x000001f4b8c9a520+0x000000000000062c]
j  org.springframework.security.web.access.intercept.FilterSecurityInterceptor.invoke(Lorg/springframework/security/web/FilterInvocation;)V+79
j  org.springframework.security.web.access.intercept.FilterSecurityInterceptor.doFilter(Ljavax/servlet/ServletRequest;Ljavax/servlet/ServletResponse;Ljavax/servlet/FilterChain;)V+11
J 8756 c1 org.springframework.security.web.FilterChainProxy$VirtualFilterChain.doFilter(Ljavax/servlet/ServletRequest;Ljavax/servlet/ServletResponse;)V (142 bytes) @ 0x000001f4b8c9aab4 [0x000001f4b8c9a520+0x0000000000000594]
j  org.springframework.security.web.access.ExceptionTranslationFilter.doFilter(Ljavax/servlet/http/HttpServletRequest;Ljavax/servlet/http/HttpServletResponse;Ljavax/servlet/FilterChain;)V+3
j  org.springframework.security.web.access.ExceptionTranslationFilter.doFilter(Ljavax/servlet/ServletRequest;Ljavax/servlet/ServletResponse;Ljavax/servlet/FilterChain;)V+10
J 8756 c1 org.springframework.security.web.FilterChainProxy$VirtualFilterChain.doFilter(Ljavax/servlet/ServletRequest;Ljavax/servlet/ServletResponse;)V (142 bytes) @ 0x000001f4b8c9aab4 [0x000001f4b8c9a520+0x0000000000000594]
j  org.springframework.security.web.session.SessionManagementFilter.doFilter(Ljavax/servlet/http/HttpServletRequest;Ljavax/servlet/http/HttpServletResponse;Ljavax/servlet/FilterChain;)V+210
j  org.springframework.security.web.session.SessionManagementFilter.doFilter(Ljavax/servlet/ServletRequest;Ljavax/servlet/ServletResponse;Ljavax/servlet/FilterChain;)V+10
J 8756 c1 org.springframework.security.web.FilterChainProxy$VirtualFilterChain.doFilter(Ljavax/servlet/ServletRequest;Ljavax/servlet/ServletResponse;)V (142 bytes) @ 0x000001f4b8c9aab4 [0x000001f4b8c9a520+0x0000000000000594]
j  org.springframework.security.web.authentication.AnonymousAuthenticationFilter.doFilter(Ljavax/servlet/ServletRequest;Ljavax/servlet/ServletResponse;Ljavax/servlet/FilterChain;)V+118
J 8756 c1 org.springframework.security.web.FilterChainProxy$VirtualFilterChain.doFilter(Ljavax/servlet/ServletRequest;Ljavax/servlet/ServletResponse;)V (142 bytes) @ 0x000001f4b8c9aab4 [0x000001f4b8c9a520+0x0000000000000594]
j  org.springframework.security.web.servletapi.SecurityContextHolderAwareRequestFilter.doFilter(Ljavax/servlet/ServletRequest;Ljavax/servlet/ServletResponse;Ljavax/servlet/FilterChain;)V+19
J 8756 c1 org.springframework.security.web.FilterChainProxy$VirtualFilterChain.doFilter(Ljavax/servlet/ServletRequest;Ljavax/servlet/ServletResponse;)V (142 bytes) @ 0x000001f4b8c9aab4 [0x000001f4b8c9a520+0x0000000000000594]
j  org.springframework.security.web.savedrequest.RequestCacheAwareFilter.doFilter(Ljavax/servlet/ServletRequest;Ljavax/servlet/ServletResponse;Ljavax/servlet/FilterChain;)V+32
J 8756 c1 org.springframework.security.web.FilterChainProxy$VirtualFilterChain.doFilter(Ljavax/servlet/ServletRequest;Ljavax/servlet/ServletResponse;)V (142 bytes) @ 0x000001f4b8c9aab4 [0x000001f4b8c9a520+0x0000000000000594]
j  org.springframework.security.web.authentication.ui.DefaultLogoutPageGeneratingFilter.doFilterInternal(Ljavax/servlet/http/HttpServletRequest;Ljavax/servlet/http/HttpServletResponse;Ljavax/servlet/FilterChain;)V+55
J 11106 c1 org.springframework.web.filter.OncePerRequestFilter.doFilter(Ljavax/servlet/ServletRequest;Ljavax/servlet/ServletResponse;Ljavax/servlet/FilterChain;)V (175 bytes) @ 0x000001f4b90d5484 [0x000001f4b90d5120+0x0000000000000364]
J 8756 c1 org.springframework.security.web.FilterChainProxy$VirtualFilterChain.doFilter(Ljavax/servlet/ServletRequest;Ljavax/servlet/ServletResponse;)V (142 bytes) @ 0x000001f4b8c9aab4 [0x000001f4b8c9a520+0x0000000000000594]
j  org.springframework.security.web.authentication.ui.DefaultLoginPageGeneratingFilter.doFilter(Ljavax/servlet/http/HttpServletRequest;Ljavax/servlet/http/HttpServletResponse;Ljavax/servlet/FilterChain;)V+81
j  org.springframework.security.web.authentication.ui.DefaultLoginPageGeneratingFilter.doFilter(Ljavax/servlet/ServletRequest;Ljavax/servlet/ServletResponse;Ljavax/servlet/FilterChain;)V+10
J 8756 c1 org.springframework.security.web.FilterChainProxy$VirtualFilterChain.doFilter(Ljavax/servlet/ServletRequest;Ljavax/servlet/ServletResponse;)V (142 bytes) @ 0x000001f4b8c9aab4 [0x000001f4b8c9a520+0x0000000000000594]
j  org.springframework.security.web.authentication.AbstractAuthenticationProcessingFilter.doFilter(Ljavax/servlet/http/HttpServletRequest;Ljavax/servlet/http/HttpServletResponse;Ljavax/servlet/FilterChain;)V+12
j  org.springframework.security.web.authentication.AbstractAuthenticationProcessingFilter.doFilter(Ljavax/servlet/ServletRequest;Ljavax/servlet/ServletResponse;Ljavax/servlet/FilterChain;)V+10
J 8756 c1 org.springframework.security.web.FilterChainProxy$VirtualFilterChain.doFilter(Ljavax/servlet/ServletRequest;Ljavax/servlet/ServletResponse;)V (142 bytes) @ 0x000001f4b8c9aab4 [0x000001f4b8c9a520+0x0000000000000594]
j  org.springframework.security.web.authentication.logout.LogoutFilter.doFilter(Ljavax/servlet/http/HttpServletRequest;Ljavax/servlet/http/HttpServletResponse;Ljavax/servlet/FilterChain;)V+77
j  org.springframework.security.web.authentication.logout.LogoutFilter.doFilter(Ljavax/servlet/ServletRequest;Ljavax/servlet/ServletResponse;Ljavax/servlet/FilterChain;)V+10
J 8756 c1 org.springframework.security.web.FilterChainProxy$VirtualFilterChain.doFilter(Ljavax/servlet/ServletRequest;Ljavax/servlet/ServletResponse;)V (142 bytes) @ 0x000001f4b8c9aab4 [0x000001f4b8c9a520+0x0000000000000594]
j  org.springframework.security.web.csrf.CsrfFilter.doFilterInternal(Ljavax/servlet/http/HttpServletRequest;Ljavax/servlet/http/HttpServletResponse;Ljavax/servlet/FilterChain;)V+274
J 11106 c1 org.springframework.web.filter.OncePerRequestFilter.doFilter(Ljavax/servlet/ServletRequest;Ljavax/servlet/ServletResponse;Ljavax/servlet/FilterChain;)V (175 bytes) @ 0x000001f4b90d5484 [0x000001f4b90d5120+0x0000000000000364]
J 8756 c1 org.springframework.security.web.FilterChainProxy$VirtualFilterChain.doFilter(Ljavax/servlet/ServletRequest;Ljavax/servlet/ServletResponse;)V (142 bytes) @ 0x000001f4b8c9aab4 [0x000001f4b8c9a520+0x0000000000000594]
j  org.springframework.security.web.header.HeaderWriterFilter.doHeadersAfter(Ljavax/servlet/http/HttpServletRequest;Ljavax/servlet/http/HttpServletResponse;Ljavax/servlet/FilterChain;)V+29
j  org.springframework.security.web.header.HeaderWriterFilter.doFilterInternal(Ljavax/servlet/http/HttpServletRequest;Ljavax/servlet/http/HttpServletResponse;Ljavax/servlet/FilterChain;)V+21
J 11106 c1 org.springframework.web.filter.OncePerRequestFilter.doFilter(Ljavax/servlet/ServletRequest;Ljavax/servlet/ServletResponse;Ljavax/servlet/FilterChain;)V (175 bytes) @ 0x000001f4b90d5484 [0x000001f4b90d5120+0x0000000000000364]
J 8756 c1 org.springframework.security.web.FilterChainProxy$VirtualFilterChain.doFilter(Ljavax/servlet/ServletRequest;Ljavax/servlet/ServletResponse;)V (142 bytes) @ 0x000001f4b8c9aab4 [0x000001f4b8c9a520+0x0000000000000594]
j  org.springframework.security.web.context.SecurityContextPersistenceFilter.doFilter(Ljavax/servlet/http/HttpServletRequest;Ljavax/servlet/http/HttpServletResponse;Ljavax/servlet/FilterChain;)V+181
j  org.springframework.security.web.context.SecurityContextPersistenceFilter.doFilter(Ljavax/servlet/ServletRequest;Ljavax/servlet/ServletResponse;Ljavax/servlet/FilterChain;)V+10
J 8756 c1 org.springframework.security.web.FilterChainProxy$VirtualFilterChain.doFilter(Ljavax/servlet/ServletRequest;Ljavax/servlet/ServletResponse;)V (142 bytes) @ 0x000001f4b8c9aab4 [0x000001f4b8c9a520+0x0000000000000594]
j  org.springframework.security.web.context.request.async.WebAsyncManagerIntegrationFilter.doFilterInternal(Ljavax/servlet/http/HttpServletRequest;Ljavax/servlet/http/HttpServletResponse;Ljavax/servlet/FilterChain;)V+42
J 11106 c1 org.springframework.web.filter.OncePerRequestFilter.doFilter(Ljavax/servlet/ServletRequest;Ljavax/servlet/ServletResponse;Ljavax/servlet/FilterChain;)V (175 bytes) @ 0x000001f4b90d5484 [0x000001f4b90d5120+0x0000000000000364]
J 8756 c1 org.springframework.security.web.FilterChainProxy$VirtualFilterChain.doFilter(Ljavax/servlet/ServletRequest;Ljavax/servlet/ServletResponse;)V (142 bytes) @ 0x000001f4b8c9aab4 [0x000001f4b8c9a520+0x0000000000000594]
j  org.springframework.security.web.FilterChainProxy.doFilterInternal(Ljavax/servlet/ServletRequest;Ljavax/servlet/ServletResponse;Ljavax/servlet/FilterChain;)V+148
j  org.springframework.security.web.FilterChainProxy.doFilter(Ljavax/servlet/ServletRequest;Ljavax/servlet/ServletResponse;Ljavax/servlet/FilterChain;)V+48
j  org.springframework.web.filter.DelegatingFilterProxy.invokeDelegate(Ljavax/servlet/Filter;Ljavax/servlet/ServletRequest;Ljavax/servlet/ServletResponse;Ljavax/servlet/FilterChain;)V+5
j  org.springframework.web.filter.DelegatingFilterProxy.doFilter(Ljavax/servlet/ServletRequest;Ljavax/servlet/ServletResponse;Ljavax/servlet/FilterChain;)V+85
J 11336 c1 org.apache.catalina.core.ApplicationFilterChain.internalDoFilter(Ljavax/servlet/ServletRequest;Ljavax/servlet/ServletResponse;)V (388 bytes) @ 0x000001f4b911054c [0x000001f4b91100a0+0x00000000000004ac]
J 11335 c1 org.apache.catalina.core.ApplicationFilterChain.doFilter(Ljavax/servlet/ServletRequest;Ljavax/servlet/ServletResponse;)V (103 bytes) @ 0x000001f4b910f874 [0x000001f4b910f820+0x0000000000000054]
j  org.springframework.web.filter.RequestContextFilter.doFilterInternal(Ljavax/servlet/http/HttpServletRequest;Ljavax/servlet/http/HttpServletResponse;Ljavax/servlet/FilterChain;)V+21
J 11106 c1 org.springframework.web.filter.OncePerRequestFilter.doFilter(Ljavax/servlet/ServletRequest;Ljavax/servlet/ServletResponse;Ljavax/servlet/FilterChain;)V (175 bytes) @ 0x000001f4b90d5484 [0x000001f4b90d5120+0x0000000000000364]
J 11336 c1 org.apache.catalina.core.ApplicationFilterChain.internalDoFilter(Ljavax/servlet/ServletRequest;Ljavax/servlet/ServletResponse;)V (388 bytes) @ 0x000001f4b911054c [0x000001f4b91100a0+0x00000000000004ac]
J 11335 c1 org.apache.catalina.core.ApplicationFilterChain.doFilter(Ljavax/servlet/ServletRequest;Ljavax/servlet/ServletResponse;)V (103 bytes) @ 0x000001f4b910f874 [0x000001f4b910f820+0x0000000000000054]
j  org.springframework.web.filter.FormContentFilter.doFilterInternal(Ljavax/servlet/http/HttpServletRequest;Ljavax/servlet/http/HttpServletResponse;Ljavax/servlet/FilterChain;)V+38
J 11106 c1 org.springframework.web.filter.OncePerRequestFilter.doFilter(Ljavax/servlet/ServletRequest;Ljavax/servlet/ServletResponse;Ljavax/servlet/FilterChain;)V (175 bytes) @ 0x000001f4b90d5484 [0x000001f4b90d5120+0x0000000000000364]
J 11336 c1 org.apache.catalina.core.ApplicationFilterChain.internalDoFilter(Ljavax/servlet/ServletRequest;Ljavax/servlet/ServletResponse;)V (388 bytes) @ 0x000001f4b911054c [0x000001f4b91100a0+0x00000000000004ac]
J 11335 c1 org.apache.catalina.core.ApplicationFilterChain.doFilter(Ljavax/servlet/ServletRequest;Ljavax/servlet/ServletResponse;)V (103 bytes) @ 0x000001f4b910f874 [0x000001f4b910f820+0x0000000000000054]
j  org.springframework.web.filter.CharacterEncodingFilter.doFilterInternal(Ljavax/servlet/http/HttpServletRequest;Ljavax/servlet/http/HttpServletResponse;Ljavax/servlet/FilterChain;)V+53
J 11106 c1 org.springframework.web.filter.OncePerRequestFilter.doFilter(Ljavax/servlet/ServletRequest;Ljavax/servlet/ServletResponse;Ljavax/servlet/FilterChain;)V (175 bytes) @ 0x000001f4b90d5484 [0x000001f4b90d5120+0x0000000000000364]
J 11336 c1 org.apache.catalina.core.ApplicationFilterChain.internalDoFilter(Ljavax/servlet/ServletRequest;Ljavax/servlet/ServletResponse;)V (388 bytes) @ 0x000001f4b911054c [0x000001f4b91100a0+0x00000000000004ac]
J 11335 c1 org.apache.catalina.core.ApplicationFilterChain.doFilter(Ljavax/servlet/ServletRequest;Ljavax/servlet/ServletResponse;)V (103 bytes) @ 0x000001f4b910f874 [0x000001f4b910f820+0x0000000000000054]
j  org.apache.catalina.core.StandardWrapperValve.invoke(Lorg/apache/catalina/connector/Request;Lorg/apache/catalina/connector/Response;)V+694
j  org.apache.catalina.core.StandardContextValve.invoke(Lorg/apache/catalina/connector/Request;Lorg/apache/catalina/connector/Response;)V+169
j  org.apache.catalina.authenticator.AuthenticatorBase.invoke(Lorg/apache/catalina/connector/Request;Lorg/apache/catalina/connector/Response;)V+260
j  org.apache.catalina.core.StandardHostValve.invoke(Lorg/apache/catalina/connector/Request;Lorg/apache/catalina/connector/Response;)V+128
j  org.apache.catalina.valves.ErrorReportValve.invoke(Lorg/apache/catalina/connector/Request;Lorg/apache/catalina/connector/Response;)V+6
j  org.apache.catalina.core.StandardEngineValve.invoke(Lorg/apache/catalina/connector/Request;Lorg/apache/catalina/connector/Response;)V+59
j  org.apache.catalina.connector.CoyoteAdapter.service(Lorg/apache/coyote/Request;Lorg/apache/coyote/Response;)V+203
j  org.apache.coyote.http11.Http11Processor.service(Lorg/apache/tomcat/util/net/SocketWrapperBase;)Lorg/apache/tomcat/util/net/AbstractEndpoint$Handler$SocketState;+796
j  org.apache.coyote.AbstractProcessorLight.process(Lorg/apache/tomcat/util/net/SocketWrapperBase;Lorg/apache/tomcat/util/net/SocketEvent;)Lorg/apache/tomcat/util/net/AbstractEndpoint$Handler$SocketState;+170
j  org.apache.coyote.AbstractProtocol$ConnectionHandler.process(Lorg/apache/tomcat/util/net/SocketWrapperBase;Lorg/apache/tomcat/util/net/SocketEvent;)Lorg/apache/tomcat/util/net/AbstractEndpoint$Handler$SocketState;+495
j  org.apache.tomcat.util.net.NioEndpoint$SocketProcessor.doRun()V+216
j  org.apache.tomcat.util.net.SocketProcessorBase.run()V+21
j  org.apache.tomcat.util.threads.ThreadPoolExecutor.runWorker(Lorg/apache/tomcat/util/threads/ThreadPoolExecutor$Worker;)V+92
j  org.apache.tomcat.util.threads.ThreadPoolExecutor$Worker.run()V+5
j  org.apache.tomcat.util.threads.TaskThread$WrappingRunnable.run()V+4
J 14658 c1 java.lang.Thread.run()V java.base@18.0.1 (17 bytes) @ 0x000001f4b988d774 [0x000001f4b988d720+0x0000000000000054]
v  ~StubRoutines::call_stub

siginfo: EXCEPTION_ACCESS_VIOLATION (0xc0000005), reading address 0x000001f52b713ec8


Register to memory mapping:

RIP=0x00007ffcd3bc22c1 jvm.dll
RAX=0x000001f4bc350000 points into unknown readable memory: 0x0000000000000001 | 01 00 00 00 00 00 00 00
RBX=0x000001f4b455d270 points into unknown readable memory: 0x00007ffcd4227560 | 60 75 22 d4 fc 7f 00 00
RCX=0x0000000000000062 is an unknown value
RDX=0x0000000379e1f662 is an unknown value
RSP=0x00000022cd9fe0c0 points into unknown readable memory: 0x0000000000000004 | 04 00 00 00 00 00 00 00
RBP=0x00000022cd9fe230 points into unknown readable memory: 0x000000020000000b | 0b 00 00 00 02 00 00 00
RSI=0x000001f4cd0c9510 points into unknown readable memory: 0x00000022cdefeda0 | a0 ed ef cd 22 00 00 00
RDI=0x00000022d10fb310 is pointing into the stack for thread: 0x000001f4cba60ba0
R8 =0x000001f52b713ec8 is an unknown value
R9 =0x000001f4c884c038 is pointing into metadata
R10=0x0000000000000003 is an unknown value
R11=0x00000022cd9fe2a8 points into unknown readable memory: 0x00007ffcd3b986e1 | e1 86 b9 d3 fc 7f 00 00
R12=0x000001f4cacb9f88 points into unknown readable memory: 0x4c280067fb5cffff | ff ff 5c fb 67 00 28 4c
R13=0x000001f4b4508a50 points into unknown readable memory: 0x0000000000000002 | 02 00 00 00 00 00 00 00
R14=0x0000000000000005 is an unknown value
R15=0x0000000000000005 is an unknown value


Registers:
RAX=0x000001f4bc350000, RBX=0x000001f4b455d270, RCX=0x0000000000000062, RDX=0x0000000379e1f662
RSP=0x00000022cd9fe0c0, RBP=0x00000022cd9fe230, RSI=0x000001f4cd0c9510, RDI=0x00000022d10fb310
R8 =0x000001f52b713ec8, R9 =0x000001f4c884c038, R10=0x0000000000000003, R11=0x00000022cd9fe2a8
R12=0x000001f4cacb9f88, R13=0x000001f4b4508a50, R14=0x0000000000000005, R15=0x0000000000000005
RIP=0x00007ffcd3bc22c1, EFLAGS=0x0000000000010203

Top of Stack: (sp=0x00000022cd9fe0c0)
0x00000022cd9fe0c0:   0000000000000004 00007ffcd4019ea4
0x00000022cd9fe0d0:   0000000000000000 000001f4cd0c9ac0
0x00000022cd9fe0e0:   0000000000000001 00007ffcd3f3bb59
0x00000022cd9fe0f0:   000001f4cd0c9510 00007ffcd3bc21b2
0x00000022cd9fe100:   00000022d10fb310 000001f4cd0c9ac0
0x00000022cd9fe110:   000001f4c42ecff0 0000000000000000
0x00000022cd9fe120:   0000000000000000 00007ffcd3b98db8
0x00000022cd9fe130:   00000022cd9fe3a0 00007ffcd4445f00
0x00000022cd9fe140:   00000022cd9fe3a0 000001f4cd0c9ac0
0x00000022cd9fe150:   00000022d1eff001 000001f4c884c2d0
0x00000022cd9fe160:   000001f4b455cd60 000001f40000000e
0x00000022cd9fe170:   000001f4b4501850 000001f4cacb9f88
0x00000022cd9fe180:   0000000000000063 0000000000000000
0x00000022cd9fe190:   000001f4cd0c9ac0 00007f0000000003
0x00000022cd9fe1a0:   00000022cd9fe3a0 00000000000003d8
0x00000022cd9fe1b0:   000001f4b45018c0 000001f4b4501c38 

Instructions: (pc=0x00007ffcd3bc22c1)
0x00007ffcd3bc21c1:   00 48 8b 7c 24 30 48 83 c4 20 5b c3 cc cc cc 40
0x00007ffcd3bc21d1:   57 48 83 ec 20 8b 02 48 8b f9 85 c0 74 3b 8b 0d
0x00007ffcd3bc21e1:   db b7 81 00 48 8b 7f 10 48 89 5c 24 30 8b d8 48
0x00007ffcd3bc21f1:   d3 e3 48 8b cf 48 03 1d bb b7 81 00 48 8b d3 e8
0x00007ffcd3bc2201:   5b 00 00 00 84 c0 74 0c 48 8d 4f 18 48 8b d3 e8
0x00007ffcd3bc2211:   3b 06 00 00 48 8b 5c 24 30 48 83 c4 20 5f c3 e9
0x00007ffcd3bc2221:   2b 4e 00 00 cc cc cc cc cc cc cc cc cc cc cc e9
0x00007ffcd3bc2231:   7b 51 00 00 cc cc cc cc cc cc cc cc cc cc cc 48
0x00007ffcd3bc2241:   8b 01 48 8b 80 80 05 00 00 48 8b 80 98 00 00 00
0x00007ffcd3bc2251:   c3 cc cc cc cc cc cc cc cc cc cc cc cc cc cc 48
0x00007ffcd3bc2261:   89 5c 24 08 48 89 74 24 10 57 48 83 ec 30 48 8b
0x00007ffcd3bc2271:   01 48 8b f1 4c 8b c2 48 8b fa 8b 88 10 03 00 00
0x00007ffcd3bc2281:   48 8b 80 00 03 00 00 49 d3 e8 41 80 3c 00 02 74
0x00007ffcd3bc2291:   60 48 8b 5e 10 48 8b cb 48 8b 03 ff 10 8b 4b 18
0x00007ffcd3bc22a1:   48 8b d7 48 2b 53 08 48 8b 43 20 48 c1 ea 03 48
0x00007ffcd3bc22b1:   d3 ea 48 8b ca 48 c1 e9 06 4c 8d 04 c8 0f b6 ca
0x00007ffcd3bc22c1:   49 8b 00 80 e1 3f ba 01 00 00 00 48 d3 e2 48 8b
0x00007ffcd3bc22d1:   c8 48 0b ca 48 3b c8 74 18 66 0f 1f 44 00 00 f0
0x00007ffcd3bc22e1:   49 0f b1 08 74 1d 48 8b c8 48 0b ca 48 3b c8 75
0x00007ffcd3bc22f1:   ee 32 c0 48 8b 5c 24 40 48 8b 74 24 48 48 83 c4
0x00007ffcd3bc2301:   30 5f c3 48 8b 07 0f b6 c8 80 e1 03 80 f9 01 75
0x00007ffcd3bc2311:   0f 48 b9 00 ff ff ff 7f 00 00 00 48 85 c1 74 5d
0x00007ffcd3bc2321:   48 8b 16 4c 8b c7 8b 8a 10 03 00 00 49 d3 e8 48
0x00007ffcd3bc2331:   8b 8a 00 03 00 00 41 80 3c 08 00 75 40 48 8b 9e
0x00007ffcd3bc2341:   a8 05 00 00 48 89 7c 24 20 48 89 44 24 28 48 8b
0x00007ffcd3bc2351:   53 20 48 3b 53 08 75 0a 48 8b cb e8 4f 49 f5 ff
0x00007ffcd3bc2361:   33 d2 48 8b 43 38 48 8b ca 0f 10 44 24 20 48 03
0x00007ffcd3bc2371:   c9 0f 11 04 c8 48 8d 42 01 48 89 43 20 80 3d 5c
0x00007ffcd3bc2381:   13 8b 00 00 74 46 80 3d 83 3e 89 00 00 74 15 8b
0x00007ffcd3bc2391:   47 08 8b 0d 37 b6 81 00 48 d3 e0 48 03 05 25 b6
0x00007ffcd3bc23a1:   81 00 eb 04 48 8b 47 08 48 3b 05 d8 dd 8c 00 75
0x00007ffcd3bc23b1:   1b 48 8b cf e8 b6 85 02 00 84 c0 74 0f 48 8d 8e 


Stack slot to memory mapping:
stack at sp + 0 slots: 0x0000000000000004 is an unknown value
stack at sp + 1 slots: 0x00007ffcd4019ea4 jvm.dll
stack at sp + 2 slots: 0x0 is NULL
stack at sp + 3 slots: 0x000001f4cd0c9ac0 points into unknown readable memory: 0x00007ffcd4229738 | 38 97 22 d4 fc 7f 00 00
stack at sp + 4 slots: 0x0000000000000001 is an unknown value
stack at sp + 5 slots: 0x00007ffcd3f3bb59 jvm.dll
stack at sp + 6 slots: 0x000001f4cd0c9510 points into unknown readable memory: 0x00000022cdefeda0 | a0 ed ef cd 22 00 00 00
stack at sp + 7 slots: 0x00007ffcd3bc21b2 jvm.dll


---------------  P R O C E S S  ---------------

Threads class SMR info:
_java_thread_list=0x000001f4cbd022b0, length=30, elements={
0x000001f4cac12150, 0x000001f4cac13c70, 0x000001f4cac409a0, 0x000001f4cac41250,
0x000001f4cac46840, 0x000001f4cac4a9b0, 0x000001f4cac4f1e0, 0x000001f4cac50ac0,
0x000001f4cacb4ff0, 0x000001f4cae64a80, 0x000001f4cae67920, 0x000001f4cae67e00,
0x000001f4cb7af830, 0x000001f4cb85c2f0, 0x000001f4cb8c3360, 0x000001f4cb7c4600,
0x000001f4cbfbf170, 0x000001f4cbff3ce0, 0x000001f4cccab5f0, 0x000001f4cde060c0,
0x000001f4cde00a20, 0x000001f4cba5d1e0, 0x000001f4cba61ee0, 0x000001f4cba5fd30,
0x000001f4cba5cd10, 0x000001f4cba5bea0, 0x000001f4cba5db80, 0x000001f4cba60ba0,
0x000001f4cde05720, 0x000001f4cde05250
}

Java Threads: ( => current thread )
  0x000001f4cac12150 JavaThread "Reference Handler" daemon [_thread_blocked, id=132, stack(0x00000022cdf00000,0x00000022ce000000)]
  0x000001f4cac13c70 JavaThread "Finalizer" daemon [_thread_blocked, id=13528, stack(0x00000022ce000000,0x00000022ce100000)]
  0x000001f4cac409a0 JavaThread "Signal Dispatcher" daemon [_thread_blocked, id=18372, stack(0x00000022ce100000,0x00000022ce200000)]
  0x000001f4cac41250 JavaThread "Attach Listener" daemon [_thread_blocked, id=9268, stack(0x00000022ce200000,0x00000022ce300000)]
  0x000001f4cac46840 JavaThread "Service Thread" daemon [_thread_blocked, id=19312, stack(0x00000022ce300000,0x00000022ce400000)]
  0x000001f4cac4a9b0 JavaThread "Monitor Deflation Thread" daemon [_thread_blocked, id=19448, stack(0x00000022ce400000,0x00000022ce500000)]
  0x000001f4cac4f1e0 JavaThread "C1 CompilerThread0" daemon [_thread_blocked, id=10728, stack(0x00000022ce500000,0x00000022ce600000)]
  0x000001f4cac50ac0 JavaThread "Sweeper thread" daemon [_thread_blocked, id=18584, stack(0x00000022ce600000,0x00000022ce700000)]
  0x000001f4cacb4ff0 JavaThread "Common-Cleaner" daemon [_thread_blocked, id=8468, stack(0x00000022ce700000,0x00000022ce800000)]
  0x000001f4cae64a80 JavaThread "JDWP Transport Listener: dt_socket" daemon [_thread_blocked, id=7068, stack(0x00000022cea00000,0x00000022ceb00000)]
  0x000001f4cae67920 JavaThread "JDWP Event Helper Thread" daemon [_thread_blocked, id=17716, stack(0x00000022ceb00000,0x00000022cec00000)]
  0x000001f4cae67e00 JavaThread "JDWP Command Reader" daemon [_thread_blocked, id=2124, stack(0x00000022cec00000,0x00000022ced00000)]
  0x000001f4cb7af830 JavaThread "Notification Thread" daemon [_thread_blocked, id=13164, stack(0x00000022ced00000,0x00000022cee00000)]
  0x000001f4cb85c2f0 JavaThread "RMI TCP Accept-0" daemon [_thread_in_native, id=3320, stack(0x00000022cee00000,0x00000022cef00000)]
  0x000001f4cb8c3360 JavaThread "RMI TCP Accept-8049" daemon [_thread_in_native, id=3324, stack(0x00000022cef00000,0x00000022cf000000)]
  0x000001f4cb7c4600 JavaThread "RMI TCP Accept-0" daemon [_thread_in_native, id=18400, stack(0x00000022cf700000,0x00000022cf800000)]
  0x000001f4cbfbf170 JavaThread "RMI Scheduler(0)" daemon [_thread_blocked, id=19392, stack(0x00000022cfc00000,0x00000022cfd00000)]
  0x000001f4cbff3ce0 JavaThread "JMX server connection timeout 27" daemon [_thread_blocked, id=14952, stack(0x00000022cff00000,0x00000022d0000000)]
  0x000001f4cccab5f0 JavaThread "mysql-cj-abandoned-connection-cleanup" daemon [_thread_blocked, id=7036, stack(0x00000022d0300000,0x00000022d0400000)]
  0x000001f4cde060c0 JavaThread "Live Reload Server" daemon [_thread_in_native, id=2740, stack(0x00000022d0800000,0x00000022d0900000)]
  0x000001f4cde00a20 JavaThread "DestroyJavaVM" [_thread_blocked, id=18856, stack(0x00000022cd800000,0x00000022cd900000)]
  0x000001f4cba5d1e0 JavaThread "File Watcher" daemon [_thread_blocked, id=15964, stack(0x00000022cfa00000,0x00000022cfb00000)]
  0x000001f4cba61ee0 JavaThread "File Watcher" daemon [_thread_blocked, id=2808, stack(0x00000022d0000000,0x00000022d0100000)]
  0x000001f4cba5fd30 JavaThread "File Watcher" daemon [_thread_blocked, id=4308, stack(0x00000022cfb00000,0x00000022cfc00000)]
  0x000001f4cba5cd10 JavaThread "File Watcher" daemon [_thread_blocked, id=17616, stack(0x00000022cfd00000,0x00000022cfe00000)]
  0x000001f4cba5bea0 JavaThread "File Watcher" daemon [_thread_blocked, id=14544, stack(0x00000022d0100000,0x00000022d0200000)]
  0x000001f4cba5db80 JavaThread "File Watcher" daemon [_thread_blocked, id=14004, stack(0x00000022d0400000,0x00000022d0500000)]
  0x000001f4cba60ba0 JavaThread "http-nio-9090-exec-2" daemon [_thread_blocked, id=11516, stack(0x00000022d1000000,0x00000022d1100000)]
  0x000001f4cde05720 JavaThread "RMI TCP Connection(idle)" daemon [_thread_blocked, id=3700, stack(0x00000022d0500000,0x00000022d0600000)]
  0x000001f4cde05250 JavaThread "Thread-97" [_thread_blocked, id=17996, stack(0x00000022ce800000,0x00000022ce900000)]

Other Threads:
  0x000001f4b20736d0 VMThread "VM Thread" [stack: 0x00000022cde00000,0x00000022cdf00000] [id=372]
  0x000001f4cb9271c0 WatcherThread "VM Periodic Task Thread" [stack: 0x00000022cf800000,0x00000022cf900000] [id=15248]
=>0x000001f4b455cd60 WorkerThread "GC Thread#0" [stack: 0x00000022cd900000,0x00000022cda00000] [id=1672]
  0x000001f4cb981b90 WorkerThread "GC Thread#1" [stack: 0x00000022cf000000,0x00000022cf100000] [id=18060]
  0x000001f4cb9cb7a0 WorkerThread "GC Thread#2" [stack: 0x00000022cf100000,0x00000022cf200000] [id=10784]
  0x000001f4cb9cc250 WorkerThread "GC Thread#3" [stack: 0x00000022cf200000,0x00000022cf300000] [id=8512]
  0x000001f4cb9cc4f0 WorkerThread "GC Thread#4" [stack: 0x00000022cf300000,0x00000022cf400000] [id=18184]
  0x000001f4cb9cc790 WorkerThread "GC Thread#5" [stack: 0x00000022cf400000,0x00000022cf500000] [id=7440]
  0x000001f4b456d9a0 ConcurrentGCThread "G1 Main Marker" [stack: 0x00000022cda00000,0x00000022cdb00000] [id=16660]
  0x000001f4b456e2a0 WorkerThread "G1 Conc#0" [stack: 0x00000022cdb00000,0x00000022cdc00000] [id=17156]
  0x000001f4cc02f380 WorkerThread "G1 Conc#1" [stack: 0x00000022cfe00000,0x00000022cff00000] [id=5124]
  0x000001f4c4296f70 ConcurrentGCThread "G1 Refine#0" [stack: 0x00000022cdc00000,0x00000022cdd00000] [id=18564]
  0x000001f4cae9e020 ConcurrentGCThread "G1 Refine#1" [stack: 0x00000022cf500000,0x00000022cf600000] [id=1092]
  0x000001f4cae9e2f0 ConcurrentGCThread "G1 Refine#2" [stack: 0x00000022cf600000,0x00000022cf700000] [id=11820]
  0x000001f4c4297790 ConcurrentGCThread "G1 Service" [stack: 0x00000022cdd00000,0x00000022cde00000] [id=10564]

Threads with active compile tasks:
C1 CompilerThread0  2998549 17251       1       com.zaxxer.hikari.pool.HikariPool$$Lambda$1366/0x00000008009f0810::run (16 bytes)

VM state: at safepoint (normal execution)

VM Mutex/Monitor currently owned by a thread:  ([mutex/lock_event])
[0x000001f4b44dc880] Threads_lock - owner thread: 0x000001f4b20736d0
[0x000001f4b44db3b0] Heap_lock - owner thread: 0x000001f4cde05250

Heap address: 0x0000000702000000, size: 4064 MB, Compressed Oops mode: Zero based, Oop shift amount: 3

CDS archive(s) not mapped
Compressed class space mapped at: 0x0000000800000000-0x0000000840000000, reserved size: 1073741824
Narrow klass base: 0x0000000800000000, Narrow klass shift: 0, Narrow klass range: 0x40000000

GC Precious Log:
 CardTable entry size: 512
 Card Set container configuration: InlinePtr #cards 4 size 8 Array Of Cards #cards 16 size 48 Howl #buckets 8 coarsen threshold 3686 Howl Bitmap #cards 512 size 80 coarsen threshold 460 Card regions per heap region 1 cards per card region 4096
 CPUs: 6 total, 6 available
 Memory: 16255M
 Large Page Support: Disabled
 NUMA Support: Disabled
 Compressed Oops: Enabled (Zero based)
 Heap Region Size: 2M
 Heap Min Capacity: 8M
 Heap Initial Capacity: 254M
 Heap Max Capacity: 4064M
 Pre-touch: Disabled
 Parallel Workers: 6
 Concurrent Workers: 2
 Concurrent Refinement Workers: 6
 Periodic GC: Disabled

Heap:
 garbage-first heap   total 90112K, used 51939K [0x0000000702000000, 0x0000000800000000)
  region size 2048K, 8 young (16384K), 1 survivors (2048K)
 Metaspace       used 79186K, committed 80064K, reserved 1179648K
  class space    used 10326K, committed 10816K, reserved 1048576K

Heap Regions: E=young(eden), S=young(survivor), O=old, HS=humongous(starts), HC=humongous(continues), CS=collection set, F=free, OA=open archive, CA=closed archive, TAMS=top-at-mark-start (previous, next)
|   0|0x0000000702000000, 0x0000000702200000, 0x0000000702200000|100%| O|  |TAMS 0x0000000702200000, 0x0000000702000000| Untracked 
|   1|0x0000000702200000, 0x00000007023fffd8, 0x0000000702400000| 99%| O|  |TAMS 0x00000007023fffd8, 0x0000000702200000| Untracked 
|   2|0x0000000702400000, 0x0000000702600000, 0x0000000702600000|100%| O|  |TAMS 0x0000000702600000, 0x0000000702400000| Untracked 
|   3|0x0000000702600000, 0x00000007027ff808, 0x0000000702800000| 99%| O|  |TAMS 0x00000007027ff808, 0x0000000702600000| Untracked 
|   4|0x0000000702800000, 0x00000007029fffe8, 0x0000000702a00000| 99%| O|  |TAMS 0x00000007029fffe8, 0x0000000702800000| Untracked 
|   5|0x0000000702a00000, 0x0000000702bfffd0, 0x0000000702c00000| 99%| O|  |TAMS 0x0000000702a00000, 0x0000000702a00000| Untracked 
|   6|0x0000000702c00000, 0x0000000702dffff0, 0x0000000702e00000| 99%| O|  |TAMS 0x0000000702dffff0, 0x0000000702c00000| Untracked 
|   7|0x0000000702e00000, 0x0000000702ffffd8, 0x0000000703000000| 99%| O|  |TAMS 0x0000000702ffffd8, 0x0000000702e00000| Untracked 
|   8|0x0000000703000000, 0x00000007031fffe0, 0x0000000703200000| 99%| O|  |TAMS 0x0000000703000000, 0x0000000703000000| Untracked 
|   9|0x0000000703200000, 0x00000007033fffc0, 0x0000000703400000| 99%| O|  |TAMS 0x00000007033fffc0, 0x0000000703200000| Untracked 
|  10|0x0000000703400000, 0x00000007035eb258, 0x0000000703600000| 95%| O|  |TAMS 0x0000000703400000, 0x0000000703400000| Untracked 
|  11|0x0000000703600000, 0x0000000703800000, 0x0000000703800000|100%| O|  |TAMS 0x0000000703600000, 0x0000000703600000| Untracked 
|  12|0x0000000703800000, 0x0000000703a00000, 0x0000000703a00000|100%| O|  |TAMS 0x0000000703800000, 0x0000000703800000| Untracked 
|  13|0x0000000703a00000, 0x0000000703ba6a00, 0x0000000703c00000| 82%| O|  |TAMS 0x0000000703a00000, 0x0000000703a00000| Untracked 
|  14|0x0000000703c00000, 0x0000000703c9c7a8, 0x0000000703e00000| 30%| O|  |TAMS 0x0000000703c00000, 0x0000000703c00000| Untracked 
|  15|0x0000000703e00000, 0x0000000704000000, 0x0000000704000000|100%| O|  |TAMS 0x0000000703e00000, 0x0000000703e00000| Untracked 
|  16|0x0000000704000000, 0x0000000704200000, 0x0000000704200000|100%| O|  |TAMS 0x0000000704000000, 0x0000000704000000| Untracked 
|  17|0x0000000704200000, 0x000000070434a950, 0x0000000704400000| 64%| O|  |TAMS 0x0000000704200000, 0x0000000704200000| Untracked 
|  18|0x0000000704400000, 0x0000000704600000, 0x0000000704600000|100%| O|  |TAMS 0x0000000704400000, 0x0000000704400000| Untracked 
|  19|0x0000000704600000, 0x0000000704705a00, 0x0000000704800000| 51%| O|  |TAMS 0x0000000704600000, 0x0000000704600000| Untracked 
|  20|0x0000000704800000, 0x0000000704800000, 0x0000000704a00000|  0%| F|  |TAMS 0x0000000704800000, 0x0000000704800000| Untracked 
|  21|0x0000000704a00000, 0x0000000704a00000, 0x0000000704c00000|  0%| F|  |TAMS 0x0000000704a00000, 0x0000000704a00000| Untracked 
|  22|0x0000000704c00000, 0x0000000704c00000, 0x0000000704e00000|  0%| F|  |TAMS 0x0000000704c00000, 0x0000000704c00000| Untracked 
|  23|0x0000000704e00000, 0x0000000704e00000, 0x0000000705000000|  0%| F|  |TAMS 0x0000000704e00000, 0x0000000704e00000| Untracked 
|  24|0x0000000705000000, 0x0000000705000000, 0x0000000705200000|  0%| F|  |TAMS 0x0000000705000000, 0x0000000705000000| Untracked 
|  25|0x0000000705200000, 0x0000000705200000, 0x0000000705400000|  0%| F|  |TAMS 0x0000000705200000, 0x0000000705200000| Untracked 
|  26|0x0000000705400000, 0x0000000705400000, 0x0000000705600000|  0%| F|  |TAMS 0x0000000705400000, 0x0000000705400000| Untracked 
|  27|0x0000000705600000, 0x0000000705600000, 0x0000000705800000|  0%| F|  |TAMS 0x0000000705600000, 0x0000000705600000| Untracked 
|  28|0x0000000705800000, 0x0000000705800000, 0x0000000705a00000|  0%| F|  |TAMS 0x0000000705800000, 0x0000000705800000| Untracked 
|  29|0x0000000705a00000, 0x0000000705aba8b0, 0x0000000705c00000| 36%| S|  |TAMS 0x0000000705a00000, 0x0000000705a00000| Complete 
|  30|0x0000000705c00000, 0x0000000705c00000, 0x0000000705e00000|  0%| F|  |TAMS 0x0000000705c00000, 0x0000000705c00000| Untracked 
|  31|0x0000000705e00000, 0x0000000705e00000, 0x0000000706000000|  0%| F|  |TAMS 0x0000000705e00000, 0x0000000705e00000| Untracked 
|  32|0x0000000706000000, 0x0000000706000000, 0x0000000706200000|  0%| F|  |TAMS 0x0000000706000000, 0x0000000706000000| Untracked 
|  33|0x0000000706200000, 0x0000000706200000, 0x0000000706400000|  0%| F|  |TAMS 0x0000000706200000, 0x0000000706200000| Untracked 
|  34|0x0000000706400000, 0x0000000706400000, 0x0000000706600000|  0%| F|  |TAMS 0x0000000706400000, 0x0000000706400000| Untracked 
|  35|0x0000000706600000, 0x0000000706600000, 0x0000000706800000|  0%| F|  |TAMS 0x0000000706600000, 0x0000000706600000| Untracked 
|  36|0x0000000706800000, 0x0000000706800000, 0x0000000706a00000|  0%| F|  |TAMS 0x0000000706800000, 0x0000000706800000| Untracked 
|  37|0x0000000706a00000, 0x0000000706b80520, 0x0000000706c00000| 75%| E|  |TAMS 0x0000000706a00000, 0x0000000706a00000| Complete 
|  38|0x0000000706c00000, 0x0000000706e00000, 0x0000000706e00000|100%| E|  |TAMS 0x0000000706c00000, 0x0000000706c00000| Complete 
|  39|0x0000000706e00000, 0x0000000707000000, 0x0000000707000000|100%| E|  |TAMS 0x0000000706e00000, 0x0000000706e00000| Complete 
|  40|0x0000000707000000, 0x0000000707200000, 0x0000000707200000|100%| E|  |TAMS 0x0000000707000000, 0x0000000707000000| Complete 
|  41|0x0000000707200000, 0x0000000707400000, 0x0000000707400000|100%| E|  |TAMS 0x0000000707200000, 0x0000000707200000| Complete 
|  42|0x0000000707400000, 0x0000000707600000, 0x0000000707600000|100%| E|  |TAMS 0x0000000707400000, 0x0000000707400000| Complete 
|  43|0x0000000707600000, 0x0000000707800000, 0x0000000707800000|100%| E|  |TAMS 0x0000000707600000, 0x0000000707600000| Complete 

Card table byte_map: [0x000001f4bb370000,0x000001f4bbb60000] _byte_map_base: 0x000001f4b7b60000

Marking Bits (Prev, Next): (CMBitMap*) 0x000001f4b455d2b0, (CMBitMap*) 0x000001f4b455d270
 Prev Bits: [0x000001f4c02d0000, 0x000001f4c4250000)
 Next Bits: [0x000001f4bc350000, 0x000001f4c02d0000)

Polling page: 0x000001f4b22d0000

Metaspace:

Usage:
  Non-class:     67.25 MB used.
      Class:     10.08 MB used.
       Both:     77.33 MB used.

Virtual space:
  Non-class space:      128.00 MB reserved,      67.62 MB ( 53%) committed,  2 nodes.
      Class space:        1.00 GB reserved,      10.56 MB (  1%) committed,  1 nodes.
             Both:        1.12 GB reserved,      78.19 MB (  7%) committed. 

Chunk freelists:
   Non-Class:  3.86 MB
       Class:  1.61 MB
        Both:  5.47 MB

MaxMetaspaceSize: unlimited
CompressedClassSpaceSize: 1.00 GB
Initial GC threshold: 21.00 MB
Current GC threshold: 134.06 MB
CDS: off
MetaspaceReclaimPolicy: balanced
 - commit_granule_bytes: 65536.
 - commit_granule_words: 8192.
 - virtual_space_node_default_size: 8388608.
 - enlarge_chunks_in_place: 1.
 - new_chunks_are_fully_committed: 0.
 - uncommit_free_chunks: 1.
 - use_allocation_guard: 0.


Internal statistics:

num_allocs_failed_limit: 9.
num_arena_births: 3144.
num_arena_deaths: 2168.
num_vsnodes_births: 3.
num_vsnodes_deaths: 0.
num_space_committed: 1318.
num_space_uncommitted: 46.
num_chunks_returned_to_freelist: 3867.
num_chunks_taken_from_freelist: 7568.
num_chunk_merges: 777.
num_chunk_splits: 3823.
num_chunks_enlarged: 2611.
num_inconsistent_stats: 0.

CodeCache: size=49152Kb used=33657Kb max_used=34194Kb free=15494Kb
 bounds [0x000001f4b7b80000, 0x000001f4b9cf0000, 0x000001f4bab80000]
 total_blobs=17937 nmethods=17249 adapters=612
 compilation: enabled
              stopped_count=0, restarted_count=0
 full_count=0

Compilation events (20 events):
Event: 2963.045 Thread 0x000001f4cac4f1e0 nmethod 17241 0x000001f4b9c3e510 code [0x000001f4b9c3e740, 0x000001f4b9c3ec48]
Event: 2963.045 Thread 0x000001f4cac4f1e0 17242       1       org.apache.catalina.session.ManagerBase::backgroundProcess (27 bytes)
Event: 2963.045 Thread 0x000001f4cac4f1e0 nmethod 17242 0x000001f4b9c3e190 code [0x000001f4b9c3e320, 0x000001f4b9c3e448]
Event: 2963.045 Thread 0x000001f4cac4f1e0 17243       1       org.apache.catalina.webresources.StandardRoot::backgroundProcess (12 bytes)
Event: 2963.045 Thread 0x000001f4cac4f1e0 nmethod 17243 0x000001f4b9c3de10 code [0x000001f4b9c3dfc0, 0x000001f4b9c3e0d8]
Event: 2963.045 Thread 0x000001f4cac4f1e0 17244       1       org.apache.catalina.webresources.Cache::evict (79 bytes)
Event: 2963.046 Thread 0x000001f4cac4f1e0 nmethod 17244 0x000001f4b9c3d610 code [0x000001f4b9c3d7e0, 0x000001f4b9c3db18]
Event: 2998.357 Thread 0x000001f4cac4f1e0 17245       1       java.text.MessageFormat::setLocale (6 bytes)
Event: 2998.357 Thread 0x000001f4cac4f1e0 nmethod 17245 0x000001f4b9c3d310 code [0x000001f4b9c3d4a0, 0x000001f4b9c3d5b8]
Event: 2998.510 Thread 0x000001f4cac4f1e0 17246       1       com.zaxxer.hikari.pool.HikariPool$$Lambda$1365/0x00000008009f05f0::accept (12 bytes)
Event: 2998.510 Thread 0x000001f4cac4f1e0 nmethod 17246 0x000001f4b9c3cc90 code [0x000001f4b9c3ce40, 0x000001f4b9c3d0d8]
Event: 2998.510 Thread 0x000001f4cac4f1e0 17247       1       com.zaxxer.hikari.pool.HikariPool::lambda$softEvictConnections$0 (11 bytes)
Event: 2998.510 Thread 0x000001f4cac4f1e0 nmethod 17247 0x000001f4b9c3c710 code [0x000001f4b9c3c8c0, 0x000001f4b9c3caf8]
Event: 2998.510 Thread 0x000001f4cac4f1e0 17248       1       com.zaxxer.hikari.pool.HikariPool::softEvictConnection (29 bytes)
Event: 2998.511 Thread 0x000001f4cac4f1e0 nmethod 17248 0x000001f4b9c3bd90 code [0x000001f4b9c3bf80, 0x000001f4b9c3c3c8]
Event: 2998.511 Thread 0x000001f4cac4f1e0 17249       1       com.zaxxer.hikari.pool.PoolEntry::markEvicted (6 bytes)
Event: 2998.511 Thread 0x000001f4cac4f1e0 nmethod 17249 0x000001f4b9c3ba90 code [0x000001f4b9c3bc20, 0x000001f4b9c3bcf8]
Event: 2998.511 Thread 0x000001f4cac4f1e0 17250       1       com.zaxxer.hikari.util.ConcurrentBag::reserve (10 bytes)
Event: 2998.511 Thread 0x000001f4cac4f1e0 nmethod 17250 0x000001f4b9c3b590 code [0x000001f4b9c3b740, 0x000001f4b9c3b908]
Event: 2998.511 Thread 0x000001f4cac4f1e0 17251       1       com.zaxxer.hikari.pool.HikariPool$$Lambda$1366/0x00000008009f0810::run (16 bytes)

GC Heap History (20 events):
Event: 2820.095 GC heap after
{Heap after GC invocations=131 (full 18):
 garbage-first heap   total 90112K, used 33062K [0x0000000702000000, 0x0000000800000000)
  region size 2048K, 2 young (4096K), 2 survivors (4096K)
 Metaspace       used 78785K, committed 79936K, reserved 1179648K
  class space    used 10283K, committed 10816K, reserved 1048576K
}
Event: 2820.191 GC heap before
{Heap before GC invocations=131 (full 18):
 garbage-first heap   total 90112K, used 65830K [0x0000000702000000, 0x0000000800000000)
  region size 2048K, 18 young (36864K), 2 survivors (4096K)
 Metaspace       used 78983K, committed 79936K, reserved 1179648K
  class space    used 10299K, committed 10816K, reserved 1048576K
}
Event: 2820.193 GC heap after
{Heap after GC invocations=132 (full 18):
 garbage-first heap   total 90112K, used 33951K [0x0000000702000000, 0x0000000800000000)
  region size 2048K, 2 young (4096K), 2 survivors (4096K)
 Metaspace       used 78983K, committed 79936K, reserved 1179648K
  class space    used 10299K, committed 10816K, reserved 1048576K
}
Event: 2837.298 GC heap before
{Heap before GC invocations=132 (full 18):
 garbage-first heap   total 90112K, used 66719K [0x0000000702000000, 0x0000000800000000)
  region size 2048K, 18 young (36864K), 2 survivors (4096K)
 Metaspace       used 79149K, committed 80000K, reserved 1179648K
  class space    used 10321K, committed 10816K, reserved 1048576K
}
Event: 2837.301 GC heap after
{Heap after GC invocations=133 (full 18):
 garbage-first heap   total 90112K, used 37518K [0x0000000702000000, 0x0000000800000000)
  region size 2048K, 3 young (6144K), 3 survivors (6144K)
 Metaspace       used 79149K, committed 80000K, reserved 1179648K
  class space    used 10321K, committed 10816K, reserved 1048576K
}
Event: 2884.806 GC heap before
{Heap before GC invocations=133 (full 18):
 garbage-first heap   total 90112K, used 64142K [0x0000000702000000, 0x0000000800000000)
  region size 2048K, 16 young (32768K), 3 survivors (6144K)
 Metaspace       used 79149K, committed 80000K, reserved 1179648K
  class space    used 10321K, committed 10816K, reserved 1048576K
}
Event: 2884.808 GC heap after
{Heap after GC invocations=134 (full 18):
 garbage-first heap   total 90112K, used 37983K [0x0000000702000000, 0x0000000800000000)
  region size 2048K, 1 young (2048K), 1 survivors (2048K)
 Metaspace       used 79149K, committed 80000K, reserved 1179648K
  class space    used 10321K, committed 10816K, reserved 1048576K
}
Event: 2902.166 GC heap before
{Heap before GC invocations=134 (full 18):
 garbage-first heap   total 90112K, used 48223K [0x0000000702000000, 0x0000000800000000)
  region size 2048K, 7 young (14336K), 1 survivors (2048K)
 Metaspace       used 79152K, committed 80000K, reserved 1179648K
  class space    used 10322K, committed 10816K, reserved 1048576K
}
Event: 2902.203 GC heap after
{Heap after GC invocations=135 (full 19):
 garbage-first heap   total 90112K, used 26081K [0x0000000702000000, 0x0000000800000000)
  region size 2048K, 0 young (0K), 0 survivors (0K)
 Metaspace       used 78260K, committed 80000K, reserved 1179648K
  class space    used 10210K, committed 10816K, reserved 1048576K
}
Event: 2903.028 GC heap before
{Heap before GC invocations=135 (full 19):
 garbage-first heap   total 90112K, used 67041K [0x0000000702000000, 0x0000000800000000)
  region size 2048K, 20 young (40960K), 0 survivors (0K)
 Metaspace       used 78539K, committed 80000K, reserved 1179648K
  class space    used 10258K, committed 10816K, reserved 1048576K
}
Event: 2903.031 GC heap after
{Heap after GC invocations=136 (full 19):
 garbage-first heap   total 90112K, used 29896K [0x0000000702000000, 0x0000000800000000)
  region size 2048K, 2 young (4096K), 2 survivors (4096K)
 Metaspace       used 78539K, committed 80000K, reserved 1179648K
  class space    used 10258K, committed 10816K, reserved 1048576K
}
Event: 2903.908 GC heap before
{Heap before GC invocations=136 (full 19):
 garbage-first heap   total 90112K, used 66760K [0x0000000702000000, 0x0000000800000000)
  region size 2048K, 20 young (40960K), 2 survivors (4096K)
 Metaspace       used 78799K, committed 80000K, reserved 1179648K
  class space    used 10286K, committed 10816K, reserved 1048576K
}
Event: 2903.910 GC heap after
{Heap after GC invocations=137 (full 19):
 garbage-first heap   total 90112K, used 33133K [0x0000000702000000, 0x0000000800000000)
  region size 2048K, 2 young (4096K), 2 survivors (4096K)
 Metaspace       used 78799K, committed 80000K, reserved 1179648K
  class space    used 10286K, committed 10816K, reserved 1048576K
}
Event: 2904.042 GC heap before
{Heap before GC invocations=137 (full 19):
 garbage-first heap   total 90112K, used 67949K [0x0000000702000000, 0x0000000800000000)
  region size 2048K, 19 young (38912K), 2 survivors (4096K)
 Metaspace       used 79051K, committed 80000K, reserved 1179648K
  class space    used 10306K, committed 10816K, reserved 1048576K
}
Event: 2904.044 GC heap after
{Heap after GC invocations=138 (full 19):
 garbage-first heap   total 90112K, used 34045K [0x0000000702000000, 0x0000000800000000)
  region size 2048K, 3 young (6144K), 3 survivors (6144K)
 Metaspace       used 79051K, committed 80000K, reserved 1179648K
  class space    used 10306K, committed 10816K, reserved 1048576K
}
Event: 2925.262 GC heap before
{Heap before GC invocations=138 (full 19):
 garbage-first heap   total 90112K, used 64765K [0x0000000702000000, 0x0000000800000000)
  region size 2048K, 19 young (38912K), 3 survivors (6144K)
 Metaspace       used 79150K, committed 80000K, reserved 1179648K
  class space    used 10325K, committed 10816K, reserved 1048576K
}
Event: 2925.265 GC heap after
{Heap after GC invocations=139 (full 19):
 garbage-first heap   total 90112K, used 37598K [0x0000000702000000, 0x0000000800000000)
  region size 2048K, 3 young (6144K), 3 survivors (6144K)
 Metaspace       used 79150K, committed 80000K, reserved 1179648K
  class space    used 10325K, committed 10816K, reserved 1048576K
}
Event: 2976.773 GC heap before
{Heap before GC invocations=139 (full 19):
 garbage-first heap   total 90112K, used 66270K [0x0000000702000000, 0x0000000800000000)
  region size 2048K, 17 young (34816K), 3 survivors (6144K)
 Metaspace       used 79150K, committed 80000K, reserved 1179648K
  class space    used 10325K, committed 10816K, reserved 1048576K
}
Event: 2976.775 GC heap after
{Heap after GC invocations=140 (full 19):
 garbage-first heap   total 90112K, used 38113K [0x0000000702000000, 0x0000000800000000)
  region size 2048K, 1 young (2048K), 1 survivors (2048K)
 Metaspace       used 79150K, committed 80000K, reserved 1179648K
  class space    used 10325K, committed 10816K, reserved 1048576K
}
Event: 2998.511 GC heap before
{Heap before GC invocations=140 (full 19):
 garbage-first heap   total 90112K, used 50401K [0x0000000702000000, 0x0000000800000000)
  region size 2048K, 8 young (16384K), 1 survivors (2048K)
 Metaspace       used 79186K, committed 80064K, reserved 1179648K
  class space    used 10326K, committed 10816K, reserved 1048576K
}

Deoptimization events (20 events):
Event: 2998.358 Thread 0x000001f4cba5c370 DEOPT PACKING pc=0x000001f4b8d7fcdc sp=0x00000022d07fecb0
Event: 2998.358 Thread 0x000001f4cba5c370 DEOPT UNPACKING pc=0x000001f4b7bd2b43 sp=0x00000022d07fe150 mode 1
Event: 2998.358 Thread 0x000001f4cba5c370 DEOPT PACKING pc=0x000001f4b8c44174 sp=0x00000022d07fecf0
Event: 2998.358 Thread 0x000001f4cba5b030 DEOPT PACKING pc=0x000001f4b8dd2e6c sp=0x00000022d06fee70
Event: 2998.358 Thread 0x000001f4cba5c370 DEOPT UNPACKING pc=0x000001f4b7bd2b43 sp=0x00000022d07fe1e8 mode 1
Event: 2998.358 Thread 0x000001f4cba5b030 DEOPT UNPACKING pc=0x000001f4b7bd2b43 sp=0x00000022d06fe410 mode 1
Event: 2998.358 Thread 0x000001f4cba5b030 DEOPT PACKING pc=0x000001f4b8d80364 sp=0x00000022d06fefe0
Event: 2998.358 Thread 0x000001f4cba5b030 DEOPT UNPACKING pc=0x000001f4b7bd2b43 sp=0x00000022d06fe528 mode 1
Event: 2998.358 Thread 0x000001f4cba5b030 DEOPT PACKING pc=0x000001f4b8d7fcdc sp=0x00000022d06ff100
Event: 2998.358 Thread 0x000001f4cba5b030 DEOPT UNPACKING pc=0x000001f4b7bd2b43 sp=0x00000022d06fe5a0 mode 1
Event: 2998.358 Thread 0x000001f4cba5b030 DEOPT PACKING pc=0x000001f4b8c44174 sp=0x00000022d06ff140
Event: 2998.358 Thread 0x000001f4cba5b030 DEOPT UNPACKING pc=0x000001f4b7bd2b43 sp=0x00000022d06fe638 mode 1
Event: 2998.510 Thread 0x000001f4cba61540 DEOPT PACKING pc=0x000001f4b8d82544 sp=0x00000022d0bfef70
Event: 2998.510 Thread 0x000001f4cba61540 DEOPT UNPACKING pc=0x000001f4b7bd2b43 sp=0x00000022d0bfe510 mode 1
Event: 2998.510 Thread 0x000001f4cba61540 DEOPT PACKING pc=0x000001f4b8d8040c sp=0x00000022d0bff110
Event: 2998.510 Thread 0x000001f4cba61540 DEOPT UNPACKING pc=0x000001f4b7bd2b43 sp=0x00000022d0bfe658 mode 1
Event: 2998.510 Thread 0x000001f4cba61540 DEOPT PACKING pc=0x000001f4b8d7fcdc sp=0x00000022d0bff230
Event: 2998.510 Thread 0x000001f4cba61540 DEOPT UNPACKING pc=0x000001f4b7bd2b43 sp=0x00000022d0bfe6d0 mode 1
Event: 2998.510 Thread 0x000001f4cba61540 DEOPT PACKING pc=0x000001f4b8c44174 sp=0x00000022d0bff270
Event: 2998.510 Thread 0x000001f4cba61540 DEOPT UNPACKING pc=0x000001f4b7bd2b43 sp=0x00000022d0bfe768 mode 1

Classes loaded (20 events):
Event: 2903.877 Loading class java/lang/ObjectCustomizer
Event: 2903.877 Loading class java/lang/ObjectCustomizer done
Event: 2903.877 Loading class java/lang/ObjectCustomizer
Event: 2903.877 Loading class java/lang/ObjectCustomizer done
Event: 2903.878 Loading class java/lang/ObjectCustomizer
Event: 2903.878 Loading class java/lang/ObjectCustomizer done
Event: 2903.878 Loading class java/lang/ObjectCustomizer
Event: 2903.878 Loading class java/lang/ObjectCustomizer done
Event: 2904.009 Loading class java/lang/ObjectCustomizer
Event: 2904.009 Loading class java/lang/ObjectCustomizer done
Event: 2904.009 Loading class java/lang/ObjectCustomizer
Event: 2904.009 Loading class java/lang/ObjectCustomizer done
Event: 2904.019 Loading class java/time/DurationEditor
Event: 2904.019 Loading class java/time/DurationEditor done
Event: 2904.392 Loading class java/lang/ObjectCustomizer
Event: 2904.392 Loading class java/lang/ObjectCustomizer done
Event: 2904.393 Loading class java/lang/ObjectCustomizer
Event: 2904.393 Loading class java/lang/ObjectCustomizer done
Event: 2904.394 Loading class java/lang/StringEditor
Event: 2904.394 Loading class java/lang/StringEditor done

Classes unloaded (20 events):
Event: 2902.175 Thread 0x000001f4b20736d0 Unloading class 0x0000000800a96440 'co/edu/ucentral/mtto/service/SoporteService'
Event: 2902.175 Thread 0x000001f4b20736d0 Unloading class 0x0000000800a961e8 'co/edu/ucentral/mtto/service/EstadoServiceImpl'
Event: 2902.175 Thread 0x000001f4b20736d0 Unloading class 0x0000000800a96000 'co/edu/ucentral/mtto/service/EstadoService'
Event: 2902.175 Thread 0x000001f4b20736d0 Unloading class 0x0000000800a87ce0 'co/edu/ucentral/mtto/service/EquipoServiceImpl'
Event: 2902.175 Thread 0x000001f4b20736d0 Unloading class 0x0000000800a87af8 'co/edu/ucentral/mtto/service/EquipoService'
Event: 2902.175 Thread 0x000001f4b20736d0 Unloading class 0x0000000800a878e0 'co/edu/ucentral/mtto/service/EncuestaServiceImpl'
Event: 2902.175 Thread 0x000001f4b20736d0 Unloading class 0x0000000800a876f8 'co/edu/ucentral/mtto/service/EncuestaService'
Event: 2902.175 Thread 0x000001f4b20736d0 Unloading class 0x0000000800a87490 'co/edu/ucentral/mtto/service/AreaServiceImpl'
Event: 2902.175 Thread 0x000001f4b20736d0 Unloading class 0x0000000800a872a8 'co/edu/ucentral/mtto/service/AreaService'
Event: 2902.175 Thread 0x000001f4b20736d0 Unloading class 0x0000000800a87000 'co/edu/ucentral/mtto/security/DatabaseWebSecurity'
Event: 2902.175 Thread 0x000001f4b20736d0 Unloading class 0x0000000800520c70 'co/edu/ucentral/mtto/controller/SoporteController'
Event: 2902.175 Thread 0x000001f4b20736d0 Unloading class 0x00000008005209f8 'co/edu/ucentral/mtto/controller/SolicitudController'
Event: 2902.175 Thread 0x000001f4b20736d0 Unloading class 0x0000000800520800 'co/edu/ucentral/mtto/controller/LocaleController'
Event: 2902.175 Thread 0x000001f4b20736d0 Unloading class 0x0000000800a9dd20 'co/edu/ucentral/mtto/controller/IndexController'
Event: 2902.175 Thread 0x000001f4b20736d0 Unloading class 0x0000000800a9d9f0 'co/edu/ucentral/mtto/MvcConfig'
Event: 2902.175 Thread 0x000001f4b20736d0 Unloading class 0x0000000800a9d800 'co/edu/ucentral/mtto/MantenimientosApplication'
Event: 2902.175 Thread 0x000001f4b20736d0 Unloading class 0x0000000800140000 'java/lang/invoke/LambdaForm$MH+0x0000000800140000'
Event: 2902.175 Thread 0x000001f4b20736d0 Unloading class 0x0000000800aa5800 'jdk/internal/reflect/GeneratedSerializationConstructorAccessor86'
Event: 2902.175 Thread 0x000001f4b20736d0 Unloading class 0x0000000800a48000 'jdk/internal/reflect/GeneratedSerializationConstructorAccessor85'
Event: 2902.175 Thread 0x000001f4b20736d0 Unloading class 0x000000080026a800 'jdk/internal/reflect/GeneratedSerializationConstructorAccessor84'

Classes redefined (1 events):
Event: 96.975 Thread 0x000001f4b20736d0 redefined class name=co.edu.ucentral.mtto.service.EquipoServiceImpl, count=1

Internal exceptions (20 events):
Event: 2903.875 Thread 0x000001f4cba5f860 Exception <a 'java/lang/ClassNotFoundException'{0x0000000705fb8440}: java/lang/ObjectCustomizer> (0x0000000705fb8440) 
thrown [s\src\hotspot\share\classfile\systemDictionary.cpp, line 255]
Event: 2903.876 Thread 0x000001f4cba5f860 Exception <a 'java/lang/ClassNotFoundException'{0x0000000705fc15b8}: co/edu/ucentral/mtto/model/Tipo_mttoCustomizer> (0x0000000705fc15b8) 
thrown [s\src\hotspot\share\classfile\systemDictionary.cpp, line 255]
Event: 2903.877 Thread 0x000001f4cba5f860 Exception <a 'java/lang/ClassNotFoundException'{0x0000000705fe5210}: java/lang/ObjectCustomizer> (0x0000000705fe5210) 
thrown [s\src\hotspot\share\classfile\systemDictionary.cpp, line 255]
Event: 2903.877 Thread 0x000001f4cba5f860 Exception <a 'java/lang/ClassNotFoundException'{0x0000000705fee328}: co/edu/ucentral/mtto/model/EstadoCustomizer> (0x0000000705fee328) 
thrown [s\src\hotspot\share\classfile\systemDictionary.cpp, line 255]
Event: 2903.878 Thread 0x000001f4cba5f860 Exception <a 'java/lang/ClassNotFoundException'{0x0000000705c24868}: java/lang/ObjectCustomizer> (0x0000000705c24868) 
thrown [s\src\hotspot\share\classfile\systemDictionary.cpp, line 255]
Event: 2903.879 Thread 0x000001f4cba5f860 Exception <a 'java/lang/ClassNotFoundException'{0x0000000705c2d9c0}: co/edu/ucentral/mtto/model/EncuestaCustomizer> (0x0000000705c2d9c0) 
thrown [s\src\hotspot\share\classfile\systemDictionary.cpp, line 255]
Event: 2904.009 Thread 0x000001f4cba5f860 Exception <a 'java/lang/ClassNotFoundException'{0x0000000705ce86e0}: java/lang/ObjectCustomizer> (0x0000000705ce86e0) 
thrown [s\src\hotspot\share\classfile\systemDictionary.cpp, line 255]
Event: 2904.010 Thread 0x000001f4cba5f860 Exception <a 'java/lang/ClassNotFoundException'{0x0000000705cf1198}: org/springframework/security/config/annotation/web/configuration/WebSecurityConfigurerAdapterCustomizer> (0x0000000705cf1198) 
thrown [s\src\hotspot\share\classfile\systemDictionary.cpp, line 255]
Event: 2904.011 Thread 0x000001f4cba5f860 Exception <a 'java/lang/ClassNotFoundException'{0x0000000705d086e0}: co/edu/ucentral/mtto/security/DatabaseWebSecurityCustomizer> (0x0000000705d086e0) 
thrown [s\src\hotspot\share\classfile\systemDictionary.cpp, line 255]
Event: 2904.011 Thread 0x000001f4cba5f860 Exception <a 'java/lang/ClassNotFoundException'{0x0000000705d11428}: co/edu/ucentral/mtto/security/DatabaseWebSecurity$$EnhancerBySpringCGLIB$$381c42e1Customizer> (0x0000000705d11428) 
thrown [s\src\hotspot\share\classfile\systemDictionary.cpp, line 255]
Event: 2904.012 Thread 0x000001f4cba5f860 Exception <a 'java/lang/ClassNotFoundException'{0x0000000705d245e8}: org/springframework/context/annotation/ConfigurationClassEnhancer$EnhancedConfigurationCustomizer> (0x0000000705d245e8) 
thrown [s\src\hotspot\share\classfile\systemDictionary.cpp, line 255]
Event: 2904.012 Thread 0x000001f4cba5f860 Exception <a 'java/lang/ClassNotFoundException'{0x0000000705d29128}: org/springframework/beans/factory/BeanFactoryAwareCustomizer> (0x0000000705d29128) 
thrown [s\src\hotspot\share\classfile\systemDictionary.cpp, line 255]
Event: 2904.013 Thread 0x000001f4cba5f860 Exception <a 'java/lang/ClassNotFoundException'{0x0000000705d2f100}: org/springframework/beans/factory/AwareCustomizer> (0x0000000705d2f100) 
thrown [s\src\hotspot\share\classfile\systemDictionary.cpp, line 255]
Event: 2904.013 Thread 0x000001f4cba5f860 Exception <a 'java/lang/ClassNotFoundException'{0x0000000705d34248}: org/springframework/security/config/annotation/web/WebSecurityConfigurerCustomizer> (0x0000000705d34248) 
thrown [s\src\hotspot\share\classfile\systemDictionary.cpp, line 255]
Event: 2904.014 Thread 0x000001f4cba5f860 Exception <a 'java/lang/ClassNotFoundException'{0x0000000705d39318}: org/springframework/security/config/annotation/SecurityConfigurerCustomizer> (0x0000000705d39318) 
thrown [s\src\hotspot\share\classfile\systemDictionary.cpp, line 255]
Event: 2904.178 Thread 0x000001f4cde04d80 Exception <a 'java/lang/NoSuchMethodError'{0x000000070670e678}: static [B.<clinit>()V> (0x000000070670e678) 
thrown [s\src\hotspot\share\prims\jni.cpp, line 1104]
Event: 2904.178 Thread 0x000001f4cde03f10 Exception <a 'java/lang/NoSuchMethodError'{0x00000007066e79d0}: static [B.<clinit>()V> (0x00000007066e79d0) 
thrown [s\src\hotspot\share\prims\jni.cpp, line 1104]
Event: 2904.393 Thread 0x000001f4cba5ab60 Exception <a 'java/lang/ClassNotFoundException'{0x0000000706576fe8}: java/lang/ObjectCustomizer> (0x0000000706576fe8) 
thrown [s\src\hotspot\share\classfile\systemDictionary.cpp, line 255]
Event: 2904.394 Thread 0x000001f4cba5ab60 Exception <a 'java/lang/ClassNotFoundException'{0x00000007065842d0}: co/edu/ucentral/mtto/dtos/DtoRangoCustomizer> (0x00000007065842d0) 
thrown [s\src\hotspot\share\classfile\systemDictionary.cpp, line 255]
Event: 2998.357 Thread 0x000001f4cba606d0 Exception <a 'java/lang/InterruptedException'{0x0000000706ae4428}: sleep interrupted> (0x0000000706ae4428) 
thrown [s\src\hotspot\share\prims\jvm.cpp, line 3083]

VM Operations (20 events):
Event: 2989.785 Executing VM operation: get/set locals done
Event: 2989.785 Executing VM operation: get/set locals
Event: 2989.785 Executing VM operation: get/set locals done
Event: 2989.785 Executing VM operation: get/set locals
Event: 2989.785 Executing VM operation: get/set locals done
Event: 2989.785 Executing VM operation: get/set locals
Event: 2989.785 Executing VM operation: get/set locals done
Event: 2993.355 Executing VM operation: ThreadDump
Event: 2993.355 Executing VM operation: ThreadDump done
Event: 2993.355 Executing VM operation: ThreadDump
Event: 2993.355 Executing VM operation: ThreadDump done
Event: 2993.381 Executing VM operation: get/set locals
Event: 2993.381 Executing VM operation: get/set locals done
Event: 2998.378 Executing VM operation: get/set locals
Event: 2998.378 Executing VM operation: get/set locals done
Event: 2998.379 Executing VM operation: get/set locals
Event: 2998.379 Executing VM operation: get/set locals done
Event: 2998.382 Executing VM operation: get/set locals
Event: 2998.382 Executing VM operation: get/set locals done
Event: 2998.511 Executing VM operation: G1CollectFull

Events (20 events):
Event: 2991.232 Thread 0x000001f4cba61a10 Thread exited: 0x000001f4cba61a10
Event: 2991.241 Thread 0x000001f4cde03a40 Thread exited: 0x000001f4cde03a40
Event: 2993.356 Thread 0x000001f4cde00ef0 Thread exited: 0x000001f4cde00ef0
Event: 2993.356 Thread 0x000001f4cba5b500 Thread exited: 0x000001f4cba5b500
Event: 2993.356 Thread 0x000001f4cba5ab60 Thread exited: 0x000001f4cba5ab60
Event: 2993.356 Thread 0x000001f4cba5e9f0 Thread exited: 0x000001f4cba5e9f0
Event: 2993.356 Thread 0x000001f4cde05bf0 Thread exited: 0x000001f4cde05bf0
Event: 2993.356 Thread 0x000001f4cde00080 Thread exited: 0x000001f4cde00080
Event: 2993.356 Thread 0x000001f4cde02230 Thread exited: 0x000001f4cde02230
Event: 2993.357 Thread 0x000001f4cba5e050 Thread exited: 0x000001f4cba5e050
Event: 2993.357 Thread 0x000001f4cba5e520 Thread exited: 0x000001f4cba5e520
Event: 2993.357 Thread 0x000001f4cde02bd0 Thread exited: 0x000001f4cde02bd0
Event: 2994.158 Thread 0x000001f4cde04d80 Thread exited: 0x000001f4cde04d80
Event: 2994.158 Thread 0x000001f4cde03f10 Thread exited: 0x000001f4cde03f10
Event: 2998.357 Thread 0x000001f4cba606d0 Thread exited: 0x000001f4cba606d0
Event: 2998.358 Thread 0x000001f4cba5c370 Thread exited: 0x000001f4cba5c370
Event: 2998.358 Thread 0x000001f4cba5b030 Thread exited: 0x000001f4cba5b030
Event: 2998.510 Thread 0x000001f4cde078d0 Thread added: 0x000001f4cde078d0
Event: 2998.510 Thread 0x000001f4cba61540 Thread exited: 0x000001f4cba61540
Event: 2998.511 Thread 0x000001f4cde078d0 Thread exited: 0x000001f4cde078d0


Dynamic libraries:
0x00007ff60f180000 - 0x00007ff60f18e000 	C:\Users\NicolasMarroquin\.p2\pool\plugins\org.eclipse.justj.openjdk.hotspot.jre.full.win32.x86_64_18.0.1.v20220515-1614\jre\bin\javaw.exe
0x00007ffd00150000 - 0x00007ffd00345000 	C:\Windows\SYSTEM32\ntdll.dll
0x00007ffcfff30000 - 0x00007ffcfffed000 	C:\Windows\System32\KERNEL32.DLL
0x00007ffcfdd20000 - 0x00007ffcfdfed000 	C:\Windows\System32\KERNELBASE.dll
0x00007ffcfd860000 - 0x00007ffcfd960000 	C:\Windows\System32\ucrtbase.dll
0x00007ffcf57b0000 - 0x00007ffcf57c7000 	C:\Users\NicolasMarroquin\.p2\pool\plugins\org.eclipse.justj.openjdk.hotspot.jre.full.win32.x86_64_18.0.1.v20220515-1614\jre\bin\jli.dll
0x00007ffcff740000 - 0x00007ffcff8e0000 	C:\Windows\System32\USER32.dll
0x00007ffcfdcf0000 - 0x00007ffcfdd12000 	C:\Windows\System32\win32u.dll
0x00007ffcffd50000 - 0x00007ffcffd7a000 	C:\Windows\System32\GDI32.dll
0x00007ffcfe090000 - 0x00007ffcfe19b000 	C:\Windows\System32\gdi32full.dll
0x00007ffcfdff0000 - 0x00007ffcfe08d000 	C:\Windows\System32\msvcp_win.dll
0x00007ffceac30000 - 0x00007ffceac49000 	C:\Users\NicolasMarroquin\.p2\pool\plugins\org.eclipse.justj.openjdk.hotspot.jre.full.win32.x86_64_18.0.1.v20220515-1614\jre\bin\VCRUNTIME140.dll
0x00007ffce8bb0000 - 0x00007ffce8e4a000 	C:\Windows\WinSxS\amd64_microsoft.windows.common-controls_6595b64144ccf1df_6.0.19041.1110_none_60b5254171f9507e\COMCTL32.dll
0x00007ffcffcb0000 - 0x00007ffcffd4e000 	C:\Windows\System32\msvcrt.dll
0x00007ffcff990000 - 0x00007ffcff9c0000 	C:\Windows\System32\IMM32.DLL
0x00007ffce9cb0000 - 0x00007ffce9e1a000 	C:\Program Files (x86)\Citrix\ICA Client\epclient64.dll
0x00007ffcfdcc0000 - 0x00007ffcfdce7000 	C:\Windows\System32\bcrypt.dll
0x00007ffcfd3f0000 - 0x00007ffcfd3fa000 	C:\Windows\SYSTEM32\VERSION.dll
0x00007ffcff8e0000 - 0x00007ffcff98e000 	C:\Windows\System32\ADVAPI32.dll
0x00007ffd00070000 - 0x00007ffd0010c000 	C:\Windows\System32\sechost.dll
0x00007ffcff9c0000 - 0x00007ffcffae5000 	C:\Windows\System32\RPCRT4.dll
0x00007ffcfc4f0000 - 0x00007ffcfc523000 	C:\Windows\SYSTEM32\ntmarta.dll
0x00007ffcfc0d0000 - 0x00007ffcfc0e2000 	C:\Windows\SYSTEM32\kernel.appcore.dll
0x00007ffcf7580000 - 0x00007ffcf758c000 	C:\Users\NicolasMarroquin\.p2\pool\plugins\org.eclipse.justj.openjdk.hotspot.jre.full.win32.x86_64_18.0.1.v20220515-1614\jre\bin\vcruntime140_1.dll
0x00007ffce4780000 - 0x00007ffce4811000 	C:\Users\NicolasMarroquin\.p2\pool\plugins\org.eclipse.justj.openjdk.hotspot.jre.full.win32.x86_64_18.0.1.v20220515-1614\jre\bin\msvcp140.dll
0x00007ffcd38b0000 - 0x00007ffcd4539000 	C:\Users\NicolasMarroquin\.p2\pool\plugins\org.eclipse.justj.openjdk.hotspot.jre.full.win32.x86_64_18.0.1.v20220515-1614\jre\bin\server\jvm.dll
0x00007ffcfe4c0000 - 0x00007ffcfe4c8000 	C:\Windows\System32\PSAPI.DLL
0x00007ffcf7aa0000 - 0x00007ffcf7aa9000 	C:\Windows\SYSTEM32\WSOCK32.dll
0x00007ffcfea10000 - 0x00007ffcfea7b000 	C:\Windows\System32\WS2_32.dll
0x00007ffce94c0000 - 0x00007ffce94e7000 	C:\Windows\SYSTEM32\WINMM.dll
0x00007ffcfa1e0000 - 0x00007ffcfa1ea000 	C:\Users\NicolasMarroquin\.p2\pool\plugins\org.eclipse.justj.openjdk.hotspot.jre.full.win32.x86_64_18.0.1.v20220515-1614\jre\bin\jimage.dll
0x00007ffcfbbf0000 - 0x00007ffcfbdd4000 	C:\Windows\SYSTEM32\DBGHELP.DLL
0x00007ffcecaf0000 - 0x00007ffcecb1c000 	C:\Windows\SYSTEM32\dbgcore.DLL
0x00007ffcfdc30000 - 0x00007ffcfdcb2000 	C:\Windows\System32\bcryptPrimitives.dll
0x00007ffcdeda0000 - 0x00007ffcdeddb000 	C:\Users\NicolasMarroquin\.p2\pool\plugins\org.eclipse.justj.openjdk.hotspot.jre.full.win32.x86_64_18.0.1.v20220515-1614\jre\bin\jdwp.dll
0x00007ffce6720000 - 0x00007ffce672e000 	C:\Users\NicolasMarroquin\.p2\pool\plugins\org.eclipse.justj.openjdk.hotspot.jre.full.win32.x86_64_18.0.1.v20220515-1614\jre\bin\instrument.dll
0x00007ffcf78a0000 - 0x00007ffcf78c5000 	C:\Users\NicolasMarroquin\.p2\pool\plugins\org.eclipse.justj.openjdk.hotspot.jre.full.win32.x86_64_18.0.1.v20220515-1614\jre\bin\java.dll
0x00007ffcf8eb0000 - 0x00007ffcf8ec8000 	C:\Users\NicolasMarroquin\.p2\pool\plugins\org.eclipse.justj.openjdk.hotspot.jre.full.win32.x86_64_18.0.1.v20220515-1614\jre\bin\zip.dll
0x00007ffcfea80000 - 0x00007ffcff1c4000 	C:\Windows\System32\SHELL32.dll
0x00007ffcfb450000 - 0x00007ffcfbbe4000 	C:\Windows\SYSTEM32\windows.storage.dll
0x00007ffcff380000 - 0x00007ffcff6d4000 	C:\Windows\System32\combase.dll
0x00007ffcfd1e0000 - 0x00007ffcfd20c000 	C:\Windows\SYSTEM32\Wldp.dll
0x00007ffcfe260000 - 0x00007ffcfe30d000 	C:\Windows\System32\SHCORE.dll
0x00007ffcff6e0000 - 0x00007ffcff735000 	C:\Windows\System32\shlwapi.dll
0x00007ffcfd7a0000 - 0x00007ffcfd7bf000 	C:\Windows\SYSTEM32\profapi.dll
0x00007ffce6710000 - 0x00007ffce671c000 	C:\Users\NicolasMarroquin\.p2\pool\plugins\org.eclipse.justj.openjdk.hotspot.jre.full.win32.x86_64_18.0.1.v20220515-1614\jre\bin\dt_socket.dll
0x00007ffcfcc30000 - 0x00007ffcfcc6b000 	C:\Windows\SYSTEM32\IPHLPAPI.DLL
0x00007ffcfcf40000 - 0x00007ffcfcfaa000 	C:\Windows\system32\mswsock.dll
0x00007ffcfcc70000 - 0x00007ffcfcd3b000 	C:\Windows\SYSTEM32\DNSAPI.dll
0x000001f4b2360000 - 0x000001f4b2368000 	C:\Windows\System32\NSI.dll
0x00007ffcf5f20000 - 0x00007ffcf5f2a000 	C:\Windows\System32\rasadhlp.dll
0x00007ffcf3a70000 - 0x00007ffcf3af0000 	C:\Windows\System32\fwpuclnt.dll
0x00007ffcf7980000 - 0x00007ffcf7993000 	C:\Users\NicolasMarroquin\.p2\pool\plugins\org.eclipse.justj.openjdk.hotspot.jre.full.win32.x86_64_18.0.1.v20220515-1614\jre\bin\net.dll
0x00007ffcf42e0000 - 0x00007ffcf43ea000 	C:\Windows\SYSTEM32\WINHTTP.dll
0x00007ffcf73d0000 - 0x00007ffcf73e6000 	C:\Users\NicolasMarroquin\.p2\pool\plugins\org.eclipse.justj.openjdk.hotspot.jre.full.win32.x86_64_18.0.1.v20220515-1614\jre\bin\nio.dll
0x00007ffcf7950000 - 0x00007ffcf7959000 	C:\Users\NicolasMarroquin\.p2\pool\plugins\org.eclipse.justj.openjdk.hotspot.jre.full.win32.x86_64_18.0.1.v20220515-1614\jre\bin\management.dll
0x00007ffcf7850000 - 0x00007ffcf785b000 	C:\Users\NicolasMarroquin\.p2\pool\plugins\org.eclipse.justj.openjdk.hotspot.jre.full.win32.x86_64_18.0.1.v20220515-1614\jre\bin\management_ext.dll
0x00007ffce7a20000 - 0x00007ffce7a37000 	C:\Windows\system32\napinsp.dll
0x00007ffce7a00000 - 0x00007ffce7a1b000 	C:\Windows\system32\pnrpnsp.dll
0x00007ffcf8260000 - 0x00007ffcf8275000 	C:\Windows\system32\wshbth.dll
0x00007ffcf8c50000 - 0x00007ffcf8c6d000 	C:\Windows\system32\NLAapi.dll
0x00007ffce7970000 - 0x00007ffce7982000 	C:\Windows\System32\winrnr.dll
0x00007ffcfd130000 - 0x00007ffcfd148000 	C:\Windows\SYSTEM32\CRYPTSP.dll
0x00007ffcfc860000 - 0x00007ffcfc894000 	C:\Windows\system32\rsaenh.dll
0x00007ffcfd720000 - 0x00007ffcfd74e000 	C:\Windows\SYSTEM32\USERENV.dll
0x00007ffcfd150000 - 0x00007ffcfd15c000 	C:\Windows\SYSTEM32\CRYPTBASE.dll
0x00007ffcf6080000 - 0x00007ffcf6097000 	C:\Windows\SYSTEM32\dhcpcsvc6.DLL
0x00007ffcf6060000 - 0x00007ffcf607d000 	C:\Windows\SYSTEM32\dhcpcsvc.DLL
0x00007ffcf8f70000 - 0x00007ffcf8f80000 	C:\Users\NicolasMarroquin\.p2\pool\plugins\org.eclipse.justj.openjdk.hotspot.jre.full.win32.x86_64_18.0.1.v20220515-1614\jre\bin\verify.dll
0x00007ffcf7fc0000 - 0x00007ffcf7fce000 	C:\Users\NicolasMarroquin\.p2\pool\plugins\org.eclipse.justj.openjdk.hotspot.jre.full.win32.x86_64_18.0.1.v20220515-1614\jre\bin\sunmscapi.dll
0x00007ffcfd960000 - 0x00007ffcfdab6000 	C:\Windows\System32\CRYPT32.dll
0x00007ffcfd270000 - 0x00007ffcfd297000 	C:\Windows\SYSTEM32\ncrypt.dll
0x00007ffcfd210000 - 0x00007ffcfd24b000 	C:\Windows\SYSTEM32\NTASN1.dll

dbghelp: loaded successfully - version: 4.0.5 - missing functions: none
symbol engine: initialized successfully - sym options: 0x614 - pdb path: .;C:\Users\NicolasMarroquin\.p2\pool\plugins\org.eclipse.justj.openjdk.hotspot.jre.full.win32.x86_64_18.0.1.v20220515-1614\jre\bin;C:\Windows\SYSTEM32;C:\Windows\WinSxS\amd64_microsoft.windows.common-controls_6595b64144ccf1df_6.0.19041.1110_none_60b5254171f9507e;C:\Program Files (x86)\Citrix\ICA Client;C:\Users\NicolasMarroquin\.p2\pool\plugins\org.eclipse.justj.openjdk.hotspot.jre.full.win32.x86_64_18.0.1.v20220515-1614\jre\bin\server

VM Arguments:
jvm_args: -XX:+ShowCodeDetailsInExceptionMessages -agentlib:jdwp=transport=dt_socket,suspend=y,address=localhost:8050 -Dcom.sun.management.jmxremote -Dcom.sun.management.jmxremote.port=8049 -Dcom.sun.management.jmxremote.authenticate=false -Dcom.sun.management.jmxremote.ssl=false -Djava.rmi.server.hostname=localhost -Dspring.jmx.enabled=true -Dspring.application.admin.enabled=true -XX:TieredStopAtLevel=1 -Dspring.boot.project.name=Mantenimientos -javaagent:C:\Users\NicolasMarroquin\eclipse\jee-2022-03\eclipse\configuration\org.eclipse.osgi\422\0\.cp\lib\javaagent-shaded.jar -Dfile.encoding=UTF-8 
java_command: co.edu.ucentral.mtto.MantenimientosApplication
java_class_path (initial): C:\Users\NicolasMarroquin\Desktop\Andres\Mantenimientos\target\classes;C:\Users\NicolasMarroquin\.m2\repository\org\springframework\boot\spring-boot-starter-data-jpa\2.6.6\spring-boot-starter-data-jpa-2.6.6.jar;C:\Users\NicolasMarroquin\.m2\repository\org\springframework\boot\spring-boot-starter-aop\2.6.6\spring-boot-starter-aop-2.6.6.jar;C:\Users\NicolasMarroquin\.m2\repository\org\aspectj\aspectjweaver\1.9.7\aspectjweaver-1.9.7.jar;C:\Users\NicolasMarroquin\.m2\repository\jakarta\transaction\jakarta.transaction-api\1.3.3\jakarta.transaction-api-1.3.3.jar;C:\Users\NicolasMarroquin\.m2\repository\jakarta\persistence\jakarta.persistence-api\2.2.3\jakarta.persistence-api-2.2.3.jar;C:\Users\NicolasMarroquin\.m2\repository\org\hibernate\hibernate-core\5.6.7.Final\hibernate-core-5.6.7.Final.jar;C:\Users\NicolasMarroquin\.m2\repository\antlr\antlr\2.7.7\antlr-2.7.7.jar;C:\Users\NicolasMarroquin\.m2\repository\org\springframework\data\spring-data-jpa\2.6.3\spring-data-jpa-2.6.3.jar;C:\Users\NicolasMarroquin\.m2\repository\org\springframework\data\spring-data-commons\2.6.3\spring-data-commons-2.6.3.jar;C:\Users\NicolasMarroquin\.m2\repository\org\springframework\spring-orm\5.3.18\spring-orm-5.3.18.jar;C:\Users\NicolasMarroquin\.m2\repository\org\springframework\spring-context\5.3.18\spring-context-5.3.18.jar;C:\Users\NicolasMarroquin\.m2\repository\org\springframework\spring-tx\5.3.18\spring-tx-5.3.18.jar;C:\Users\NicolasMarroquin\.m2\repository\org\springframework\spring-beans\5.3.18\spring-beans-5.3.18.jar;C:\Users\NicolasMarroquin\.m2\repository\org\springframework\spring-aspects\5.3.18\spring-aspects-5.3.18.jar;C:\Users\NicolasMarroquin\.m2\repository\org\springframework\boot\spring-boot-starter-validation\2.6.6\spring-boot-starter-validation-2.6.6.jar;C:\Users\NicolasMarroquin\.m2\repository\org\apache\tomcat\embed\tomcat-embed-el\9.0.60\tomcat-embed-el-9.0.60.jar;C:\Users\NicolasMarroquin\.m2\repository\org\hibernate\validator\hibernate-validator\6.2.3.Final\hibernate-validator-6.2.3.Final.jar;C:\Users\NicolasMarroquin\.m2\repository\jakarta\validation\jakarta.validation-api\2.0.2\jakarta.validation-api-2.0.2.jar;C:\Users\NicolasMarroquin\.m2\repository\org\springframework\boot\spring-boot-starter-thymeleaf\2.6.6\spring-boot-starter-thymeleaf-2.6.6.jar;C:\Users\NicolasMarroquin\.m2\repository\org\thymeleaf\thymeleaf-spring5\3.0.15.RELEASE\thymeleaf-spring5-3.0.15.RELEASE.jar;C:\Users\NicolasMarroquin\.m2\repository\org\thymeleaf\thymeleaf\3.0.15.RELEASE\thymeleaf-3.0.15.RELEASE.jar;C:\Users\NicolasMarroquin\.m2\repository\org\attoparser\attoparser\2.0.5.RELEASE\attoparser-2.0.5.RELEASE.jar;C:\Users\NicolasMarroquin\.m2\repository\org\unbescape\unbescape\1.1.6.RELEASE\unbescape-1.1.6.RELEASE.jar;C:\Users\NicolasMarroquin\.m2\repository\org\thymeleaf\extras\thymeleaf-extras-java8time\3.0.4.RELEASE\thymeleaf-extras-java8time-3.0.4.RELEASE.jar;C:\Users\NicolasMarroquin\.m2\repository\org\springframework\boot\spring-boot-starter-web\2.6.6\spring-boot-starter-web-2.6.6.jar;C:\Users\NicolasMarroquin\.m2\repository\org\springframework\boot\spring-boot-starter-json\2.6.6\spring-boot-starter-json-2.6.6.jar;C:\Users\NicolasMarroquin\.m2\repository\com\fasterxml\jackson\core\jackson-databind\2.13.2.2\jackson-databind-2.13.2.2.jar;C:\Users\NicolasMarroquin\.m2\repository\com\fasterxml\jackson\core\jackson-annotations\2.13.2\jackson-annotations-2.13.2.jar;C:\Users\NicolasMarroquin\.m2\repository\com\fasterxml\jackson\core\jackson-core\2.13.2\jackson-core-2.13.2.jar;C:\Users\NicolasMarroquin\.m2\repository\com\fasterxml\jackson\datatype\jackson-datatype-jdk8\2.13.2\jackson-datatype-jdk8-2.13.2.jar;C:\Users\NicolasMarroquin\.m2\repository\com\fasterxml\jackson\datatype\jackson-datatype-jsr310\2.13.2\jackson-datatype-jsr310-2.13.2.jar;C:\Users\NicolasMarroquin\.m2\repository\com\fasterxml\jackson\module\jackson-module-parameter-names\2.13.2\jackson-module-parameter-names-2.13.2.jar;C:\Users\NicolasMarroquin\.m2\repository\org\springframework\boot\spring-boot-starter-tomcat\2.6.6\spring-boot-starter-tomcat-2.6.6.jar;C:\Users\NicolasMarroquin\.m2\repository\org\apache\tomcat\embed\tomcat-embed-core\9.0.60\tomcat-embed-core-9.0.60.jar;C:\Users\NicolasMarroquin\.m2\repository\org\apache\tomcat\embed\tomcat-embed-websocket\9.0.60\tomcat-embed-websocket-9.0.60.jar;C:\Users\NicolasMarroquin\.m2\repository\org\springframework\spring-web\5.3.18\spring-web-5.3.18.jar;C:\Users\NicolasMarroquin\.m2\repository\org\springframework\spring-webmvc\5.3.18\spring-webmvc-5.3.18.jar;C:\Users\NicolasMarroquin\.m2\repository\org\springframework\spring-expression\5.3.18\spring-expression-5.3.18.jar;C:\Users\NicolasMarroquin\.m2\repository\org\springframework\boot\spring-boot-starter-jdbc\2.6.6\spring-boot-starter-jdbc-2.6.6.jar;C:\Users\NicolasMarroquin\.m2\repository\com\zaxxer\HikariCP\4.0.3\HikariCP-4.0.3.jar;C:\Users\NicolasMarroquin\.m2\repository\org\springframework\spring-jdbc\5.3.18\spring-jdbc-5.3.18.jar;C:\Users\NicolasMarroquin\.m2\repository\org\springframework\boot\spring-boot-devtools\2.6.6\spring-boot-devtools-2.6.6.jar;C:\Users\NicolasMarroquin\.m2\repository\org\springframework\boot\spring-boot\2.6.6\spring-boot-2.6.6.jar;C:\Users\NicolasMarroquin\.m2\repository\org\springframework\boot\spring-boot-autoconfigure\2.6.6\spring-boot-autoconfigure-2.6.6.jar;C:\Users\NicolasMarroquin\.m2\repository\jakarta\xml\bind\jakarta.xml.bind-api\2.3.3\jakarta.xml.bind-api-2.3.3.jar;C:\Users\NicolasMarroquin\.m2\repository\org\springframework\spring-core\5.3.18\spring-core-5.3.18.jar;C:\Users\NicolasMarroquin\.m2\repository\org\springframework\spring-jcl\5.3.18\spring-jcl-5.3.18.jar;C:\Users\NicolasMarroquin\.m2\repository\org\springframework\boot\spring-boot-starter\2.6.6\spring-boot-starter-2.6.6.jar;C:\Users\NicolasMarroquin\.m2\repository\org\springframework\boot\spring-boot-starter-logging\2.6.6\spring-boot-starter-logging-2.6.6.jar;C:\Users\NicolasMarroquin\.m2\repository\ch\qos\logback\logback-classic\1.2.11\logback-classic-1.2.11.jar;C:\Users\NicolasMarroquin\.m2\repository\ch\qos\logback\logback-core\1.2.11\logback-core-1.2.11.jar;C:\Users\NicolasMarroquin\.m2\repository\org\apache\logging\log4j\log4j-to-slf4j\2.17.2\log4j-to-slf4j-2.17.2.jar;C:\Users\NicolasMarroquin\.m2\repository\org\apache\logging\log4j\log4j-api\2.17.2\log4j-api-2.17.2.jar;C:\Users\NicolasMarroquin\.m2\repository\org\slf4j\jul-to-slf4j\1.7.36\jul-to-slf4j-1.7.36.jar;C:\Users\NicolasMarroquin\.m2\repository\jakarta\annotation\jakarta.annotation-api\1.3.5\jakarta.annotation-api-1.3.5.jar;C:\Users\NicolasMarroquin\.m2\repository\org\yaml\snakeyaml\1.29\snakeyaml-1.29.jar;C:\Users\NicolasMarroquin\.m2\repository\org\postgresql\postgresql\42.3.3\postgresql-42.3.3.jar;C:\Users\NicolasMarroquin\.m2\repository\org\checkerframework\checker-qual\3.5.0\checker-qual-3.5.0.jar;C:\Users\NicolasMarroquin\.m2\repository\mysql\mysql-connector-java\8.0.28\mysql-connector-java-8.0.28.jar;C:\Users\NicolasMarroquin\.m2\repository\org\springframework\boot\spring-boot-starter-security\2.6.6\spring-boot-starter-security-2.6.6.jar;C:\Users\NicolasMarroquin\.m2\repository\org\springframework\spring-aop\5.3.18\spring-aop-5.3.18.jar;C:\Users\NicolasMarroquin\.m2\repository\org\springframework\security\spring-security-config\5.6.2\spring-security-config-5.6.2.jar;C:\Users\NicolasMarroquin\.m2\repository\org\springframework\security\spring-security-core\5.6.2\spring-security-core-5.6.2.jar;C:\Users\NicolasMarroquin\.m2\repository\org\springframework\security\spring-security-crypto\5.6.2\spring-security-crypto-5.6.2.jar;C:\Users\NicolasMarroquin\.m2\repository\org\springframework\security\spring-security-web\5.6.2\spring-security-web-5.6.2.jar;C:\Users\NicolasMarroquin\.m2\repository\org\thymeleaf\extras\thymeleaf-extras-springsecurity5\3.0.4.RELEASE\thymeleaf-extras-springsecurity5-3.0.4.RELEASE.jar;C:\Users\NicolasMarroquin\.m2\repository\org\slf4j\slf4j-api\1.7.36\slf4j-api-1.7.36.jar;C:\Users\NicolasMarroquin\.m2\repository\joda-time\joda-time\2.10.14\joda-time-2.10.14.jar;C:\Users\NicolasMarroquin\.m2\repository\org\jboss\logging\jboss-logging\3.4.3.Final\jboss-logging-3.4.3.Final.jar;C:\Users\NicolasMarroquin\.m2\repository\org\jboss\jandex\2.4.2.Final\jandex-2.4.2.Final.jar;C:\Users\NicolasMarroquin\.m2\repository\com\fasterxml\classmate\1.5.1\classmate-1.5.1.jar;C:\Users\NicolasMarroquin\.m2\repository\org\hibernate\common\hibernate-commons-annotations\6.0.0.CR1\hibernate-commons-annotations-6.0.0.CR1.jar;C:\Users\NicolasMarroquin\.m2\repository\net\bytebuddy\byte-buddy\1.11.22\byte-buddy-1.11.22.jar;C:\Users\NicolasMarroquin\.m2\repository\jakarta\activation\jakarta.activation-api\1.2.2\jakarta.activation-api-1.2.2.jar;C:\Users\NicolasMarroquin\.m2\repository\org\glassfish\jaxb\jaxb-runtime\2.3.6\jaxb-runtime-2.3.6.jar;C:\Users\NicolasMarroquin\.m2\repository\org\glassfish\jaxb\txw2\2.3.6\txw2-2.3.6.jar;C:\Users\NicolasMarroquin\.m2\repository\com\sun\istack\istack-commons-runtime\3.0.12\istack-commons-runtime-3.0.12.jar;C:\Users\NicolasMarroquin\.m2\repository\com\sun\activation\jakarta.activation\1.2.2\jakarta.activation-1.2.2.jar;C:\Users\NicolasMarroquin\.m2\repository\jakarta\inject\jakarta.inject-api\2.0.0\jakarta.inject-api-2.0.0.jar;C:\Users\NicolasMarroquin\.m2\repository\org\antlr\antlr4-runtime\4.9.1\antlr4-runtime-4.9.1.jar
Launcher Type: SUN_STANDARD

[Global flags]
     intx CICompilerCount                          = 3                                         {product} {ergonomic}
     uint ConcGCThreads                            = 2                                         {product} {ergonomic}
     uint G1ConcRefinementThreads                  = 6                                         {product} {ergonomic}
   size_t G1HeapRegionSize                         = 2097152                                   {product} {ergonomic}
    uintx GCDrainStackTargetSize                   = 64                                        {product} {ergonomic}
   size_t InitialHeapSize                          = 266338304                                 {product} {ergonomic}
     bool ManagementServer                         = true                                      {product} {command line}
   size_t MarkStackSize                            = 4194304                                   {product} {ergonomic}
   size_t MaxHeapSize                              = 4261412864                                {product} {ergonomic}
   size_t MaxNewSize                               = 2556428288                                {product} {ergonomic}
   size_t MinHeapDeltaBytes                        = 2097152                                   {product} {ergonomic}
   size_t MinHeapSize                              = 8388608                                   {product} {ergonomic}
    uintx NonProfiledCodeHeapSize                  = 0                                      {pd product} {ergonomic}
     bool ProfileInterpreter                       = false                                  {pd product} {command line}
    uintx ProfiledCodeHeapSize                     = 0                                      {pd product} {ergonomic}
     bool ShowCodeDetailsInExceptionMessages       = true                                   {manageable} {command line}
   size_t SoftMaxHeapSize                          = 4261412864                             {manageable} {ergonomic}
     intx TieredStopAtLevel                        = 1                                         {product} {command line}
     bool UseCompressedClassPointers               = true                           {product lp64_product} {ergonomic}
     bool UseCompressedOops                        = true                           {product lp64_product} {ergonomic}
     bool UseG1GC                                  = true                                      {product} {ergonomic}
     bool UseLargePagesIndividualAllocation        = false                                  {pd product} {ergonomic}

Logging:
Log output configuration:
 #0: stdout all=warning uptime,level,tags foldmultilines=false
 #1: stderr all=off uptime,level,tags foldmultilines=false

Environment Variables:
JAVA_HOME=C:\Program Files\Java\jdk1.8.0_202
PATH=C:\Users\NicolasMarroquin\.p2\pool\plugins\org.eclipse.justj.openjdk.hotspot.jre.full.win32.x86_64_18.0.1.v20220515-1614\jre\bin;C:/Users/NicolasMarroquin/.p2/pool/plugins/org.eclipse.justj.openjdk.hotspot.jre.full.win32.x86_64_18.0.1.v20220515-1614/jre/bin/server;C:/Users/NicolasMarroquin/.p2/pool/plugins/org.eclipse.justj.openjdk.hotspot.jre.full.win32.x86_64_18.0.1.v20220515-1614/jre/bin;C:\Program Files (x86)\Common Files\Oracle\Java\javapath;C:\Windows\system32;C:\Windows;C:\Windows\System32\Wbem;C:\Windows\System32\WindowsPowerShell\v1.0\;C:\Windows\System32\OpenSSH\;C:\Program Files\Git\cmd;C:\apache-maven-3.6.3\bin;C:\Program Files\nodejs\;C:\Program Files\Java\jdk1.8.0_202\bin;C:\Program Files\Java\jdk1.8.0_202\jre\bin;C:\Program Files\MySQL\MySQL Shell 8.0\bin\;C:\Users\NicolasMarroquin\AppData\Local\Microsoft\WindowsApps;C:\Users\NicolasMarroquin\AppData\Local\GitHubDesktop\bin;C:\Users\NicolasMarroquin\AppData\Local\Programs\Microsoft VS Code\bin;C:\Users\NicolasMarroquin\AppData\Roaming\npm;C:\Program Files (x86)\Nmap;C:\Users\NicolasMarroquin\Desktop;
USERNAME=NicolasMarroquin
OS=Windows_NT
PROCESSOR_IDENTIFIER=Intel64 Family 6 Model 158 Stepping 13, GenuineIntel



---------------  S Y S T E M  ---------------

OS:
 Windows 10 , 64 bit Build 19041 (10.0.19041.1706)
OS uptime: 1 days 2:27 hours

CPU: total 6 (initial active 6) (6 cores per cpu, 1 threads per core) family 6 model 158 stepping 13 microcode 0xca, cx8, cmov, fxsr, mmx, 3dnowpref, sse, sse2, sse3, ssse3, sse4.1, sse4.2, popcnt, lzcnt, tsc, tscinvbit, avx, avx2, aes, erms, clmul, bmi1, bmi2, adx, fma, vzeroupper, clflush, clflushopt

Memory: 4k page, system-wide physical 16255M (6701M free)
TotalPageFile size 18687M (AvailPageFile size 5085M)
current process WorkingSet (physical memory assigned to process): 275M, peak: 293M
current process commit charge ("private bytes"): 325M, peak: 362M

vm_info: OpenJDK 64-Bit Server VM (18.0.1+10) for windows-amd64 JRE (18.0.1+10), built on Apr 20 2022 05:04:48 by "" with MS VC++ 16.7 (VS2019)

END.
