#
# A fatal error has been detected by the Java Runtime Environment:
#
#  EXCEPTION_ACCESS_VIOLATION (0xc0000005) at pc=0x0000019993c44c24, pid=17548, tid=11516
#
# JRE version: OpenJDK Runtime Environment Temurin-18.0.1+10 (18.0.1+10) (build 18.0.1+10)
# Java VM: OpenJDK 64-Bit Server VM Temurin-18.0.1+10 (18.0.1+10, mixed mode, emulated-client, tiered, compressed oops, compressed class ptrs, g1 gc, windows-amd64)
# Problematic frame:
# v  ~BufferBlob::MethodHandles adapters
#
# No core dump will be written. Minidumps are not enabled by default on client versions of Windows
#
# If you would like to submit a bug report, please visit:
#   https://github.com/adoptium/adoptium-support/issues
#

---------------  S U M M A R Y ------------

Command Line: -XX:+ShowCodeDetailsInExceptionMessages -agentlib:jdwp=transport=dt_socket,suspend=y,address=localhost:6511 -Dcom.sun.management.jmxremote -Dcom.sun.management.jmxremote.port=6510 -Dcom.sun.management.jmxremote.authenticate=false -Dcom.sun.management.jmxremote.ssl=false -Djava.rmi.server.hostname=localhost -Dspring.jmx.enabled=true -Dspring.application.admin.enabled=true -XX:TieredStopAtLevel=1 -Dspring.boot.project.name=Mantenimientos -javaagent:C:\Users\NicolasMarroquin\eclipse\jee-2022-03\eclipse\configuration\org.eclipse.osgi\422\0\.cp\lib\javaagent-shaded.jar -Dfile.encoding=UTF-8 co.edu.ucentral.mtto.MantenimientosApplication

Host: Intel(R) Core(TM) i5-9600K CPU @ 3.70GHz, 6 cores, 15G,  Windows 10 , 64 bit Build 19041 (10.0.19041.1706)
Time: Sun May 22 19:25:30 2022 Hora est. Pacífico, Sudamérica elapsed time: 4373.841191 seconds (0d 1h 12m 53s)

---------------  T H R E A D  ---------------

Current thread (0x00000199a9fb2bd0):  JavaThread "http-nio-9090-exec-2" daemon [_thread_in_Java, id=11516, stack(0x0000008083e00000,0x0000008083f00000)]

Stack: [0x0000008083e00000,0x0000008083f00000],  sp=0x0000008083efad38,  free space=1003k
Native frames: (J=compiled Java code, j=interpreted, Vv=VM code, C=native code)
C  0x0000019993c44c24


siginfo: EXCEPTION_ACCESS_VIOLATION (0xc0000005), reading address 0x00000008a3e3cc73


Register to memory mapping:

RIP=0x0000019993c44c24 is at begin+65 in a stub
MethodHandle::interpreter_entry::_linkToVirtual [0x0000019993c44be3, 0x0000019993c44c4a] (103 bytes)
RAX=0x0000019993bfa304 is at code_begin+4516 in an Interpreter codelet
return entry points  [0x0000019993bf9160, 0x0000019993bfb0a0]  8000 bytes
RBX=0x00000007071a19b8 is an oop: org.springframework.validation.support.BindingAwareModelMap 
{0x00000007071a19b8} - klass: 'org/springframework/validation/support/BindingAwareModelMap'
 - ---- fields (total size 7 words):
 - transient 'keySet' 'Ljava/util/Set;' @12  NULL (0)
 - transient 'values' 'Ljava/util/Collection;' @16  NULL (0)
 - transient 'size' 'I' @20  0
 - transient 'modCount' 'I' @24  0
 - 'threshold' 'I' @28  0
 - final 'loadFactor' 'F' @32  0.750000 (3f400000)
 - transient 'table' '[Ljava/util/HashMap$Node;' @36  NULL (0)
 - transient 'entrySet' 'Ljava/util/Set;' @40  NULL (0)
 - final 'accessOrder' 'Z' @44  false
 - transient 'head' 'Ljava/util/LinkedHashMap$Entry;' @48  NULL (0)
 - transient 'tail' 'Ljava/util/LinkedHashMap$Entry;' @52  NULL (0)
RCX=0x0000008083efad48 is pointing into the stack for thread: 0x00000199a9fb2bd0
RDX=0x0000000000000003 is an unknown value
RSP=0x0000008083efad38 is pointing into the stack for thread: 0x00000199a9fb2bd0
RBP=0x0000008083efad90 is pointing into the stack for thread: 0x00000199a9fb2bd0
RSI=0x00000199aac1ecc8 points into unknown readable memory: 0x88001b6a5e27938d | 8d 93 27 5e 6a 1b 00 88
RDI=0x00000199a9cacf60 points into unknown readable memory: 0x0000002000000070 | 70 00 00 00 20 00 00 00
R8 =0x0000000000000004 is an unknown value
R9 =0x0000000000000004 is an unknown value
R10=0x00000008a3e3cabb is an unknown value
R11=0x0 is NULL
R12=0x0 is NULL
R13=0x0000008083efad38 is pointing into the stack for thread: 0x00000199a9fb2bd0
R14=0x0000008083efadb8 is pointing into the stack for thread: 0x00000199a9fb2bd0
R15=0x00000199a9fb2bd0 is a thread


Registers:
RAX=0x0000019993bfa304, RBX=0x00000007071a19b8, RCX=0x0000008083efad48, RDX=0x0000000000000003
RSP=0x0000008083efad38, RBP=0x0000008083efad90, RSI=0x00000199aac1ecc8, RDI=0x00000199a9cacf60
R8 =0x0000000000000004, R9 =0x0000000000000004, R10=0x00000008a3e3cabb, R11=0x0000000000000000
R12=0x0000000000000000, R13=0x0000008083efad38, R14=0x0000008083efadb8, R15=0x00000199a9fb2bd0
RIP=0x0000019993c44c24, EFLAGS=0x0000000000010206

Top of Stack: (sp=0x0000008083efad38)
0x0000008083efad38:   0000019993bfa304 000000070427b788
0x0000008083efad48:   0000008083efad48 00000199a3e3cabb
0x0000008083efad58:   0000008083efadb8 00000199a3e3cbe8
0x0000008083efad68:   00000199941dedec 0000000702801fe0
0x0000008083efad78:   00000199a3e3cac8 0000008083efad38
0x0000008083efad88:   0000008083efadc0 0000008083efae30
0x0000008083efad98:   0000019993bfa304 0000000703810f30
0x0000008083efada8:   00000007071a19b8 000000070427b788
0x0000008083efadb8:   0000000703810ec8 0000008083efae30
0x0000008083efadc8:   0000019993bfa304 00000007071a19b8
0x0000008083efadd8:   000000070427b788 0000000703810ec8
0x0000008083efade8:   0000008083efade8 00000199ab214f1c
0x0000008083efadf8:   0000008083efae78 00000199a3513058
0x0000008083efae08:   0000000000000000 0000000703617438
0x0000008083efae18:   00000199ab214f28 0000008083efadd0
0x0000008083efae28:   0000008083efae80 0000008083efb148 

Instructions: (pc=0x0000019993c44c24)
0x0000019993c44b24:   ff ff ff ff 10 10 00 00 00 00 00 00 80 4b c4 93
0x0000019993c44b34:   99 01 00 00 20 5b c4 93 99 01 00 00 80 4b c4 93
0x0000019993c44b44:   99 01 00 00 20 5b c4 93 99 01 00 00 78 4b c4 93
0x0000019993c44b54:   99 01 00 00 78 4b c4 93 99 01 00 00 00 00 00 00
0x0000019993c44b64:   00 00 00 00 00 00 00 00 00 00 00 00 d0 b0 20 d4
0x0000019993c44b74:   fc 7f 00 00 00 00 00 00 00 00 00 00 f4 66 66 66
0x0000019993c44b84:   0f 1f 84 00 00 00 00 00 66 66 66 90 66 66 66 0f
0x0000019993c44b94:   1f 84 00 00 00 00 00 66 66 66 90 90 48 8b 53 08
0x0000019993c44ba4:   0f b7 52 2c 48 8b 0c d4 8b 59 14 48 c1 e3 03 8b
0x0000019993c44bb4:   5b 28 48 c1 e3 03 8b 5b 24 48 c1 e3 03 48 8b 5b
0x0000019993c44bc4:   10 48 85 db 0f 84 10 00 00 00 41 80 bf 80 04 00
0x0000019993c44bd4:   00 00 74 03 ff 63 38 ff 63 50 e9 9d f6 ff ff 66
0x0000019993c44be4:   66 66 0f 1f 84 00 00 00 00 00 66 66 66 90 66 66
0x0000019993c44bf4:   0f 1f 84 00 00 00 00 00 66 66 66 90 48 8b 53 08
0x0000019993c44c04:   0f b7 52 2c 48 8b 0c d4 58 5b 50 44 8b 51 08 49
0x0000019993c44c14:   bb 00 00 00 00 08 00 00 00 4d 03 d3 4c 8b 5b 10
0x0000019993c44c24:   4b 8b 9c da b8 01 00 00 48 85 db 0f 84 10 00 00
0x0000019993c44c34:   00 41 80 bf 80 04 00 00 00 74 03 ff 63 38 ff 63
0x0000019993c44c44:   50 e9 36 f6 ff ff 66 66 66 0f 1f 84 00 00 00 00
0x0000019993c44c54:   00 66 66 66 90 0f 1f 80 00 00 00 00 58 5b 50 8b
0x0000019993c44c64:   5b 24 48 c1 e3 03 48 8b 5b 10 48 85 db 0f 84 10
0x0000019993c44c74:   00 00 00 41 80 bf 80 04 00 00 00 74 03 ff 63 38
0x0000019993c44c84:   ff 63 50 e9 f4 f5 ff ff 66 66 66 0f 1f 84 00 00
0x0000019993c44c94:   00 00 00 66 66 66 90 0f 1f 44 00 00 48 8b 53 08
0x0000019993c44ca4:   0f b7 52 2c 48 8b 0c d4 58 5b 50 48 3b 01 8b 5b
0x0000019993c44cb4:   24 48 c1 e3 03 48 8b 5b 10 48 85 db 0f 84 10 00
0x0000019993c44cc4:   00 00 41 80 bf 80 04 00 00 00 74 03 ff 63 38 ff
0x0000019993c44cd4:   63 50 e9 a5 f5 ff ff 0f 1f 44 00 00 48 8b 53 08
0x0000019993c44ce4:   0f b7 52 2c 48 8b 0c d4 58 5b 50 44 8b 51 08 49
0x0000019993c44cf4:   bb 00 00 00 00 08 00 00 00 4d 03 d3 8b 43 18 48
0x0000019993c44d04:   c1 e0 03 48 8b 40 10 48 8b 5b 10 45 8b 9a a0 00
0x0000019993c44d14:   00 00 4f 8d 9c da b8 01 00 00 4d 8d 14 da 49 8b 


Stack slot to memory mapping:
stack at sp + 0 slots: 0x0000019993bfa304 is at code_begin+4516 in an Interpreter codelet
return entry points  [0x0000019993bf9160, 0x0000019993bfb0a0]  8000 bytes
stack at sp + 1 slots: 0x000000070427b788 is an oop: co.edu.ucentral.mtto.controller.IndexController 
{0x000000070427b788} - klass: 'co/edu/ucentral/mtto/controller/IndexController'
 - ---- fields (total size 3 words):
 - protected 'entityManager' 'Ljavax/persistence/EntityManager;' @12  a 'jdk/proxy18/$Proxy272'{0x000000070427b7a0} (e084f6f4)
 - private 'soporteService' 'Lco/edu/ucentral/mtto/service/SoporteService;' @16  a 'co/edu/ucentral/mtto/service/SoporteServiceImpl'{0x00000007042545b8} (e084a8b7)
 - private 'areaService' 'Lco/edu/ucentral/mtto/service/AreaService;' @20  a 'co/edu/ucentral/mtto/service/AreaServiceImpl'{0x000000070427b7e8} (e084f6fd)
stack at sp + 2 slots: 0x0000008083efad48 is pointing into the stack for thread: 0x00000199a9fb2bd0
stack at sp + 3 slots: 0x00000199a3e3cabb is pointing into metadata
stack at sp + 4 slots: 0x0000008083efadb8 is pointing into the stack for thread: 0x00000199a9fb2bd0
stack at sp + 5 slots: 0x00000199a3e3cbe8 is pointing into metadata
stack at sp + 6 slots: 0x00000199941dedec is at entry_point+172 in (nmethod*)0x00000199941deb90
Compiled method (c1) 4373857 2255       1       java.lang.invoke.LambdaForm$MH/0x00000008000c0400::invoke (25 bytes)
 total in heap  [0x00000199941deb90,0x00000199941defa8] = 1048
 relocation     [0x00000199941dece8,0x00000199941ded30] = 72
 main code      [0x00000199941ded40,0x00000199941dee60] = 288
 stub code      [0x00000199941dee60,0x00000199941deeb8] = 88
 oops           [0x00000199941deeb8,0x00000199941deec0] = 8
 metadata       [0x00000199941deec0,0x00000199941deec8] = 8
 scopes data    [0x00000199941deec8,0x00000199941def18] = 80
 scopes pcs     [0x00000199941def18,0x00000199941def88] = 112
 dependencies   [0x00000199941def88,0x00000199941def90] = 8
 nul chk table  [0x00000199941def90,0x00000199941defa8] = 24
stack at sp + 7 slots: 0x0000000702801fe0 is an oop: java.lang.Class 
{0x0000000702801fe0} - klass: 'java/lang/Class'
 - ---- fields (total size 15 words):
 - private volatile transient 'classRedefinedCount' 'I' @12  0
 - abstract internal 'klass' 'J' @16  34362213376 (25c400 8)
 - abstract internal 'array_klass' 'J' @24  0 (0 0)
 - abstract internal 'oop_size' 'I' @32  15 (f)
 - abstract internal 'static_oop_field_count' 'I' @36  1
 - private volatile transient 'cachedConstructor' 'Ljava/lang/reflect/Constructor;' @40  NULL (0)
 - private transient 'name' 'Ljava/lang/String;' @44  "java.lang.invoke.LambdaForm$DMH/0x000000080025c400"{0x0000000703473f28} (e068e7e5)
 - private transient 'module' 'Ljava/lang/Module;' @48  a 'java/lang/Module'{0x00000007022fc6a8} (e045f8d5)
 - private final 'classLoader' 'Ljava/lang/ClassLoader;' @52  NULL (0)
 - private transient 'classData' 'Ljava/lang/Object;' @56  a 'java/util/ImmutableCollections$List12'{0x00000007028366b0} (e0506cd6)
 - private transient 'packageName' 'Ljava/lang/String;' @60  NULL (0)
 - private final 'componentType' 'Ljava/lang/Class;' @64  NULL (0)
 - private volatile transient 'reflectionData' 'Ljava/lang/ref/SoftReference;' @68  NULL (0)
 - private volatile transient 'genericInfo' 'Lsun/reflect/generics/repository/ClassRepository;' @72  NULL (0)
 - private volatile transient 'enumConstants' '[Ljava/lang/Object;' @76  NULL (0)
 - private volatile transient 'enumConstantDirectory' 'Ljava/util/Map;' @80  NULL (0)
 - private volatile transient 'annotationData' 'Ljava/lang/Class$AnnotationData;' @84  NULL (0)
 - private volatile transient 'annotationType' 'Lsun/reflect/annotation/AnnotationType;' @88  NULL (0)
 - transient 'classValueMap' 'Ljava/lang/ClassValue$ClassValueMap;' @92  NULL (0)
 - abstract internal 'protection_domain' 'Ljava/lang/Object;' @96  NULL (0)
 - abstract internal 'signers_name' 'Ljava/lang/Object;' @100  NULL (0)
 - abstract internal 'source_file' 'Ljava/lang/Object;' @104  "LambdaForm$DMH"{0x0000000703473ef0} (e068e7de)
 - signature: Ljava/lang/invoke/LambdaForm$DMH+0x000000080025c400;
 - ---- static fields (1):
 - static final '_D_0' 'Ljava/lang/invoke/LambdaForm;' @112  a 'java/lang/invoke/LambdaForm'{0x0000000702836500} => a 'java/lang/invoke/MemberName'{0x0000000702836630} = {method} {0x00000199a3e3cad0} 'invokeVirtual' '(Ljava/lang/Object;Ljava/lang/Object;Ljava/lang/Object;)Ljava/lang/Object;' in 'java/lang/invoke/LambdaForm$DMH+0x000000080025c400' (e0506ca0)

MethodHandle::interpreter_entry::_linkToVirtual [0x0000019993c44be3, 0x0000019993c44c4a] (103 bytes)
[MachCode]
  0x0000019993c44be3: 6666 660f | 1f84 0000 | 0000 0066 | 6666 9066 | 660f 1f84 | 0000 0000 | 0066 6666 | 9048 8b53 
  0x0000019993c44c03: 080f b752 | 2c48 8b0c | d458 5b50 | 448b 5108 | 49bb 0000 | 0000 0800 | 0000 4d03 | d34c 8b5b 
  0x0000019993c44c23: 104b 8b9c | dab8 0100 | 0048 85db | 0f84 1000 | 0000 4180 | bf80 0400 | 0000 7403 | ff63 38ff 
  0x0000019993c44c43: 6350 e936 | 
[/MachCode]

---------------  P R O C E S S  ---------------

Threads class SMR info:
_java_thread_list=0x00000199a76c7a60, length=43, elements={
0x00000199a6c1a150, 0x00000199a6c1b900, 0x00000199a04bd800, 0x00000199a04be0b0,
0x00000199a04be960, 0x00000199a6c48520, 0x00000199a6c4d200, 0x00000199a6c4f810,
0x00000199a6cf1030, 0x00000199a6e5b1a0, 0x00000199a6e5bc50, 0x00000199a6e5f750,
0x00000199a77b3b30, 0x00000199a78af690, 0x00000199a78ccad0, 0x00000199a79a0d90,
0x00000199a8028950, 0x00000199a80304f0, 0x00000199a79dcbd0, 0x00000199a9d58070,
0x00000199a9d5f3f0, 0x00000199a9d5dbe0, 0x00000199a9d5b560, 0x00000199a9d58ee0,
0x00000199a9d5cd70, 0x00000199a9d5ba30, 0x00000199a9d5e580, 0x00000199a9d58a10,
0x00000199a9d5ea50, 0x00000199a9d59880, 0x00000199a9d5a220, 0x00000199a9d5abc0,
0x00000199a9fb2bd0, 0x00000199a9fb0ef0, 0x00000199a9fb1890, 0x00000199a9fb3570,
0x00000199a9fb2700, 0x00000199a9fb4d80, 0x00000199a9fb5250, 0x00000199a9fb3f10,
0x00000199a9fb3a40, 0x00000199a9fb78d0, 0x00000199a9fb5bf0
}

Java Threads: ( => current thread )
  0x00000199a6c1a150 JavaThread "Reference Handler" daemon [_thread_blocked, id=18364, stack(0x0000008080f00000,0x0000008081000000)]
  0x00000199a6c1b900 JavaThread "Finalizer" daemon [_thread_blocked, id=13528, stack(0x0000008081000000,0x0000008081100000)]
  0x00000199a04bd800 JavaThread "Signal Dispatcher" daemon [_thread_blocked, id=6880, stack(0x0000008081100000,0x0000008081200000)]
  0x00000199a04be0b0 JavaThread "Attach Listener" daemon [_thread_blocked, id=2760, stack(0x0000008081200000,0x0000008081300000)]
  0x00000199a04be960 JavaThread "Service Thread" daemon [_thread_blocked, id=7024, stack(0x0000008081300000,0x0000008081400000)]
  0x00000199a6c48520 JavaThread "Monitor Deflation Thread" daemon [_thread_blocked, id=13100, stack(0x0000008081400000,0x0000008081500000)]
  0x00000199a6c4d200 JavaThread "C1 CompilerThread0" daemon [_thread_blocked, id=17552, stack(0x0000008081500000,0x0000008081600000)]
  0x00000199a6c4f810 JavaThread "Sweeper thread" daemon [_thread_blocked, id=17760, stack(0x0000008081600000,0x0000008081700000)]
  0x00000199a6cf1030 JavaThread "Common-Cleaner" daemon [_thread_blocked, id=15420, stack(0x0000008081700000,0x0000008081800000)]
  0x00000199a6e5b1a0 JavaThread "JDWP Transport Listener: dt_socket" daemon [_thread_blocked, id=3504, stack(0x0000008081900000,0x0000008081a00000)]
  0x00000199a6e5bc50 JavaThread "JDWP Event Helper Thread" daemon [_thread_blocked, id=8528, stack(0x0000008081a00000,0x0000008081b00000)]
  0x00000199a6e5f750 JavaThread "JDWP Command Reader" daemon [_thread_in_native, id=13852, stack(0x0000008081b00000,0x0000008081c00000)]
  0x00000199a77b3b30 JavaThread "Notification Thread" daemon [_thread_blocked, id=3008, stack(0x0000008081d00000,0x0000008081e00000)]
  0x00000199a78af690 JavaThread "RMI TCP Accept-0" daemon [_thread_in_native, id=17380, stack(0x0000008081e00000,0x0000008081f00000)]
  0x00000199a78ccad0 JavaThread "RMI TCP Accept-6510" daemon [_thread_in_native, id=7868, stack(0x0000008081f00000,0x0000008082000000)]
  0x00000199a79a0d90 JavaThread "RMI TCP Accept-0" daemon [_thread_in_native, id=7724, stack(0x0000008082700000,0x0000008082800000)]
  0x00000199a8028950 JavaThread "RMI Scheduler(0)" daemon [_thread_blocked, id=10504, stack(0x0000008082e00000,0x0000008082f00000)]
  0x00000199a80304f0 JavaThread "JMX server connection timeout 27" daemon [_thread_blocked, id=9392, stack(0x0000008083000000,0x0000008083100000)]
  0x00000199a79dcbd0 JavaThread "mysql-cj-abandoned-connection-cleanup" daemon [_thread_blocked, id=10072, stack(0x0000008083300000,0x0000008083400000)]
  0x00000199a9d58070 JavaThread "Live Reload Server" daemon [_thread_in_native, id=2176, stack(0x0000008083900000,0x0000008083a00000)]
  0x00000199a9d5f3f0 JavaThread "DestroyJavaVM" [_thread_blocked, id=17296, stack(0x0000008080800000,0x0000008080900000)]
  0x00000199a9d5dbe0 JavaThread "File Watcher" daemon [_thread_blocked, id=18060, stack(0x0000008082a00000,0x0000008082b00000)]
  0x00000199a9d5b560 JavaThread "File Watcher" daemon [_thread_blocked, id=16268, stack(0x0000008082900000,0x0000008082a00000)]
  0x00000199a9d58ee0 JavaThread "File Watcher" daemon [_thread_blocked, id=11096, stack(0x0000008082f00000,0x0000008083000000)]
  0x00000199a9d5cd70 JavaThread "File Watcher" daemon [_thread_blocked, id=10452, stack(0x0000008083100000,0x0000008083200000)]
  0x00000199a9d5ba30 JavaThread "RMI TCP Connection(idle)" daemon [_thread_blocked, id=2808, stack(0x0000008081800000,0x0000008081900000)]
  0x00000199a9d5e580 JavaThread "Catalina-utility-1" [_thread_blocked, id=18940, stack(0x0000008083200000,0x0000008083300000)]
  0x00000199a9d58a10 JavaThread "Catalina-utility-2" [_thread_blocked, id=4672, stack(0x0000008083500000,0x0000008083600000)]
  0x00000199a9d5ea50 JavaThread "container-4" [_thread_blocked, id=11108, stack(0x0000008083600000,0x0000008083700000)]
  0x00000199a9d59880 JavaThread "HikariPool-15 housekeeper" daemon [_thread_blocked, id=17228, stack(0x0000008083800000,0x0000008083900000)]
  0x00000199a9d5a220 JavaThread "File Watcher" daemon [_thread_blocked, id=15636, stack(0x0000008083700000,0x0000008083800000)]
  0x00000199a9d5abc0 JavaThread "http-nio-9090-exec-1" daemon [_thread_blocked, id=9796, stack(0x0000008083d00000,0x0000008083e00000)]
=>0x00000199a9fb2bd0 JavaThread "http-nio-9090-exec-2" daemon [_thread_in_Java, id=11516, stack(0x0000008083e00000,0x0000008083f00000)]
  0x00000199a9fb0ef0 JavaThread "http-nio-9090-exec-3" daemon [_thread_blocked, id=12180, stack(0x0000008083f00000,0x0000008084000000)]
  0x00000199a9fb1890 JavaThread "http-nio-9090-exec-4" daemon [_thread_blocked, id=9908, stack(0x0000008084000000,0x0000008084100000)]
  0x00000199a9fb3570 JavaThread "http-nio-9090-exec-5" daemon [_thread_blocked, id=16256, stack(0x0000008084100000,0x0000008084200000)]
  0x00000199a9fb2700 JavaThread "http-nio-9090-exec-6" daemon [_thread_blocked, id=17716, stack(0x0000008084200000,0x0000008084300000)]
  0x00000199a9fb4d80 JavaThread "http-nio-9090-exec-7" daemon [_thread_blocked, id=18172, stack(0x0000008084300000,0x0000008084400000)]
  0x00000199a9fb5250 JavaThread "http-nio-9090-exec-8" daemon [_thread_blocked, id=15100, stack(0x0000008084400000,0x0000008084500000)]
  0x00000199a9fb3f10 JavaThread "http-nio-9090-exec-9" daemon [_thread_blocked, id=19108, stack(0x0000008084500000,0x0000008084600000)]
  0x00000199a9fb3a40 JavaThread "http-nio-9090-exec-10" daemon [_thread_blocked, id=16532, stack(0x0000008084600000,0x0000008084700000)]
  0x00000199a9fb78d0 JavaThread "http-nio-9090-Poller" daemon [_thread_in_native, id=19128, stack(0x0000008084700000,0x0000008084800000)]
  0x00000199a9fb5bf0 JavaThread "http-nio-9090-Acceptor" daemon [_thread_in_native, id=19320, stack(0x0000008084a00000,0x0000008084b00000)]

Other Threads:
  0x000001998e1d2c90 VMThread "VM Thread" [stack: 0x0000008080e00000,0x0000008080f00000] [id=14944] _threads_hazard_ptr=0x00000199a76c7a60
  0x00000199a79a1250 WatcherThread "VM Periodic Task Thread" [stack: 0x0000008082800000,0x0000008082900000] [id=15740]
  0x00000199905ccd20 WorkerThread "GC Thread#0" [stack: 0x0000008080900000,0x0000008080a00000] [id=4200]
  0x00000199a78ba6e0 WorkerThread "GC Thread#1" [stack: 0x0000008082000000,0x0000008082100000] [id=17464]
  0x00000199a78ba980 WorkerThread "GC Thread#2" [stack: 0x0000008082100000,0x0000008082200000] [id=2420]
  0x00000199a78bac20 WorkerThread "GC Thread#3" [stack: 0x0000008082200000,0x0000008082300000] [id=17544]
  0x00000199a79e9be0 WorkerThread "GC Thread#4" [stack: 0x0000008082300000,0x0000008082400000] [id=18104]
  0x00000199a79e9e80 WorkerThread "GC Thread#5" [stack: 0x0000008082400000,0x0000008082500000] [id=16808]
  0x00000199a02c43e0 ConcurrentGCThread "G1 Main Marker" [stack: 0x0000008080a00000,0x0000008080b00000] [id=14300]
  0x00000199a02c4ce0 WorkerThread "G1 Conc#0" [stack: 0x0000008080b00000,0x0000008080c00000] [id=16112]
  0x00000199a7dff750 WorkerThread "G1 Conc#1" [stack: 0x0000008082c00000,0x0000008082d00000] [id=12124]
  0x00000199a0308730 ConcurrentGCThread "G1 Refine#0" [stack: 0x0000008080c00000,0x0000008080d00000] [id=2912]
  0x00000199a6eaa110 ConcurrentGCThread "G1 Refine#1" [stack: 0x0000008082500000,0x0000008082600000] [id=10012]
  0x00000199a6eaabf0 ConcurrentGCThread "G1 Refine#2" [stack: 0x0000008082600000,0x0000008082700000] [id=2780]
  0x00000199a0308f50 ConcurrentGCThread "G1 Service" [stack: 0x0000008080d00000,0x0000008080e00000] [id=14376]

Threads with active compile tasks:

VM state: synchronizing (normal execution)

VM Mutex/Monitor currently owned by a thread:  ([mutex/lock_event])
[0x000001999054b9c0] Threads_lock - owner thread: 0x000001998e1d2c90

Heap address: 0x0000000702000000, size: 4064 MB, Compressed Oops mode: Zero based, Oop shift amount: 3

CDS archive(s) not mapped
Compressed class space mapped at: 0x0000000800000000-0x0000000840000000, reserved size: 1073741824
Narrow klass base: 0x0000000800000000, Narrow klass shift: 0, Narrow klass range: 0x40000000

GC Precious Log:
 CardTable entry size: 512
 Card Set container configuration: InlinePtr #cards 4 size 8 Array Of Cards #cards 16 size 48 Howl #buckets 8 coarsen threshold 3686 Howl Bitmap #cards 512 size 80 coarsen threshold 460 Card regions per heap region 1 cards per card region 4096
 CPUs: 6 total, 6 available
 Memory: 16255M
 Large Page Support: Disabled
 NUMA Support: Disabled
 Compressed Oops: Enabled (Zero based)
 Heap Region Size: 2M
 Heap Min Capacity: 8M
 Heap Initial Capacity: 254M
 Heap Max Capacity: 4064M
 Pre-touch: Disabled
 Parallel Workers: 6
 Concurrent Workers: 2
 Concurrent Refinement Workers: 6
 Periodic GC: Disabled

Heap:
 garbage-first heap   total 90112K, used 60682K [0x0000000702000000, 0x0000000800000000)
  region size 2048K, 15 young (30720K), 1 survivors (2048K)
 Metaspace       used 78293K, committed 79104K, reserved 1179648K
  class space    used 10192K, committed 10560K, reserved 1048576K

Heap Regions: E=young(eden), S=young(survivor), O=old, HS=humongous(starts), HC=humongous(continues), CS=collection set, F=free, OA=open archive, CA=closed archive, TAMS=top-at-mark-start (previous, next)
|   0|0x0000000702000000, 0x00000007021fffb0, 0x0000000702200000| 99%| O|  |TAMS 0x00000007021fffb0, 0x0000000702000000| Untracked 
|   1|0x0000000702200000, 0x0000000702400000, 0x0000000702400000|100%| O|  |TAMS 0x0000000702400000, 0x0000000702200000| Untracked 
|   2|0x0000000702400000, 0x0000000702600000, 0x0000000702600000|100%| O|  |TAMS 0x0000000702600000, 0x0000000702400000| Untracked 
|   3|0x0000000702600000, 0x00000007027fff50, 0x0000000702800000| 99%| O|  |TAMS 0x00000007027fff50, 0x0000000702600000| Untracked 
|   4|0x0000000702800000, 0x00000007029ffff0, 0x0000000702a00000| 99%| O|  |TAMS 0x00000007029ffff0, 0x0000000702800000| Untracked 
|   5|0x0000000702a00000, 0x0000000702bfffe0, 0x0000000702c00000| 99%| O|  |TAMS 0x0000000702bfffe0, 0x0000000702a00000| Untracked 
|   6|0x0000000702c00000, 0x0000000702dffbd8, 0x0000000702e00000| 99%| O|  |TAMS 0x0000000702dffbd8, 0x0000000702c00000| Untracked 
|   7|0x0000000702e00000, 0x0000000702ffffe0, 0x0000000703000000| 99%| O|  |TAMS 0x0000000702ffffe0, 0x0000000702e00000| Untracked 
|   8|0x0000000703000000, 0x00000007031fb838, 0x0000000703200000| 99%| O|  |TAMS 0x00000007031fb838, 0x0000000703000000| Untracked 
|   9|0x0000000703200000, 0x00000007033fffc0, 0x0000000703400000| 99%| O|  |TAMS 0x00000007033fffc0, 0x0000000703200000| Untracked 
|  10|0x0000000703400000, 0x00000007035fffb8, 0x0000000703600000| 99%| O|  |TAMS 0x00000007035fffb8, 0x0000000703400000| Untracked 
|  11|0x0000000703600000, 0x0000000703800000, 0x0000000703800000|100%| O|  |TAMS 0x0000000703800000, 0x0000000703600000| Untracked 
|  12|0x0000000703800000, 0x0000000703a00000, 0x0000000703a00000|100%| O|  |TAMS 0x0000000703800000, 0x0000000703800000| Untracked 
|  13|0x0000000703a00000, 0x0000000703a00000, 0x0000000703c00000|  0%| F|  |TAMS 0x0000000703a00000, 0x0000000703a00000| Untracked 
|  14|0x0000000703c00000, 0x0000000703e00000, 0x0000000703e00000|100%| O|  |TAMS 0x0000000703e00000, 0x0000000703c00000| Untracked 
|  15|0x0000000703e00000, 0x0000000703e00000, 0x0000000704000000|  0%| F|  |TAMS 0x0000000703e00000, 0x0000000703e00000| Untracked 
|  16|0x0000000704000000, 0x0000000704200000, 0x0000000704200000|100%| O|  |TAMS 0x0000000704200000, 0x0000000704000000| Untracked 
|  17|0x0000000704200000, 0x0000000704400000, 0x0000000704400000|100%| O|  |TAMS 0x00000007042c6800, 0x0000000704200000| Untracked 
|  18|0x0000000704400000, 0x00000007044c1c00, 0x0000000704600000| 37%| O|  |TAMS 0x0000000704400000, 0x0000000704400000| Untracked 
|  19|0x0000000704600000, 0x0000000704600000, 0x0000000704800000|  0%| F|  |TAMS 0x0000000704600000, 0x0000000704600000| Untracked 
|  20|0x0000000704800000, 0x0000000704800000, 0x0000000704a00000|  0%| F|  |TAMS 0x0000000704800000, 0x0000000704800000| Untracked 
|  21|0x0000000704a00000, 0x0000000704a00000, 0x0000000704c00000|  0%| F|  |TAMS 0x0000000704a00000, 0x0000000704a00000| Untracked 
|  22|0x0000000704c00000, 0x0000000704c00000, 0x0000000704e00000|  0%| F|  |TAMS 0x0000000704c00000, 0x0000000704c00000| Untracked 
|  23|0x0000000704e00000, 0x0000000704e00000, 0x0000000705000000|  0%| F|  |TAMS 0x0000000704e00000, 0x0000000704e00000| Untracked 
|  24|0x0000000705000000, 0x0000000705000000, 0x0000000705200000|  0%| F|  |TAMS 0x0000000705000000, 0x0000000705000000| Untracked 
|  25|0x0000000705200000, 0x0000000705200000, 0x0000000705400000|  0%| F|  |TAMS 0x0000000705200000, 0x0000000705200000| Untracked 
|  26|0x0000000705400000, 0x0000000705400000, 0x0000000705600000|  0%| F|  |TAMS 0x0000000705400000, 0x0000000705400000| Untracked 
|  27|0x0000000705600000, 0x0000000705600000, 0x0000000705800000|  0%| F|  |TAMS 0x0000000705600000, 0x0000000705600000| Untracked 
|  28|0x0000000705800000, 0x0000000705800000, 0x0000000705a00000|  0%| F|  |TAMS 0x0000000705800000, 0x0000000705800000| Untracked 
|  29|0x0000000705a00000, 0x0000000705a9fde0, 0x0000000705c00000| 31%| E|  |TAMS 0x0000000705a00000, 0x0000000705a00000| Complete 
|  30|0x0000000705c00000, 0x0000000705e00000, 0x0000000705e00000|100%| E|CS|TAMS 0x0000000705c00000, 0x0000000705c00000| Complete 
|  31|0x0000000705e00000, 0x0000000706000000, 0x0000000706000000|100%| E|CS|TAMS 0x0000000705e00000, 0x0000000705e00000| Complete 
|  32|0x0000000706000000, 0x0000000706200000, 0x0000000706200000|100%| E|CS|TAMS 0x0000000706000000, 0x0000000706000000| Complete 
|  33|0x0000000706200000, 0x0000000706400000, 0x0000000706400000|100%| E|CS|TAMS 0x0000000706200000, 0x0000000706200000| Complete 
|  34|0x0000000706400000, 0x0000000706600000, 0x0000000706600000|100%| E|CS|TAMS 0x0000000706400000, 0x0000000706400000| Complete 
|  35|0x0000000706600000, 0x0000000706800000, 0x0000000706800000|100%| E|CS|TAMS 0x0000000706600000, 0x0000000706600000| Complete 
|  36|0x0000000706800000, 0x0000000706a00000, 0x0000000706a00000|100%| E|CS|TAMS 0x0000000706800000, 0x0000000706800000| Complete 
|  37|0x0000000706a00000, 0x0000000706c00000, 0x0000000706c00000|100%| E|CS|TAMS 0x0000000706a00000, 0x0000000706a00000| Complete 
|  38|0x0000000706c00000, 0x0000000706e00000, 0x0000000706e00000|100%| E|CS|TAMS 0x0000000706c00000, 0x0000000706c00000| Complete 
|  39|0x0000000706e00000, 0x0000000707000000, 0x0000000707000000|100%| E|CS|TAMS 0x0000000706e00000, 0x0000000706e00000| Complete 
|  40|0x0000000707000000, 0x0000000707200000, 0x0000000707200000|100%| E|CS|TAMS 0x0000000707000000, 0x0000000707000000| Complete 
|  41|0x0000000707200000, 0x0000000707400000, 0x0000000707400000|100%| E|CS|TAMS 0x0000000707200000, 0x0000000707200000| Complete 
|  42|0x0000000707400000, 0x0000000707485d70, 0x0000000707600000| 26%| S|CS|TAMS 0x0000000707400000, 0x0000000707400000| Complete 
|  43|0x0000000707600000, 0x0000000707800000, 0x0000000707800000|100%| E|CS|TAMS 0x0000000707600000, 0x0000000707600000| Complete 

Card table byte_map: [0x00000199973e0000,0x0000019997bd0000] _byte_map_base: 0x0000019993bd0000

Marking Bits (Prev, Next): (CMBitMap*) 0x00000199905cd230, (CMBitMap*) 0x00000199905cd270
 Prev Bits: [0x00000199983c0000, 0x000001999c340000)
 Next Bits: [0x000001999c340000, 0x00000199a02c0000)

Polling page: 0x000001998e350000

Metaspace:

Usage:
  Non-class:     66.51 MB used.
      Class:      9.95 MB used.
       Both:     76.46 MB used.

Virtual space:
  Non-class space:      128.00 MB reserved,      66.94 MB ( 52%) committed,  2 nodes.
      Class space:        1.00 GB reserved,      10.31 MB (  1%) committed,  1 nodes.
             Both:        1.12 GB reserved,      77.25 MB (  7%) committed. 

Chunk freelists:
   Non-Class:  693.00 KB
       Class:  1.82 MB
        Both:  2.49 MB

MaxMetaspaceSize: unlimited
CompressedClassSpaceSize: 1.00 GB
Initial GC threshold: 21.00 MB
Current GC threshold: 128.88 MB
CDS: off
MetaspaceReclaimPolicy: balanced
 - commit_granule_bytes: 65536.
 - commit_granule_words: 8192.
 - virtual_space_node_default_size: 8388608.
 - enlarge_chunks_in_place: 1.
 - new_chunks_are_fully_committed: 0.
 - uncommit_free_chunks: 1.
 - use_allocation_guard: 0.


Internal statistics:

num_allocs_failed_limit: 9.
num_arena_births: 2674.
num_arena_deaths: 2028.
num_vsnodes_births: 3.
num_vsnodes_deaths: 0.
num_space_committed: 1252.
num_space_uncommitted: 14.
num_chunks_returned_to_freelist: 2969.
num_chunks_taken_from_freelist: 6279.
num_chunk_merges: 553.
num_chunk_splits: 3416.
num_chunks_enlarged: 2554.
num_inconsistent_stats: 0.

CodeCache: size=49152Kb used=29002Kb max_used=30098Kb free=20149Kb
 bounds [0x0000019993bf0000, 0x0000019995960000, 0x0000019996bf0000]
 total_blobs=15592 nmethods=14907 adapters=611
 compilation: enabled
              stopped_count=0, restarted_count=0
 full_count=0

Compilation events (20 events):
Event: 4316.656 Thread 0x00000199a6c4d200 14899       1       org.hibernate.engine.internal.StatefulPersistenceContext::addEntity (31 bytes)
Event: 4316.656 Thread 0x00000199a6c4d200 nmethod 14899 0x00000199957b8910 code [0x00000199957b8ac0, 0x00000199957b8c78]
Event: 4316.656 Thread 0x00000199a6c4d200 14902       1       org.hibernate.tuple.entity.AbstractEntityTuplizer::setPropertyValues (77 bytes)
Event: 4316.657 Thread 0x00000199a6c4d200 nmethod 14902 0x00000199957b8210 code [0x00000199957b83c0, 0x00000199957b8648]
Event: 4316.657 Thread 0x00000199a6c4d200 14900       1       org.hibernate.engine.internal.StatefulPersistenceContext::addEntity (45 bytes)
Event: 4316.657 Thread 0x00000199a6c4d200 nmethod 14900 0x00000199957b7c90 code [0x00000199957b7e60, 0x00000199957b80e8]
Event: 4316.657 Thread 0x00000199a6c4d200 14903       1       org.hibernate.persister.entity.AbstractEntityPersister::implementsLifecycle (10 bytes)
Event: 4316.657 Thread 0x00000199a6c4d200 nmethod 14903 0x00000199957b7910 code [0x00000199957b7aa0, 0x00000199957b7bb8]
Event: 4316.657 Thread 0x00000199a6c4d200 14901       1       org.hibernate.tuple.entity.PojoEntityTuplizer::setPropertyValues (45 bytes)
Event: 4316.657 Thread 0x00000199a6c4d200 nmethod 14901 0x00000199957b7410 code [0x00000199957b75e0, 0x00000199957b77d8]
Event: 4316.658 Thread 0x00000199a6c4d200 14904       1       java.text.DigitList::append (59 bytes)
Event: 4316.658 Thread 0x00000199a6c4d200 nmethod 14904 0x00000199957b6e90 code [0x00000199957b7040, 0x00000199957b7308]
Event: 4321.393 Thread 0x00000199a6c4d200 14905       1       java.io.DataOutputStream::writeUTF (7 bytes)
Event: 4321.393 Thread 0x00000199a6c4d200 nmethod 14905 0x00000199957b6b90 code [0x00000199957b6d20, 0x00000199957b6e08]
Event: 4321.393 Thread 0x00000199a6c4d200 14906  s    1       java.io.DataOutputStream::write (16 bytes)
Event: 4321.393 Thread 0x00000199a6c4d200 nmethod 14906 0x00000199957b6710 code [0x00000199957b68a0, 0x00000199957b6a88]
Event: 4335.915 Thread 0x00000199a6c4d200 14907       1       org.joda.time.PeriodType::size (6 bytes)
Event: 4335.915 Thread 0x00000199a6c4d200 nmethod 14907 0x00000199957b6110 code [0x00000199957b62a0, 0x00000199957b6378]
Event: 4359.437 Thread 0x00000199a6c4d200 14908       1       org.joda.time.PeriodType::indexOf (32 bytes)
Event: 4359.437 Thread 0x00000199a6c4d200 nmethod 14908 0x00000199957b5b10 code [0x00000199957b5ca0, 0x00000199957b5dd8]

GC Heap History (20 events):
Event: 4139.006 GC heap before
{Heap before GC invocations=106 (full 9):
 garbage-first heap   total 90112K, used 67345K [0x0000000702000000, 0x0000000800000000)
  region size 2048K, 19 young (38912K), 2 survivors (4096K)
 Metaspace       used 78111K, committed 78848K, reserved 1179648K
  class space    used 10175K, committed 10560K, reserved 1048576K
}
Event: 4139.009 GC heap after
{Heap after GC invocations=107 (full 9):
 garbage-first heap   total 90112K, used 34681K [0x0000000702000000, 0x0000000800000000)
  region size 2048K, 3 young (6144K), 3 survivors (6144K)
 Metaspace       used 78111K, committed 78848K, reserved 1179648K
  class space    used 10175K, committed 10560K, reserved 1048576K
}
Event: 4152.959 GC heap before
{Heap before GC invocations=108 (full 9):
 garbage-first heap   total 90112K, used 51065K [0x0000000702000000, 0x0000000800000000)
  region size 2048K, 12 young (24576K), 3 survivors (6144K)
 Metaspace       used 78181K, committed 78912K, reserved 1179648K
  class space    used 10187K, committed 10560K, reserved 1048576K
}
Event: 4152.994 GC heap after
{Heap after GC invocations=109 (full 10):
 garbage-first heap   total 90112K, used 27033K [0x0000000702000000, 0x0000000800000000)
  region size 2048K, 0 young (0K), 0 survivors (0K)
 Metaspace       used 77464K, committed 78912K, reserved 1179648K
  class space    used 10111K, committed 10560K, reserved 1048576K
}
Event: 4153.439 GC heap before
{Heap before GC invocations=109 (full 10):
 garbage-first heap   total 90112K, used 65945K [0x0000000702000000, 0x0000000800000000)
  region size 2048K, 19 young (38912K), 0 survivors (0K)
 Metaspace       used 77640K, committed 78912K, reserved 1179648K
  class space    used 10134K, committed 10560K, reserved 1048576K
}
Event: 4153.440 GC heap after
{Heap after GC invocations=110 (full 10):
 garbage-first heap   total 90112K, used 30048K [0x0000000702000000, 0x0000000800000000)
  region size 2048K, 2 young (4096K), 2 survivors (4096K)
 Metaspace       used 77640K, committed 78912K, reserved 1179648K
  class space    used 10134K, committed 10560K, reserved 1048576K
}
Event: 4154.298 GC heap before
{Heap before GC invocations=111 (full 10):
 garbage-first heap   total 90112K, used 64864K [0x0000000702000000, 0x0000000800000000)
  region size 2048K, 19 young (38912K), 2 survivors (4096K)
 Metaspace       used 77857K, committed 78912K, reserved 1179648K
  class space    used 10153K, committed 10560K, reserved 1048576K
}
Event: 4154.300 GC heap after
{Heap after GC invocations=112 (full 10):
 garbage-first heap   total 90112K, used 31951K [0x0000000702000000, 0x0000000800000000)
  region size 2048K, 3 young (6144K), 3 survivors (6144K)
 Metaspace       used 77857K, committed 78912K, reserved 1179648K
  class space    used 10153K, committed 10560K, reserved 1048576K
}
Event: 4154.309 GC heap before
{Heap before GC invocations=112 (full 10):
 garbage-first heap   total 90112K, used 33999K [0x0000000702000000, 0x0000000800000000)
  region size 2048K, 4 young (8192K), 3 survivors (6144K)
 Metaspace       used 77889K, committed 78912K, reserved 1179648K
  class space    used 10155K, committed 10560K, reserved 1048576K
}
Event: 4154.311 GC heap after
{Heap after GC invocations=113 (full 10):
 garbage-first heap   total 90112K, used 32660K [0x0000000702000000, 0x0000000800000000)
  region size 2048K, 1 young (2048K), 1 survivors (2048K)
 Metaspace       used 77889K, committed 78912K, reserved 1179648K
  class space    used 10155K, committed 10560K, reserved 1048576K
}
Event: 4154.413 GC heap before
{Heap before GC invocations=113 (full 10):
 garbage-first heap   total 90112K, used 65428K [0x0000000702000000, 0x0000000800000000)
  region size 2048K, 17 young (34816K), 1 survivors (2048K)
 Metaspace       used 78073K, committed 78912K, reserved 1179648K
  class space    used 10166K, committed 10560K, reserved 1048576K
}
Event: 4154.414 GC heap after
{Heap after GC invocations=114 (full 10):
 garbage-first heap   total 90112K, used 33239K [0x0000000702000000, 0x0000000800000000)
  region size 2048K, 1 young (2048K), 1 survivors (2048K)
 Metaspace       used 78073K, committed 78912K, reserved 1179648K
  class space    used 10166K, committed 10560K, reserved 1048576K
}
Event: 4172.270 GC heap before
{Heap before GC invocations=115 (full 10):
 garbage-first heap   total 90112K, used 66007K [0x0000000702000000, 0x0000000800000000)
  region size 2048K, 17 young (34816K), 1 survivors (2048K)
 Metaspace       used 78297K, committed 78976K, reserved 1179648K
  class space    used 10205K, committed 10560K, reserved 1048576K
}
Event: 4172.272 GC heap after
{Heap after GC invocations=116 (full 10):
 garbage-first heap   total 90112K, used 35804K [0x0000000702000000, 0x0000000800000000)
  region size 2048K, 2 young (4096K), 2 survivors (4096K)
 Metaspace       used 78297K, committed 78976K, reserved 1179648K
  class space    used 10205K, committed 10560K, reserved 1048576K
}
Event: 4229.414 GC heap before
{Heap before GC invocations=116 (full 10):
 garbage-first heap   total 90112K, used 66524K [0x0000000702000000, 0x0000000800000000)
  region size 2048K, 17 young (34816K), 2 survivors (4096K)
 Metaspace       used 78399K, committed 79040K, reserved 1179648K
  class space    used 10222K, committed 10560K, reserved 1048576K
}
Event: 4229.416 GC heap after
{Heap after GC invocations=117 (full 10):
 garbage-first heap   total 90112K, used 35987K [0x0000000702000000, 0x0000000800000000)
  region size 2048K, 2 young (4096K), 2 survivors (4096K)
 Metaspace       used 78399K, committed 79040K, reserved 1179648K
  class space    used 10222K, committed 10560K, reserved 1048576K
}
Event: 4295.602 GC heap before
{Heap before GC invocations=118 (full 10):
 garbage-first heap   total 90112K, used 68755K [0x0000000702000000, 0x0000000800000000)
  region size 2048K, 18 young (36864K), 2 survivors (4096K)
 Metaspace       used 78197K, committed 79040K, reserved 1179648K
  class space    used 10180K, committed 10560K, reserved 1048576K
}
Event: 4295.604 GC heap after
{Heap after GC invocations=119 (full 10):
 garbage-first heap   total 90112K, used 35914K [0x0000000702000000, 0x0000000800000000)
  region size 2048K, 2 young (4096K), 2 survivors (4096K)
 Metaspace       used 78197K, committed 79040K, reserved 1179648K
  class space    used 10180K, committed 10560K, reserved 1048576K
}
Event: 4300.729 GC heap before
{Heap before GC invocations=119 (full 10):
 garbage-first heap   total 90112K, used 37962K [0x0000000702000000, 0x0000000800000000)
  region size 2048K, 3 young (6144K), 2 survivors (4096K)
 Metaspace       used 78197K, committed 79040K, reserved 1179648K
  class space    used 10180K, committed 10560K, reserved 1048576K
}
Event: 4300.731 GC heap after
{Heap after GC invocations=120 (full 10):
 garbage-first heap   total 90112K, used 34058K [0x0000000702000000, 0x0000000800000000)
  region size 2048K, 1 young (2048K), 1 survivors (2048K)
 Metaspace       used 78197K, committed 79040K, reserved 1179648K
  class space    used 10180K, committed 10560K, reserved 1048576K
}

Deoptimization events (20 events):
Event: 4321.394 Thread 0x00000199a9d5ba30 DEOPT PACKING pc=0x000001999523eaac sp=0x00000080818fe400
Event: 4321.394 Thread 0x00000199a9d5ba30 DEOPT UNPACKING pc=0x0000019993c42b43 sp=0x00000080818fd928 mode 1
Event: 4321.394 Thread 0x00000199a9d5ba30 DEOPT PACKING pc=0x00000199948bff94 sp=0x00000080818fe2f0
Event: 4321.394 Thread 0x00000199a9d5ba30 DEOPT UNPACKING pc=0x0000019993c42b43 sp=0x00000080818fd840 mode 1
Event: 4321.394 Thread 0x00000199a9d5ba30 DEOPT PACKING pc=0x000001999523eaac sp=0x00000080818fe400
Event: 4321.394 Thread 0x00000199a9d5ba30 DEOPT UNPACKING pc=0x0000019993c42b43 sp=0x00000080818fd928 mode 1
Event: 4321.394 Thread 0x00000199a9d5ba30 DEOPT PACKING pc=0x00000199948bff94 sp=0x00000080818fe2f0
Event: 4321.394 Thread 0x00000199a9d5ba30 DEOPT UNPACKING pc=0x0000019993c42b43 sp=0x00000080818fd840 mode 1
Event: 4321.394 Thread 0x00000199a9d5ba30 DEOPT PACKING pc=0x000001999523eaac sp=0x00000080818fe400
Event: 4321.394 Thread 0x00000199a9d5ba30 DEOPT UNPACKING pc=0x0000019993c42b43 sp=0x00000080818fd928 mode 1
Event: 4321.394 Thread 0x00000199a9d5ba30 DEOPT PACKING pc=0x00000199948bff94 sp=0x00000080818fe340
Event: 4321.394 Thread 0x00000199a9d5ba30 DEOPT UNPACKING pc=0x0000019993c42b43 sp=0x00000080818fd8a8 mode 1
Event: 4321.394 Thread 0x00000199a9d5ba30 DEOPT PACKING pc=0x00000199948bff94 sp=0x00000080818fe340
Event: 4321.394 Thread 0x00000199a9d5ba30 DEOPT UNPACKING pc=0x0000019993c42b43 sp=0x00000080818fd8a8 mode 1
Event: 4321.394 Thread 0x00000199a9d5ba30 DEOPT PACKING pc=0x00000199948bff94 sp=0x00000080818fe340
Event: 4321.394 Thread 0x00000199a9d5ba30 DEOPT UNPACKING pc=0x0000019993c42b43 sp=0x00000080818fd8a8 mode 1
Event: 4321.394 Thread 0x00000199a9d5ba30 DEOPT PACKING pc=0x00000199948bff94 sp=0x00000080818fe340
Event: 4321.394 Thread 0x00000199a9d5ba30 DEOPT UNPACKING pc=0x0000019993c42b43 sp=0x00000080818fd8a8 mode 1
Event: 4373.769 Thread 0x00000199a9fb2bd0 DEOPT PACKING pc=0x00000199951a49ac sp=0x0000008083efad50
Event: 4373.769 Thread 0x00000199a9fb2bd0 DEOPT UNPACKING pc=0x0000019993c42b43 sp=0x0000008083efa1f8 mode 0

Classes loaded (20 events):
Event: 4154.269 Loading class java/lang/ObjectCustomizer
Event: 4154.269 Loading class java/lang/ObjectCustomizer done
Event: 4154.365 Loading class java/lang/ObjectCustomizer
Event: 4154.365 Loading class java/lang/ObjectCustomizer done
Event: 4154.365 Loading class java/lang/ObjectCustomizer
Event: 4154.365 Loading class java/lang/ObjectCustomizer done
Event: 4160.468 Loading class java/lang/ObjectCustomizer
Event: 4160.468 Loading class java/lang/ObjectCustomizer done
Event: 4160.469 Loading class java/lang/ObjectCustomizer
Event: 4160.469 Loading class java/lang/ObjectCustomizer done
Event: 4160.470 Loading class java/lang/StringEditor
Event: 4160.470 Loading class java/lang/StringEditor done
Event: 4169.552 Loading class java/text/ParsePosition
Event: 4169.552 Loading class java/text/ParsePosition done
Event: 4169.552 Loading class java/text/CalendarBuilder
Event: 4169.552 Loading class java/text/CalendarBuilder done
Event: 4172.607 Loading class java/lang/ObjectCustomizer
Event: 4172.607 Loading class java/lang/ObjectCustomizer done
Event: 4172.607 Loading class java/lang/ObjectCustomizer
Event: 4172.607 Loading class java/lang/ObjectCustomizer done

Classes unloaded (20 events):
Event: 4229.434 Thread 0x000001998e1d2c90 Unloading class 0x0000000800268c00 'jdk/internal/reflect/GeneratedSerializationConstructorAccessor138'
Event: 4229.434 Thread 0x000001998e1d2c90 Unloading class 0x00000008009f0800 'jdk/internal/reflect/GeneratedSerializationConstructorAccessor137'
Event: 4229.434 Thread 0x000001998e1d2c90 Unloading class 0x0000000800143c00 'jdk/internal/reflect/GeneratedSerializationConstructorAccessor136'
Event: 4229.434 Thread 0x000001998e1d2c90 Unloading class 0x0000000800265c00 'jdk/internal/reflect/GeneratedSerializationConstructorAccessor135'
Event: 4229.434 Thread 0x000001998e1d2c90 Unloading class 0x0000000800000400 'jdk/internal/reflect/GeneratedSerializationConstructorAccessor134'
Event: 4229.434 Thread 0x000001998e1d2c90 Unloading class 0x00000008004b5800 'jdk/internal/reflect/GeneratedSerializationConstructorAccessor133'
Event: 4229.434 Thread 0x000001998e1d2c90 Unloading class 0x000000080055dc00 'java/lang/invoke/LambdaForm$MH+0x000000080055dc00'
Event: 4229.434 Thread 0x000001998e1d2c90 Unloading class 0x0000000800485800 'jdk/internal/reflect/GeneratedSerializationConstructorAccessor132'
Event: 4229.434 Thread 0x000001998e1d2c90 Unloading class 0x0000000800a42400 'jdk/internal/reflect/GeneratedSerializationConstructorAccessor131'
Event: 4229.434 Thread 0x000001998e1d2c90 Unloading class 0x0000000800a39000 'jdk/internal/reflect/GeneratedSerializationConstructorAccessor130'
Event: 4229.434 Thread 0x000001998e1d2c90 Unloading class 0x0000000800268000 'jdk/internal/reflect/GeneratedSerializationConstructorAccessor129'
Event: 4229.434 Thread 0x000001998e1d2c90 Unloading class 0x0000000800144c00 'jdk/internal/reflect/GeneratedSerializationConstructorAccessor128'
Event: 4229.434 Thread 0x000001998e1d2c90 Unloading class 0x00000008000c3400 'jdk/internal/reflect/GeneratedSerializationConstructorAccessor127'
Event: 4229.434 Thread 0x000001998e1d2c90 Unloading class 0x00000008004b7000 'jdk/internal/reflect/GeneratedSerializationConstructorAccessor126'
Event: 4229.434 Thread 0x000001998e1d2c90 Unloading class 0x0000000800908800 'jdk/internal/reflect/GeneratedSerializationConstructorAccessor125'
Event: 4229.434 Thread 0x000001998e1d2c90 Unloading class 0x0000000800144400 'jdk/internal/reflect/GeneratedSerializationConstructorAccessor124'
Event: 4229.434 Thread 0x000001998e1d2c90 Unloading class 0x0000000800143000 'jdk/internal/reflect/GeneratedSerializationConstructorAccessor123'
Event: 4229.434 Thread 0x000001998e1d2c90 Unloading class 0x0000000800146c00 'jdk/internal/reflect/GeneratedSerializationConstructorAccessor122'
Event: 4229.434 Thread 0x000001998e1d2c90 Unloading class 0x00000008009e8c00 'jdk/internal/reflect/GeneratedSerializationConstructorAccessor121'
Event: 4229.434 Thread 0x000001998e1d2c90 Unloading class 0x00000008009f4c00 'jdk/internal/reflect/GeneratedSerializationConstructorAccessor120'

Classes redefined (20 events):
Event: 3845.994 Thread 0x000001998e1d2c90 redefined class name=co.edu.ucentral.mtto.controller.IndexController, count=2
Event: 3845.994 Thread 0x000001998e1d2c90 redefined class name=co.edu.ucentral.mtto.controller.IndexController, count=5
Event: 3845.994 Thread 0x000001998e1d2c90 redefined class name=co.edu.ucentral.mtto.controller.IndexController, count=1
Event: 3845.994 Thread 0x000001998e1d2c90 redefined class name=co.edu.ucentral.mtto.controller.IndexController, count=5
Event: 3973.530 Thread 0x000001998e1d2c90 redefined class name=co.edu.ucentral.mtto.controller.IndexController, count=3
Event: 3973.530 Thread 0x000001998e1d2c90 redefined class name=co.edu.ucentral.mtto.controller.IndexController, count=6
Event: 3973.530 Thread 0x000001998e1d2c90 redefined class name=co.edu.ucentral.mtto.controller.IndexController, count=2
Event: 3973.530 Thread 0x000001998e1d2c90 redefined class name=co.edu.ucentral.mtto.controller.IndexController, count=6
Event: 3973.530 Thread 0x000001998e1d2c90 redefined class name=co.edu.ucentral.mtto.controller.IndexController, count=1
Event: 4136.266 Thread 0x000001998e1d2c90 redefined class name=co.edu.ucentral.mtto.controller.IndexController, count=7
Event: 4136.266 Thread 0x000001998e1d2c90 redefined class name=co.edu.ucentral.mtto.controller.IndexController, count=1
Event: 4136.266 Thread 0x000001998e1d2c90 redefined class name=co.edu.ucentral.mtto.controller.IndexController, count=7
Event: 4151.788 Thread 0x000001998e1d2c90 redefined class name=co.edu.ucentral.mtto.controller.IndexController, count=8
Event: 4151.788 Thread 0x000001998e1d2c90 redefined class name=co.edu.ucentral.mtto.controller.IndexController, count=2
Event: 4151.788 Thread 0x000001998e1d2c90 redefined class name=co.edu.ucentral.mtto.controller.IndexController, count=8
Event: 4151.788 Thread 0x000001998e1d2c90 redefined class name=co.edu.ucentral.mtto.controller.IndexController, count=1
Event: 4373.791 Thread 0x000001998e1d2c90 redefined class name=co.edu.ucentral.mtto.controller.IndexController, count=9
Event: 4373.791 Thread 0x000001998e1d2c90 redefined class name=co.edu.ucentral.mtto.controller.IndexController, count=9
Event: 4373.791 Thread 0x000001998e1d2c90 redefined class name=co.edu.ucentral.mtto.controller.IndexController, count=1
Event: 4373.791 Thread 0x000001998e1d2c90 redefined class name=co.edu.ucentral.mtto.controller.IndexController, count=2

Internal exceptions (20 events):
Event: 4154.268 Thread 0x00000199a9d5d240 Exception <a 'java/lang/ClassNotFoundException'{0x000000070601ffc0}: co/edu/ucentral/mtto/model/EstadoCustomizer> (0x000000070601ffc0) 
thrown [s\src\hotspot\share\classfile\systemDictionary.cpp, line 255]
Event: 4154.269 Thread 0x00000199a9d5d240 Exception <a 'java/lang/ClassNotFoundException'{0x0000000706055588}: java/lang/ObjectCustomizer> (0x0000000706055588) 
thrown [s\src\hotspot\share\classfile\systemDictionary.cpp, line 255]
Event: 4154.270 Thread 0x00000199a9d5d240 Exception <a 'java/lang/ClassNotFoundException'{0x000000070605e710}: co/edu/ucentral/mtto/model/EncuestaCustomizer> (0x000000070605e710) 
thrown [s\src\hotspot\share\classfile\systemDictionary.cpp, line 255]
Event: 4154.365 Thread 0x00000199a9d5d240 Exception <a 'java/lang/ClassNotFoundException'{0x0000000706160048}: java/lang/ObjectCustomizer> (0x0000000706160048) 
thrown [s\src\hotspot\share\classfile\systemDictionary.cpp, line 255]
Event: 4154.366 Thread 0x00000199a9d5d240 Exception <a 'java/lang/ClassNotFoundException'{0x0000000706168b30}: org/springframework/security/config/annotation/web/configuration/WebSecurityConfigurerAdapterCustomizer> (0x0000000706168b30) 
thrown [s\src\hotspot\share\classfile\systemDictionary.cpp, line 255]
Event: 4154.366 Thread 0x00000199a9d5d240 Exception <a 'java/lang/ClassNotFoundException'{0x0000000706178550}: co/edu/ucentral/mtto/security/DatabaseWebSecurityCustomizer> (0x0000000706178550) 
thrown [s\src\hotspot\share\classfile\systemDictionary.cpp, line 255]
Event: 4154.367 Thread 0x00000199a9d5d240 Exception <a 'java/lang/ClassNotFoundException'{0x0000000706181298}: co/edu/ucentral/mtto/security/DatabaseWebSecurity$$EnhancerBySpringCGLIB$$fbac14b5Customizer> (0x0000000706181298) 
thrown [s\src\hotspot\share\classfile\systemDictionary.cpp, line 255]
Event: 4154.368 Thread 0x00000199a9d5d240 Exception <a 'java/lang/ClassNotFoundException'{0x0000000706194450}: org/springframework/context/annotation/ConfigurationClassEnhancer$EnhancedConfigurationCustomizer> (0x0000000706194450) 
thrown [s\src\hotspot\share\classfile\systemDictionary.cpp, line 255]
Event: 4154.368 Thread 0x00000199a9d5d240 Exception <a 'java/lang/ClassNotFoundException'{0x0000000706198f90}: org/springframework/beans/factory/BeanFactoryAwareCustomizer> (0x0000000706198f90) 
thrown [s\src\hotspot\share\classfile\systemDictionary.cpp, line 255]
Event: 4154.368 Thread 0x00000199a9d5d240 Exception <a 'java/lang/ClassNotFoundException'{0x000000070619ef68}: org/springframework/beans/factory/AwareCustomizer> (0x000000070619ef68) 
thrown [s\src\hotspot\share\classfile\systemDictionary.cpp, line 255]
Event: 4154.369 Thread 0x00000199a9d5d240 Exception <a 'java/lang/ClassNotFoundException'{0x00000007061a40f8}: org/springframework/security/config/annotation/web/WebSecurityConfigurerCustomizer> (0x00000007061a40f8) 
thrown [s\src\hotspot\share\classfile\systemDictionary.cpp, line 255]
Event: 4154.369 Thread 0x00000199a9d5d240 Exception <a 'java/lang/ClassNotFoundException'{0x00000007061a91c8}: org/springframework/security/config/annotation/SecurityConfigurerCustomizer> (0x00000007061a91c8) 
thrown [s\src\hotspot\share\classfile\systemDictionary.cpp, line 255]
Event: 4160.460 Thread 0x00000199a9fb4d80 Exception <a 'java/lang/NoSuchMethodError'{0x0000000706e9a320}: 'java.lang.Object java.lang.invoke.DirectMethodHandle$Holder.invokeVirtual(java.lang.Object, java.lang.Object, java.lang.Object, java.lang.Object, java.lang.Object, java.lang.Object)'> (0x0000000706e9a320) 
thrown [s\src\hotspot\share\interpreter\linkResolver.cpp, line 766]
Event: 4160.469 Thread 0x00000199a9fb4d80 Exception <a 'java/lang/ClassNotFoundException'{0x000000070653e990}: java/lang/ObjectCustomizer> (0x000000070653e990) 
thrown [s\src\hotspot\share\classfile\systemDictionary.cpp, line 255]
Event: 4160.470 Thread 0x00000199a9fb4d80 Exception <a 'java/lang/ClassNotFoundException'{0x000000070654bc40}: co/edu/ucentral/mtto/model/SoporteCustomizer> (0x000000070654bc40) 
thrown [s\src\hotspot\share\classfile\systemDictionary.cpp, line 255]
Event: 4161.900 Thread 0x00000199a9fb3f10 Exception <a 'java/lang/NoSuchMethodError'{0x00000007063272f8}: 'long java.lang.invoke.DirectMethodHandle$Holder.invokeVirtual(java.lang.Object, java.lang.Object)'> (0x00000007063272f8) 
thrown [s\src\hotspot\share\interpreter\linkResolver.cpp, line 766]
Event: 4166.615 Thread 0x00000199a9fb1890 Exception <a 'java/lang/NoSuchMethodError'{0x0000000705fb0208}: 'double java.lang.invoke.DirectMethodHandle$Holder.invokeVirtual(java.lang.Object, java.lang.Object)'> (0x0000000705fb0208) 
thrown [s\src\hotspot\share\interpreter\linkResolver.cpp, line 766]
Event: 4166.615 Thread 0x00000199a9fb1890 Exception <a 'java/lang/NoSuchMethodError'{0x0000000705fb7cc8}: 'double java.lang.invoke.DelegatingMethodHandle$Holder.reinvoke_L(java.lang.Object, java.lang.Object)'> (0x0000000705fb7cc8) 
thrown [s\src\hotspot\share\interpreter\linkResolver.cpp, line 766]
Event: 4172.607 Thread 0x00000199a9fb3f10 Exception <a 'java/lang/ClassNotFoundException'{0x000000070779b548}: java/lang/ObjectCustomizer> (0x000000070779b548) 
thrown [s\src\hotspot\share\classfile\systemDictionary.cpp, line 255]
Event: 4172.608 Thread 0x00000199a9fb3f10 Exception <a 'java/lang/ClassNotFoundException'{0x00000007077a8ae0}: co/edu/ucentral/mtto/model/TecnicosCustomizer> (0x00000007077a8ae0) 
thrown [s\src\hotspot\share\classfile\systemDictionary.cpp, line 255]

VM Operations (20 events):
Event: 4372.372 Executing VM operation: get/set locals
Event: 4372.372 Executing VM operation: get/set locals done
Event: 4372.372 Executing VM operation: get/set locals
Event: 4372.372 Executing VM operation: get/set locals done
Event: 4373.769 Executing VM operation: ChangeSingleStep
Event: 4373.769 Executing VM operation: ChangeSingleStep done
Event: 4373.769 Executing VM operation: ChangeSingleStep
Event: 4373.769 Executing VM operation: ChangeSingleStep done
Event: 4373.780 Executing VM operation: RedefineClasses
Event: 4373.809 Executing VM operation: RedefineClasses done
Event: 4373.822 Executing VM operation: ChangeBreakpoints
Event: 4373.825 Executing VM operation: ChangeBreakpoints done
Event: 4373.826 Executing VM operation: ChangeBreakpoints
Event: 4373.828 Executing VM operation: ChangeBreakpoints done
Event: 4373.830 Executing VM operation: ChangeBreakpoints
Event: 4373.832 Executing VM operation: ChangeBreakpoints done
Event: 4373.834 Executing VM operation: ChangeBreakpoints
Event: 4373.836 Executing VM operation: ChangeBreakpoints done
Event: 4373.838 Executing VM operation: ChangeSingleStep
Event: 4373.838 Executing VM operation: ChangeSingleStep done

Events (20 events):
Event: 4159.666 Thread 0x00000199a9ec60c0 Thread exited: 0x00000199a9ec60c0
Event: 4161.898 Thread 0x00000199a9ec4260 Thread added: 0x00000199a9ec4260
Event: 4163.610 Thread 0x00000199a9ec4260 Thread exited: 0x00000199a9ec4260
Event: 4170.979 Thread 0x00000199a9ec60c0 Thread added: 0x00000199a9ec60c0
Event: 4174.898 Thread 0x00000199a9ec60c0 Thread exited: 0x00000199a9ec60c0
Event: 4176.294 Thread 0x00000199a9ec7f20 Thread added: 0x00000199a9ec7f20
Event: 4184.085 Thread 0x00000199a9ec7f20 Thread exited: 0x00000199a9ec7f20
Event: 4199.459 Thread 0x00000199a9ec9870 Thread added: 0x00000199a9ec9870
Event: 4199.459 Thread 0x00000199a9ec9360 Thread added: 0x00000199a9ec9360
Event: 4204.483 Thread 0x00000199a9ec9360 Thread exited: 0x00000199a9ec9360
Event: 4204.483 Thread 0x00000199a9ec9870 Thread exited: 0x00000199a9ec9870
Event: 4244.074 Thread 0x00000199a9fb13c0 Thread exited: 0x00000199a9fb13c0
Event: 4244.074 Thread 0x00000199a9fb6a60 Thread exited: 0x00000199a9fb6a60
Event: 4244.079 Thread 0x00000199a9d58540 Thread exited: 0x00000199a9d58540
Event: 4290.938 Thread 0x00000199a9ec60c0 Thread added: 0x00000199a9ec60c0
Event: 4292.979 Thread 0x00000199a9ec60c0 Thread exited: 0x00000199a9ec60c0
Event: 4292.988 Thread 0x00000199a9ec60c0 Thread added: 0x00000199a9ec60c0
Event: 4292.988 Thread 0x00000199a9ec65d0 Thread added: 0x00000199a9ec65d0
Event: 4298.765 Thread 0x00000199a9ec65d0 Thread exited: 0x00000199a9ec65d0
Event: 4303.765 Thread 0x00000199a9ec60c0 Thread exited: 0x00000199a9ec60c0


Dynamic libraries:
0x00007ff60f180000 - 0x00007ff60f18e000 	C:\Users\NicolasMarroquin\.p2\pool\plugins\org.eclipse.justj.openjdk.hotspot.jre.full.win32.x86_64_18.0.1.v20220515-1614\jre\bin\javaw.exe
0x00007ffd00150000 - 0x00007ffd00345000 	C:\Windows\SYSTEM32\ntdll.dll
0x00007ffcfff30000 - 0x00007ffcfffed000 	C:\Windows\System32\KERNEL32.DLL
0x00007ffcfdd20000 - 0x00007ffcfdfed000 	C:\Windows\System32\KERNELBASE.dll
0x00007ffcfd860000 - 0x00007ffcfd960000 	C:\Windows\System32\ucrtbase.dll
0x00007ffcf57b0000 - 0x00007ffcf57c7000 	C:\Users\NicolasMarroquin\.p2\pool\plugins\org.eclipse.justj.openjdk.hotspot.jre.full.win32.x86_64_18.0.1.v20220515-1614\jre\bin\jli.dll
0x00007ffcff740000 - 0x00007ffcff8e0000 	C:\Windows\System32\USER32.dll
0x00007ffcfdcf0000 - 0x00007ffcfdd12000 	C:\Windows\System32\win32u.dll
0x00007ffcffd50000 - 0x00007ffcffd7a000 	C:\Windows\System32\GDI32.dll
0x00007ffcfe090000 - 0x00007ffcfe19b000 	C:\Windows\System32\gdi32full.dll
0x00007ffcfdff0000 - 0x00007ffcfe08d000 	C:\Windows\System32\msvcp_win.dll
0x00007ffceac30000 - 0x00007ffceac49000 	C:\Users\NicolasMarroquin\.p2\pool\plugins\org.eclipse.justj.openjdk.hotspot.jre.full.win32.x86_64_18.0.1.v20220515-1614\jre\bin\VCRUNTIME140.dll
0x00007ffce8bb0000 - 0x00007ffce8e4a000 	C:\Windows\WinSxS\amd64_microsoft.windows.common-controls_6595b64144ccf1df_6.0.19041.1110_none_60b5254171f9507e\COMCTL32.dll
0x00007ffcffcb0000 - 0x00007ffcffd4e000 	C:\Windows\System32\msvcrt.dll
0x00007ffcff990000 - 0x00007ffcff9c0000 	C:\Windows\System32\IMM32.DLL
0x00007ffce9cb0000 - 0x00007ffce9e1a000 	C:\Program Files (x86)\Citrix\ICA Client\epclient64.dll
0x00007ffcfdcc0000 - 0x00007ffcfdce7000 	C:\Windows\System32\bcrypt.dll
0x00007ffcfd3f0000 - 0x00007ffcfd3fa000 	C:\Windows\SYSTEM32\VERSION.dll
0x00007ffcff8e0000 - 0x00007ffcff98e000 	C:\Windows\System32\ADVAPI32.dll
0x00007ffd00070000 - 0x00007ffd0010c000 	C:\Windows\System32\sechost.dll
0x00007ffcff9c0000 - 0x00007ffcffae5000 	C:\Windows\System32\RPCRT4.dll
0x00007ffcfc4f0000 - 0x00007ffcfc523000 	C:\Windows\SYSTEM32\ntmarta.dll
0x00007ffcfc0d0000 - 0x00007ffcfc0e2000 	C:\Windows\SYSTEM32\kernel.appcore.dll
0x00007ffcf7580000 - 0x00007ffcf758c000 	C:\Users\NicolasMarroquin\.p2\pool\plugins\org.eclipse.justj.openjdk.hotspot.jre.full.win32.x86_64_18.0.1.v20220515-1614\jre\bin\vcruntime140_1.dll
0x00007ffce4780000 - 0x00007ffce4811000 	C:\Users\NicolasMarroquin\.p2\pool\plugins\org.eclipse.justj.openjdk.hotspot.jre.full.win32.x86_64_18.0.1.v20220515-1614\jre\bin\msvcp140.dll
0x00007ffcd38b0000 - 0x00007ffcd4539000 	C:\Users\NicolasMarroquin\.p2\pool\plugins\org.eclipse.justj.openjdk.hotspot.jre.full.win32.x86_64_18.0.1.v20220515-1614\jre\bin\server\jvm.dll
0x00007ffcfe4c0000 - 0x00007ffcfe4c8000 	C:\Windows\System32\PSAPI.DLL
0x00007ffcf7aa0000 - 0x00007ffcf7aa9000 	C:\Windows\SYSTEM32\WSOCK32.dll
0x00007ffcfea10000 - 0x00007ffcfea7b000 	C:\Windows\System32\WS2_32.dll
0x00007ffce94c0000 - 0x00007ffce94e7000 	C:\Windows\SYSTEM32\WINMM.dll
0x00007ffcfa1e0000 - 0x00007ffcfa1ea000 	C:\Users\NicolasMarroquin\.p2\pool\plugins\org.eclipse.justj.openjdk.hotspot.jre.full.win32.x86_64_18.0.1.v20220515-1614\jre\bin\jimage.dll
0x00007ffcfbbf0000 - 0x00007ffcfbdd4000 	C:\Windows\SYSTEM32\DBGHELP.DLL
0x00007ffcecaf0000 - 0x00007ffcecb1c000 	C:\Windows\SYSTEM32\dbgcore.DLL
0x00007ffcfdc30000 - 0x00007ffcfdcb2000 	C:\Windows\System32\bcryptPrimitives.dll
0x00007ffcd83f0000 - 0x00007ffcd842b000 	C:\Users\NicolasMarroquin\.p2\pool\plugins\org.eclipse.justj.openjdk.hotspot.jre.full.win32.x86_64_18.0.1.v20220515-1614\jre\bin\jdwp.dll
0x00007ffcea8c0000 - 0x00007ffcea8ce000 	C:\Users\NicolasMarroquin\.p2\pool\plugins\org.eclipse.justj.openjdk.hotspot.jre.full.win32.x86_64_18.0.1.v20220515-1614\jre\bin\instrument.dll
0x00007ffcf78a0000 - 0x00007ffcf78c5000 	C:\Users\NicolasMarroquin\.p2\pool\plugins\org.eclipse.justj.openjdk.hotspot.jre.full.win32.x86_64_18.0.1.v20220515-1614\jre\bin\java.dll
0x00007ffcf8eb0000 - 0x00007ffcf8ec8000 	C:\Users\NicolasMarroquin\.p2\pool\plugins\org.eclipse.justj.openjdk.hotspot.jre.full.win32.x86_64_18.0.1.v20220515-1614\jre\bin\zip.dll
0x00007ffcfea80000 - 0x00007ffcff1c4000 	C:\Windows\System32\SHELL32.dll
0x00007ffcfb450000 - 0x00007ffcfbbe4000 	C:\Windows\SYSTEM32\windows.storage.dll
0x00007ffcff380000 - 0x00007ffcff6d4000 	C:\Windows\System32\combase.dll
0x00007ffcfd1e0000 - 0x00007ffcfd20c000 	C:\Windows\SYSTEM32\Wldp.dll
0x00007ffcfe260000 - 0x00007ffcfe30d000 	C:\Windows\System32\SHCORE.dll
0x00007ffcff6e0000 - 0x00007ffcff735000 	C:\Windows\System32\shlwapi.dll
0x00007ffcfd7a0000 - 0x00007ffcfd7bf000 	C:\Windows\SYSTEM32\profapi.dll
0x00007ffcea8b0000 - 0x00007ffcea8bc000 	C:\Users\NicolasMarroquin\.p2\pool\plugins\org.eclipse.justj.openjdk.hotspot.jre.full.win32.x86_64_18.0.1.v20220515-1614\jre\bin\dt_socket.dll
0x00007ffcfcc30000 - 0x00007ffcfcc6b000 	C:\Windows\SYSTEM32\IPHLPAPI.DLL
0x00007ffcfcf40000 - 0x00007ffcfcfaa000 	C:\Windows\system32\mswsock.dll
0x00007ffcfcc70000 - 0x00007ffcfcd3b000 	C:\Windows\SYSTEM32\DNSAPI.dll
0x000001998e3e0000 - 0x000001998e3e8000 	C:\Windows\System32\NSI.dll
0x00007ffcf5f20000 - 0x00007ffcf5f2a000 	C:\Windows\System32\rasadhlp.dll
0x00007ffcf3a70000 - 0x00007ffcf3af0000 	C:\Windows\System32\fwpuclnt.dll
0x00007ffcf7980000 - 0x00007ffcf7993000 	C:\Users\NicolasMarroquin\.p2\pool\plugins\org.eclipse.justj.openjdk.hotspot.jre.full.win32.x86_64_18.0.1.v20220515-1614\jre\bin\net.dll
0x00007ffcf42e0000 - 0x00007ffcf43ea000 	C:\Windows\SYSTEM32\WINHTTP.dll
0x00007ffcf73d0000 - 0x00007ffcf73e6000 	C:\Users\NicolasMarroquin\.p2\pool\plugins\org.eclipse.justj.openjdk.hotspot.jre.full.win32.x86_64_18.0.1.v20220515-1614\jre\bin\nio.dll
0x00007ffcf7950000 - 0x00007ffcf7959000 	C:\Users\NicolasMarroquin\.p2\pool\plugins\org.eclipse.justj.openjdk.hotspot.jre.full.win32.x86_64_18.0.1.v20220515-1614\jre\bin\management.dll
0x00007ffcf7850000 - 0x00007ffcf785b000 	C:\Users\NicolasMarroquin\.p2\pool\plugins\org.eclipse.justj.openjdk.hotspot.jre.full.win32.x86_64_18.0.1.v20220515-1614\jre\bin\management_ext.dll
0x00007ffce7a20000 - 0x00007ffce7a37000 	C:\Windows\system32\napinsp.dll
0x00007ffce7a00000 - 0x00007ffce7a1b000 	C:\Windows\system32\pnrpnsp.dll
0x00007ffcf8260000 - 0x00007ffcf8275000 	C:\Windows\system32\wshbth.dll
0x00007ffcf8c50000 - 0x00007ffcf8c6d000 	C:\Windows\system32\NLAapi.dll
0x00007ffce7970000 - 0x00007ffce7982000 	C:\Windows\System32\winrnr.dll
0x00007ffcfd130000 - 0x00007ffcfd148000 	C:\Windows\SYSTEM32\CRYPTSP.dll
0x00007ffcfc860000 - 0x00007ffcfc894000 	C:\Windows\system32\rsaenh.dll
0x00007ffcfd720000 - 0x00007ffcfd74e000 	C:\Windows\SYSTEM32\USERENV.dll
0x00007ffcfd150000 - 0x00007ffcfd15c000 	C:\Windows\SYSTEM32\CRYPTBASE.dll
0x00007ffcf6080000 - 0x00007ffcf6097000 	C:\Windows\SYSTEM32\dhcpcsvc6.DLL
0x00007ffcf6060000 - 0x00007ffcf607d000 	C:\Windows\SYSTEM32\dhcpcsvc.DLL
0x00007ffcf8f70000 - 0x00007ffcf8f80000 	C:\Users\NicolasMarroquin\.p2\pool\plugins\org.eclipse.justj.openjdk.hotspot.jre.full.win32.x86_64_18.0.1.v20220515-1614\jre\bin\verify.dll
0x00007ffcf7fc0000 - 0x00007ffcf7fce000 	C:\Users\NicolasMarroquin\.p2\pool\plugins\org.eclipse.justj.openjdk.hotspot.jre.full.win32.x86_64_18.0.1.v20220515-1614\jre\bin\sunmscapi.dll
0x00007ffcfd960000 - 0x00007ffcfdab6000 	C:\Windows\System32\CRYPT32.dll
0x00007ffcfd270000 - 0x00007ffcfd297000 	C:\Windows\SYSTEM32\ncrypt.dll
0x00007ffcfd210000 - 0x00007ffcfd24b000 	C:\Windows\SYSTEM32\NTASN1.dll

dbghelp: loaded successfully - version: 4.0.5 - missing functions: none
symbol engine: initialized successfully - sym options: 0x614 - pdb path: .;C:\Users\NicolasMarroquin\.p2\pool\plugins\org.eclipse.justj.openjdk.hotspot.jre.full.win32.x86_64_18.0.1.v20220515-1614\jre\bin;C:\Windows\SYSTEM32;C:\Windows\WinSxS\amd64_microsoft.windows.common-controls_6595b64144ccf1df_6.0.19041.1110_none_60b5254171f9507e;C:\Program Files (x86)\Citrix\ICA Client;C:\Users\NicolasMarroquin\.p2\pool\plugins\org.eclipse.justj.openjdk.hotspot.jre.full.win32.x86_64_18.0.1.v20220515-1614\jre\bin\server

VM Arguments:
jvm_args: -XX:+ShowCodeDetailsInExceptionMessages -agentlib:jdwp=transport=dt_socket,suspend=y,address=localhost:6511 -Dcom.sun.management.jmxremote -Dcom.sun.management.jmxremote.port=6510 -Dcom.sun.management.jmxremote.authenticate=false -Dcom.sun.management.jmxremote.ssl=false -Djava.rmi.server.hostname=localhost -Dspring.jmx.enabled=true -Dspring.application.admin.enabled=true -XX:TieredStopAtLevel=1 -Dspring.boot.project.name=Mantenimientos -javaagent:C:\Users\NicolasMarroquin\eclipse\jee-2022-03\eclipse\configuration\org.eclipse.osgi\422\0\.cp\lib\javaagent-shaded.jar -Dfile.encoding=UTF-8 
java_command: co.edu.ucentral.mtto.MantenimientosApplication
java_class_path (initial): C:\Users\NicolasMarroquin\Desktop\Andres\Mantenimientos\target\classes;C:\Users\NicolasMarroquin\.m2\repository\org\springframework\boot\spring-boot-starter-data-jpa\2.6.6\spring-boot-starter-data-jpa-2.6.6.jar;C:\Users\NicolasMarroquin\.m2\repository\org\springframework\boot\spring-boot-starter-aop\2.6.6\spring-boot-starter-aop-2.6.6.jar;C:\Users\NicolasMarroquin\.m2\repository\org\aspectj\aspectjweaver\1.9.7\aspectjweaver-1.9.7.jar;C:\Users\NicolasMarroquin\.m2\repository\jakarta\transaction\jakarta.transaction-api\1.3.3\jakarta.transaction-api-1.3.3.jar;C:\Users\NicolasMarroquin\.m2\repository\jakarta\persistence\jakarta.persistence-api\2.2.3\jakarta.persistence-api-2.2.3.jar;C:\Users\NicolasMarroquin\.m2\repository\org\hibernate\hibernate-core\5.6.7.Final\hibernate-core-5.6.7.Final.jar;C:\Users\NicolasMarroquin\.m2\repository\antlr\antlr\2.7.7\antlr-2.7.7.jar;C:\Users\NicolasMarroquin\.m2\repository\org\springframework\data\spring-data-jpa\2.6.3\spring-data-jpa-2.6.3.jar;C:\Users\NicolasMarroquin\.m2\repository\org\springframework\data\spring-data-commons\2.6.3\spring-data-commons-2.6.3.jar;C:\Users\NicolasMarroquin\.m2\repository\org\springframework\spring-orm\5.3.18\spring-orm-5.3.18.jar;C:\Users\NicolasMarroquin\.m2\repository\org\springframework\spring-context\5.3.18\spring-context-5.3.18.jar;C:\Users\NicolasMarroquin\.m2\repository\org\springframework\spring-tx\5.3.18\spring-tx-5.3.18.jar;C:\Users\NicolasMarroquin\.m2\repository\org\springframework\spring-beans\5.3.18\spring-beans-5.3.18.jar;C:\Users\NicolasMarroquin\.m2\repository\org\springframework\spring-aspects\5.3.18\spring-aspects-5.3.18.jar;C:\Users\NicolasMarroquin\.m2\repository\org\springframework\boot\spring-boot-starter-validation\2.6.6\spring-boot-starter-validation-2.6.6.jar;C:\Users\NicolasMarroquin\.m2\repository\org\apache\tomcat\embed\tomcat-embed-el\9.0.60\tomcat-embed-el-9.0.60.jar;C:\Users\NicolasMarroquin\.m2\repository\org\hibernate\validator\hibernate-validator\6.2.3.Final\hibernate-validator-6.2.3.Final.jar;C:\Users\NicolasMarroquin\.m2\repository\jakarta\validation\jakarta.validation-api\2.0.2\jakarta.validation-api-2.0.2.jar;C:\Users\NicolasMarroquin\.m2\repository\org\springframework\boot\spring-boot-starter-thymeleaf\2.6.6\spring-boot-starter-thymeleaf-2.6.6.jar;C:\Users\NicolasMarroquin\.m2\repository\org\thymeleaf\thymeleaf-spring5\3.0.15.RELEASE\thymeleaf-spring5-3.0.15.RELEASE.jar;C:\Users\NicolasMarroquin\.m2\repository\org\thymeleaf\thymeleaf\3.0.15.RELEASE\thymeleaf-3.0.15.RELEASE.jar;C:\Users\NicolasMarroquin\.m2\repository\org\attoparser\attoparser\2.0.5.RELEASE\attoparser-2.0.5.RELEASE.jar;C:\Users\NicolasMarroquin\.m2\repository\org\unbescape\unbescape\1.1.6.RELEASE\unbescape-1.1.6.RELEASE.jar;C:\Users\NicolasMarroquin\.m2\repository\org\thymeleaf\extras\thymeleaf-extras-java8time\3.0.4.RELEASE\thymeleaf-extras-java8time-3.0.4.RELEASE.jar;C:\Users\NicolasMarroquin\.m2\repository\org\springframework\boot\spring-boot-starter-web\2.6.6\spring-boot-starter-web-2.6.6.jar;C:\Users\NicolasMarroquin\.m2\repository\org\springframework\boot\spring-boot-starter-json\2.6.6\spring-boot-starter-json-2.6.6.jar;C:\Users\NicolasMarroquin\.m2\repository\com\fasterxml\jackson\core\jackson-databind\2.13.2.2\jackson-databind-2.13.2.2.jar;C:\Users\NicolasMarroquin\.m2\repository\com\fasterxml\jackson\core\jackson-annotations\2.13.2\jackson-annotations-2.13.2.jar;C:\Users\NicolasMarroquin\.m2\repository\com\fasterxml\jackson\core\jackson-core\2.13.2\jackson-core-2.13.2.jar;C:\Users\NicolasMarroquin\.m2\repository\com\fasterxml\jackson\datatype\jackson-datatype-jdk8\2.13.2\jackson-datatype-jdk8-2.13.2.jar;C:\Users\NicolasMarroquin\.m2\repository\com\fasterxml\jackson\datatype\jackson-datatype-jsr310\2.13.2\jackson-datatype-jsr310-2.13.2.jar;C:\Users\NicolasMarroquin\.m2\repository\com\fasterxml\jackson\module\jackson-module-parameter-names\2.13.2\jackson-module-parameter-names-2.13.2.jar;C:\Users\NicolasMarroquin\.m2\repository\org\springframework\boot\spring-boot-starter-tomcat\2.6.6\spring-boot-starter-tomcat-2.6.6.jar;C:\Users\NicolasMarroquin\.m2\repository\org\apache\tomcat\embed\tomcat-embed-core\9.0.60\tomcat-embed-core-9.0.60.jar;C:\Users\NicolasMarroquin\.m2\repository\org\apache\tomcat\embed\tomcat-embed-websocket\9.0.60\tomcat-embed-websocket-9.0.60.jar;C:\Users\NicolasMarroquin\.m2\repository\org\springframework\spring-web\5.3.18\spring-web-5.3.18.jar;C:\Users\NicolasMarroquin\.m2\repository\org\springframework\spring-webmvc\5.3.18\spring-webmvc-5.3.18.jar;C:\Users\NicolasMarroquin\.m2\repository\org\springframework\spring-expression\5.3.18\spring-expression-5.3.18.jar;C:\Users\NicolasMarroquin\.m2\repository\org\springframework\boot\spring-boot-starter-jdbc\2.6.6\spring-boot-starter-jdbc-2.6.6.jar;C:\Users\NicolasMarroquin\.m2\repository\com\zaxxer\HikariCP\4.0.3\HikariCP-4.0.3.jar;C:\Users\NicolasMarroquin\.m2\repository\org\springframework\spring-jdbc\5.3.18\spring-jdbc-5.3.18.jar;C:\Users\NicolasMarroquin\.m2\repository\org\springframework\boot\spring-boot-devtools\2.6.6\spring-boot-devtools-2.6.6.jar;C:\Users\NicolasMarroquin\.m2\repository\org\springframework\boot\spring-boot\2.6.6\spring-boot-2.6.6.jar;C:\Users\NicolasMarroquin\.m2\repository\org\springframework\boot\spring-boot-autoconfigure\2.6.6\spring-boot-autoconfigure-2.6.6.jar;C:\Users\NicolasMarroquin\.m2\repository\jakarta\xml\bind\jakarta.xml.bind-api\2.3.3\jakarta.xml.bind-api-2.3.3.jar;C:\Users\NicolasMarroquin\.m2\repository\org\springframework\spring-core\5.3.18\spring-core-5.3.18.jar;C:\Users\NicolasMarroquin\.m2\repository\org\springframework\spring-jcl\5.3.18\spring-jcl-5.3.18.jar;C:\Users\NicolasMarroquin\.m2\repository\org\springframework\boot\spring-boot-starter\2.6.6\spring-boot-starter-2.6.6.jar;C:\Users\NicolasMarroquin\.m2\repository\org\springframework\boot\spring-boot-starter-logging\2.6.6\spring-boot-starter-logging-2.6.6.jar;C:\Users\NicolasMarroquin\.m2\repository\ch\qos\logback\logback-classic\1.2.11\logback-classic-1.2.11.jar;C:\Users\NicolasMarroquin\.m2\repository\ch\qos\logback\logback-core\1.2.11\logback-core-1.2.11.jar;C:\Users\NicolasMarroquin\.m2\repository\org\apache\logging\log4j\log4j-to-slf4j\2.17.2\log4j-to-slf4j-2.17.2.jar;C:\Users\NicolasMarroquin\.m2\repository\org\apache\logging\log4j\log4j-api\2.17.2\log4j-api-2.17.2.jar;C:\Users\NicolasMarroquin\.m2\repository\org\slf4j\jul-to-slf4j\1.7.36\jul-to-slf4j-1.7.36.jar;C:\Users\NicolasMarroquin\.m2\repository\jakarta\annotation\jakarta.annotation-api\1.3.5\jakarta.annotation-api-1.3.5.jar;C:\Users\NicolasMarroquin\.m2\repository\org\yaml\snakeyaml\1.29\snakeyaml-1.29.jar;C:\Users\NicolasMarroquin\.m2\repository\org\postgresql\postgresql\42.3.3\postgresql-42.3.3.jar;C:\Users\NicolasMarroquin\.m2\repository\org\checkerframework\checker-qual\3.5.0\checker-qual-3.5.0.jar;C:\Users\NicolasMarroquin\.m2\repository\mysql\mysql-connector-java\8.0.28\mysql-connector-java-8.0.28.jar;C:\Users\NicolasMarroquin\.m2\repository\org\springframework\boot\spring-boot-starter-security\2.6.6\spring-boot-starter-security-2.6.6.jar;C:\Users\NicolasMarroquin\.m2\repository\org\springframework\spring-aop\5.3.18\spring-aop-5.3.18.jar;C:\Users\NicolasMarroquin\.m2\repository\org\springframework\security\spring-security-config\5.6.2\spring-security-config-5.6.2.jar;C:\Users\NicolasMarroquin\.m2\repository\org\springframework\security\spring-security-core\5.6.2\spring-security-core-5.6.2.jar;C:\Users\NicolasMarroquin\.m2\repository\org\springframework\security\spring-security-crypto\5.6.2\spring-security-crypto-5.6.2.jar;C:\Users\NicolasMarroquin\.m2\repository\org\springframework\security\spring-security-web\5.6.2\spring-security-web-5.6.2.jar;C:\Users\NicolasMarroquin\.m2\repository\org\thymeleaf\extras\thymeleaf-extras-springsecurity5\3.0.4.RELEASE\thymeleaf-extras-springsecurity5-3.0.4.RELEASE.jar;C:\Users\NicolasMarroquin\.m2\repository\org\slf4j\slf4j-api\1.7.36\slf4j-api-1.7.36.jar;C:\Users\NicolasMarroquin\.m2\repository\joda-time\joda-time\2.10.14\joda-time-2.10.14.jar;C:\Users\NicolasMarroquin\.m2\repository\org\jboss\logging\jboss-logging\3.4.3.Final\jboss-logging-3.4.3.Final.jar;C:\Users\NicolasMarroquin\.m2\repository\org\jboss\jandex\2.4.2.Final\jandex-2.4.2.Final.jar;C:\Users\NicolasMarroquin\.m2\repository\com\fasterxml\classmate\1.5.1\classmate-1.5.1.jar;C:\Users\NicolasMarroquin\.m2\repository\org\hibernate\common\hibernate-commons-annotations\6.0.0.CR1\hibernate-commons-annotations-6.0.0.CR1.jar;C:\Users\NicolasMarroquin\.m2\repository\net\bytebuddy\byte-buddy\1.11.22\byte-buddy-1.11.22.jar;C:\Users\NicolasMarroquin\.m2\repository\jakarta\activation\jakarta.activation-api\1.2.2\jakarta.activation-api-1.2.2.jar;C:\Users\NicolasMarroquin\.m2\repository\org\glassfish\jaxb\jaxb-runtime\2.3.6\jaxb-runtime-2.3.6.jar;C:\Users\NicolasMarroquin\.m2\repository\org\glassfish\jaxb\txw2\2.3.6\txw2-2.3.6.jar;C:\Users\NicolasMarroquin\.m2\repository\com\sun\istack\istack-commons-runtime\3.0.12\istack-commons-runtime-3.0.12.jar;C:\Users\NicolasMarroquin\.m2\repository\com\sun\activation\jakarta.activation\1.2.2\jakarta.activation-1.2.2.jar;C:\Users\NicolasMarroquin\.m2\repository\jakarta\inject\jakarta.inject-api\2.0.0\jakarta.inject-api-2.0.0.jar;C:\Users\NicolasMarroquin\.m2\repository\org\antlr\antlr4-runtime\4.9.1\antlr4-runtime-4.9.1.jar
Launcher Type: SUN_STANDARD

[Global flags]
     intx CICompilerCount                          = 3                                         {product} {ergonomic}
     uint ConcGCThreads                            = 2                                         {product} {ergonomic}
     uint G1ConcRefinementThreads                  = 6                                         {product} {ergonomic}
   size_t G1HeapRegionSize                         = 2097152                                   {product} {ergonomic}
    uintx GCDrainStackTargetSize                   = 64                                        {product} {ergonomic}
   size_t InitialHeapSize                          = 266338304                                 {product} {ergonomic}
     bool ManagementServer                         = true                                      {product} {command line}
   size_t MarkStackSize                            = 4194304                                   {product} {ergonomic}
   size_t MaxHeapSize                              = 4261412864                                {product} {ergonomic}
   size_t MaxNewSize                               = 2556428288                                {product} {ergonomic}
   size_t MinHeapDeltaBytes                        = 2097152                                   {product} {ergonomic}
   size_t MinHeapSize                              = 8388608                                   {product} {ergonomic}
    uintx NonProfiledCodeHeapSize                  = 0                                      {pd product} {ergonomic}
     bool ProfileInterpreter                       = false                                  {pd product} {command line}
    uintx ProfiledCodeHeapSize                     = 0                                      {pd product} {ergonomic}
     bool ShowCodeDetailsInExceptionMessages       = true                                   {manageable} {command line}
   size_t SoftMaxHeapSize                          = 4261412864                             {manageable} {ergonomic}
     intx TieredStopAtLevel                        = 1                                         {product} {command line}
     bool UseCompressedClassPointers               = true                           {product lp64_product} {ergonomic}
     bool UseCompressedOops                        = true                           {product lp64_product} {ergonomic}
     bool UseG1GC                                  = true                                      {product} {ergonomic}
     bool UseLargePagesIndividualAllocation        = false                                  {pd product} {ergonomic}

Logging:
Log output configuration:
 #0: stdout all=warning uptime,level,tags foldmultilines=false
 #1: stderr all=off uptime,level,tags foldmultilines=false

Environment Variables:
JAVA_HOME=C:\Program Files\Java\jdk1.8.0_202
PATH=C:\Users\NicolasMarroquin\.p2\pool\plugins\org.eclipse.justj.openjdk.hotspot.jre.full.win32.x86_64_18.0.1.v20220515-1614\jre\bin;C:/Users/NicolasMarroquin/.p2/pool/plugins/org.eclipse.justj.openjdk.hotspot.jre.full.win32.x86_64_18.0.1.v20220515-1614/jre/bin/server;C:/Users/NicolasMarroquin/.p2/pool/plugins/org.eclipse.justj.openjdk.hotspot.jre.full.win32.x86_64_18.0.1.v20220515-1614/jre/bin;C:\Program Files (x86)\Common Files\Oracle\Java\javapath;C:\Windows\system32;C:\Windows;C:\Windows\System32\Wbem;C:\Windows\System32\WindowsPowerShell\v1.0\;C:\Windows\System32\OpenSSH\;C:\Program Files\Git\cmd;C:\apache-maven-3.6.3\bin;C:\Program Files\nodejs\;C:\Program Files\Java\jdk1.8.0_202\bin;C:\Program Files\Java\jdk1.8.0_202\jre\bin;C:\Program Files\MySQL\MySQL Shell 8.0\bin\;C:\Users\NicolasMarroquin\AppData\Local\Microsoft\WindowsApps;C:\Users\NicolasMarroquin\AppData\Local\GitHubDesktop\bin;C:\Users\NicolasMarroquin\AppData\Local\Programs\Microsoft VS Code\bin;C:\Users\NicolasMarroquin\AppData\Roaming\npm;C:\Program Files (x86)\Nmap;C:\Users\NicolasMarroquin\Desktop;
USERNAME=NicolasMarroquin
OS=Windows_NT
PROCESSOR_IDENTIFIER=Intel64 Family 6 Model 158 Stepping 13, GenuineIntel



---------------  S Y S T E M  ---------------

OS:
 Windows 10 , 64 bit Build 19041 (10.0.19041.1706)
OS uptime: 1 days 0:31 hours

CPU: total 6 (initial active 6) (6 cores per cpu, 1 threads per core) family 6 model 158 stepping 13 microcode 0xca, cx8, cmov, fxsr, mmx, 3dnowpref, sse, sse2, sse3, ssse3, sse4.1, sse4.2, popcnt, lzcnt, tsc, tscinvbit, avx, avx2, aes, erms, clmul, bmi1, bmi2, adx, fma, vzeroupper, clflush, clflushopt

Memory: 4k page, system-wide physical 16255M (6903M free)
TotalPageFile size 18687M (AvailPageFile size 5582M)
current process WorkingSet (physical memory assigned to process): 270M, peak: 306M
current process commit charge ("private bytes"): 307M, peak: 362M

vm_info: OpenJDK 64-Bit Server VM (18.0.1+10) for windows-amd64 JRE (18.0.1+10), built on Apr 20 2022 05:04:48 by "" with MS VC++ 16.7 (VS2019)

END.
